[2017-10-09 16:29:23.783] [INFO] default - =====退款======
[2017-10-09 16:29:23.787] [INFO] default - [UMF SDK] 商户请求数据必填字段校验通过
[2017-10-09 16:29:23.788] [INFO] default - 【UMF SDK】签名原始数据:plain=
[2017-10-09 16:29:23.789] [INFO] default - { charset: 'UTF-8',
  sign_type: 'RSA',
  res_format: 'HTML',
  version: '4.0',
  mer_id: '60000100',
  service: 'pre_auth_direct_refund',
  mer_date: '20170930',
  order_id: '201709301417',
  refund_no: '1',
  refund_amount: '1',
  org_amount: '1' }
[2017-10-09 16:29:23.792] [ERROR] default - TypeError: path must be a string or Buffer
    at TypeError (native)
    at Object.fs.openSync (fs.js:641:18)
    at Object.fs.readFileSync (fs.js:509:33)
    at SignUtil.sign (/Users/MYFILE/Documents/Cuilijuan/UMF_Server_SDK_Nodejs/lib/utils/SignUtil.js:35:33)
    at getPlainAndCheckRule (/Users/MYFILE/Documents/Cuilijuan/UMF_Server_SDK_Nodejs/lib/utils/PlainUtil.js:74:30)
    at Object.exports.getPlainMap (/Users/MYFILE/Documents/Cuilijuan/UMF_Server_SDK_Nodejs/lib/utils/PlainUtil.js:33:22)
    at umfService.generalRefundMap (/Users/MYFILE/Documents/Cuilijuan/UMF_Server_SDK_Nodejs/lib/service/umfService.js:268:33)
    at TestMer2Umf.prepareRefund (/Users/MYFILE/Documents/Cuilijuan/UMF_Server_SDK_Nodejs/example/TestMer2Umf.js:312:20)
    at Object.<anonymous> (/Users/MYFILE/Documents/Cuilijuan/UMF_Server_SDK_Nodejs/example/TestMer2Umf.js:34:13)
    at Module._compile (module.js:570:32)
[2017-10-09 16:29:23.812] [INFO] default - [UMF SDK] 商户请求校验规则正确
[2017-10-09 16:29:23.813] [INFO] default - [UMF SDK] 商户请求返回的map为:
[2017-10-09 16:29:23.813] [INFO] default - undefined
[2017-10-09 16:29:23.814] [DEBUG] default - 网络请求的参数为：
[2017-10-09 16:29:23.814] [DEBUG] default - 
[2017-10-09 16:29:24.953] [INFO] default - Status: 200
[2017-10-09 16:31:38.234] [INFO] default - =====退款======
[2017-10-09 16:31:38.239] [INFO] default - [UMF SDK] 商户请求数据必填字段校验通过
[2017-10-09 16:31:38.240] [INFO] default - 【UMF SDK】签名原始数据:plain=
[2017-10-09 16:31:38.241] [INFO] default - { charset: 'UTF-8',
  sign_type: 'RSA',
  res_format: 'HTML',
  version: '4.0',
  mer_id: '60000100',
  service: 'pre_auth_direct_refund',
  mer_date: '20170930',
  order_id: '201709301417',
  refund_no: '1',
  refund_amount: '1',
  org_amount: '1' }
[2017-10-09 16:31:38.245] [ERROR] default - TypeError: path must be a string or Buffer
    at TypeError (native)
    at Object.fs.openSync (fs.js:641:18)
    at Object.fs.readFileSync (fs.js:509:33)
    at SignUtil.sign (/Users/MYFILE/Documents/Cuilijuan/UMF_Server_SDK_Nodejs/lib/utils/SignUtil.js:35:33)
    at getPlainAndCheckRule (/Users/MYFILE/Documents/Cuilijuan/UMF_Server_SDK_Nodejs/lib/utils/PlainUtil.js:74:30)
    at Object.exports.getPlainMap (/Users/MYFILE/Documents/Cuilijuan/UMF_Server_SDK_Nodejs/lib/utils/PlainUtil.js:33:22)
    at umfService.generalRefundMap (/Users/MYFILE/Documents/Cuilijuan/UMF_Server_SDK_Nodejs/lib/service/umfService.js:268:33)
    at TestMer2Umf.prepareRefund (/Users/MYFILE/Documents/Cuilijuan/UMF_Server_SDK_Nodejs/example/TestMer2Umf.js:312:20)
    at Object.<anonymous> (/Users/MYFILE/Documents/Cuilijuan/UMF_Server_SDK_Nodejs/example/TestMer2Umf.js:34:13)
    at Module._compile (module.js:570:32)
[2017-10-09 16:31:38.251] [INFO] default - [UMF SDK] 商户请求校验规则正确
[2017-10-09 16:31:38.252] [INFO] default - [UMF SDK] 商户请求返回的map为:
[2017-10-09 16:31:38.252] [INFO] default - undefined
[2017-10-09 16:31:38.252] [DEBUG] default - 网络请求的参数为：
[2017-10-09 16:31:38.252] [DEBUG] default - 
[2017-10-09 16:31:38.393] [INFO] default - Status: 200
[2017-10-09 16:32:58.016] [INFO] default - =====退款======
[2017-10-09 16:32:58.020] [INFO] default - [UMF SDK] 商户请求数据必填字段校验通过
[2017-10-09 16:32:58.022] [INFO] default - 【UMF SDK】签名原始数据:plain=
[2017-10-09 16:32:58.022] [INFO] default - { charset: 'UTF-8',
  sign_type: 'RSA',
  res_format: 'HTML',
  version: '4.0',
  mer_id: '60000100',
  service: 'pre_auth_direct_refund',
  mer_date: '20170930',
  order_id: '201709301417',
  refund_no: '1',
  refund_amount: '1',
  org_amount: '1' }
[2017-10-09 16:32:58.028] [INFO] default - [UMF SDK] 商户请求校验规则正确
[2017-10-09 16:32:58.028] [INFO] default - [UMF SDK] 商户请求返回的map为:
[2017-10-09 16:32:58.028] [INFO] default - { charset: 'UTF-8',
  res_format: 'HTML',
  version: '4.0',
  mer_id: '60000100',
  service: 'pre_auth_direct_refund',
  mer_date: '20170930',
  order_id: '201709301417',
  refund_no: '1',
  refund_amount: '1',
  org_amount: '1',
  sign_type: 'RSA',
  sign: 'NR1zOSwgCYMNAlebp2WCeekISUn2Ac//q6prF+PAjNJnV2PPAQkF+Kb+QUi2zexneSGOH3GT4DBU7hLCDR2eV2y5cmRAAyTCcpXYtkQ2kaVQO+gLeujZ3DXJmWDUcQd0b52LWeuswR5TAkOYht3nQQdgldub69XfHIGByEGuuTw=' }
[2017-10-09 16:32:58.029] [DEBUG] default - 网络请求的参数为：
[2017-10-09 16:32:58.030] [DEBUG] default - charset=UTF-8&res_format=HTML&version=4.0&mer_id=60000100&service=pre_auth_direct_refund&mer_date=20170930&order_id=201709301417&refund_no=1&refund_amount=1&org_amount=1&sign_type=RSA&sign=NR1zOSwgCYMNAlebp2WCeekISUn2Ac%2F%2Fq6prF%2BPAjNJnV2PPAQkF%2BKb%2BQUi2zexneSGOH3GT4DBU7hLCDR2eV2y5cmRAAyTCcpXYtkQ2kaVQO%2BgLeujZ3DXJmWDUcQd0b52LWeuswR5TAkOYht3nQQdgldub69XfHIGByEGuuTw%3D
[2017-10-09 16:32:58.244] [INFO] default - Status: 200
[2017-10-09 16:32:58.246] [INFO] default - headers: {"server":"nginx","date":"Mon, 09 Oct 2017 08:32:58 GMT","content-type":"text/html; charset=UTF-8","transfer-encoding":"chunked","connection":"close","vary":"Accept-Encoding","cache-control":"no-cache","content-language":"zh-CN","expires":"Thu, 01 Dec 1994 16:00:00 GMT","set-cookie":["JSESSIONID=dcb2Yx7qHFtdy5ukara8v; path=/"]}
[2017-10-09 16:32:58.252] [INFO] default - 网络请求返回的数据：
 
<!DOCTYPE HTML PUBLIC "-//W3C//DTD HTML 4.01 Transitional//EN">
<html>
  <head>
	<META NAME="MobilePayPlatform" CONTENT="mer_id=60000100&order_id=201709301417&org_amount=1&refund_amount=1&refund_no=1&refund_state=&ret_code=00200078&ret_msg=支付订单不存在&sign_type=RSA&version=4.0&sign=cOzFL7exZTRk4J9eDf7jkv/tNHchWJPDqCCMEXan+zfJaIJ9dh5J9L+otG/mbkkNGAfsshb6m7PCwdiuQAYvuZK14pxcFQGqtmC95ineC6PbAHmEvaxgRtW6m5/qAnaffbKCJc2WBARicSKDmGVtpkvVHoiHJWmS+1PZ/aLCXdU=">
  </head>
  <body>
  </body>
</html>
[2017-10-09 16:32:58.252] [INFO] default - responseMap === 
[2017-10-09 16:32:58.253] [INFO] default - { mer_id: '60000100',
  order_id: '201709301417',
  org_amount: '1',
  refund_amount: '1',
  refund_no: '1',
  refund_state: '',
  ret_code: '00200078',
  ret_msg: '支付订单不存在',
  sign_type: 'RSA',
  version: '4.0',
  sign: 'cOzFL7exZTRk4J9eDf7jkv/tNHchWJPDqCCMEXan+zfJaIJ9dh5J9L+otG/mbkkNGAfsshb6m7PCwdiuQAYvuZK14pxcFQGqtmC95ineC6PbAHmEvaxgRtW6m5/qAnaffbKCJc2WBARicSKDmGVtpkvVHoiHJWmS+1PZ/aLCXdU=' }
[2017-10-09 16:32:58.308] [INFO] default - 验签通过
[2017-10-09 16:34:25.865] [INFO] default - =====退款======
[2017-10-09 16:34:25.868] [INFO] default - [UMF SDK] 商户请求数据必填字段校验通过
[2017-10-09 16:34:25.869] [INFO] default - 【UMF SDK】签名原始数据:plain=
[2017-10-09 16:34:25.870] [INFO] default - { charset: 'UTF-8',
  sign_type: 'RSA',
  res_format: 'HTML',
  version: '4.0',
  mer_id: '60000100',
  service: 'pre_auth_direct_refund',
  mer_date: '20170930',
  order_id: '201709301417',
  refund_no: '1',
  refund_amount: '1',
  org_amount: '1' }
[2017-10-09 16:34:25.873] [INFO] default - [UMF SDK] 商户请求校验规则正确
[2017-10-09 16:34:25.873] [INFO] default - [UMF SDK] 商户请求返回的map为:
[2017-10-09 16:34:25.874] [INFO] default - { charset: 'UTF-8',
  res_format: 'HTML',
  version: '4.0',
  mer_id: '60000100',
  service: 'pre_auth_direct_refund',
  mer_date: '20170930',
  order_id: '201709301417',
  refund_no: '1',
  refund_amount: '1',
  org_amount: '1',
  sign_type: 'RSA',
  sign: 'NR1zOSwgCYMNAlebp2WCeekISUn2Ac//q6prF+PAjNJnV2PPAQkF+Kb+QUi2zexneSGOH3GT4DBU7hLCDR2eV2y5cmRAAyTCcpXYtkQ2kaVQO+gLeujZ3DXJmWDUcQd0b52LWeuswR5TAkOYht3nQQdgldub69XfHIGByEGuuTw=' }
[2017-10-09 16:34:25.875] [DEBUG] default - 网络请求的参数为：
[2017-10-09 16:34:25.875] [DEBUG] default - charset=UTF-8&res_format=HTML&version=4.0&mer_id=60000100&service=pre_auth_direct_refund&mer_date=20170930&order_id=201709301417&refund_no=1&refund_amount=1&org_amount=1&sign_type=RSA&sign=NR1zOSwgCYMNAlebp2WCeekISUn2Ac%2F%2Fq6prF%2BPAjNJnV2PPAQkF%2BKb%2BQUi2zexneSGOH3GT4DBU7hLCDR2eV2y5cmRAAyTCcpXYtkQ2kaVQO%2BgLeujZ3DXJmWDUcQd0b52LWeuswR5TAkOYht3nQQdgldub69XfHIGByEGuuTw%3D
[2017-10-09 16:34:26.011] [INFO] default - Status: 200
[2017-10-09 16:34:26.012] [INFO] default - headers: {"server":"nginx","date":"Mon, 09 Oct 2017 08:34:25 GMT","content-type":"text/html; charset=UTF-8","transfer-encoding":"chunked","connection":"close","vary":"Accept-Encoding","cache-control":"no-cache","content-language":"zh-CN","expires":"Thu, 01 Dec 1994 16:00:00 GMT","set-cookie":["JSESSIONID=cdaGvhBWUyg856BJvra8v; path=/"]}
[2017-10-09 16:34:26.014] [INFO] default - 网络请求返回的数据：
 
<!DOCTYPE HTML PUBLIC "-//W3C//DTD HTML 4.01 Transitional//EN">
<html>
  <head>
	<META NAME="MobilePayPlatform" CONTENT="mer_id=60000100&order_id=201709301417&org_amount=1&refund_amount=1&refund_no=1&refund_state=&ret_code=00200078&ret_msg=支付订单不存在&sign_type=RSA&version=4.0&sign=cOzFL7exZTRk4J9eDf7jkv/tNHchWJPDqCCMEXan+zfJaIJ9dh5J9L+otG/mbkkNGAfsshb6m7PCwdiuQAYvuZK14pxcFQGqtmC95ineC6PbAHmEvaxgRtW6m5/qAnaffbKCJc2WBARicSKDmGVtpkvVHoiHJWmS+1PZ/aLCXdU=">
  </head>
  <body>
  </body>
</html>
[2017-10-09 16:34:26.014] [INFO] default - responseMap === 
[2017-10-09 16:34:26.015] [INFO] default - { mer_id: '60000100',
  order_id: '201709301417',
  org_amount: '1',
  refund_amount: '1',
  refund_no: '1',
  refund_state: '',
  ret_code: '00200078',
  ret_msg: '支付订单不存在',
  sign_type: 'RSA',
  version: '4.0',
  sign: 'cOzFL7exZTRk4J9eDf7jkv/tNHchWJPDqCCMEXan+zfJaIJ9dh5J9L+otG/mbkkNGAfsshb6m7PCwdiuQAYvuZK14pxcFQGqtmC95ineC6PbAHmEvaxgRtW6m5/qAnaffbKCJc2WBARicSKDmGVtpkvVHoiHJWmS+1PZ/aLCXdU=' }
[2017-10-09 16:34:26.042] [INFO] default - 验签通过
[2017-10-09 16:34:46.930] [INFO] default - =====退款======
[2017-10-09 16:34:46.936] [INFO] default - [UMF SDK] 商户请求数据必填字段校验通过
[2017-10-09 16:34:46.939] [INFO] default - 【UMF SDK】签名原始数据:plain=
[2017-10-09 16:34:46.940] [INFO] default - { charset: 'UTF-8',
  sign_type: 'RSA',
  res_format: 'HTML',
  version: '4.0',
  mer_id: '60000100',
  service: 'pre_auth_direct_refund',
  mer_date: '20170930',
  order_id: '201709301417',
  refund_no: '1',
  refund_amount: '1',
  org_amount: '1' }
[2017-10-09 16:34:46.973] [INFO] default - [UMF SDK] 商户请求校验规则正确
[2017-10-09 16:34:46.973] [INFO] default - [UMF SDK] 商户请求返回的map为:
[2017-10-09 16:34:46.973] [INFO] default - { charset: 'UTF-8',
  res_format: 'HTML',
  version: '4.0',
  mer_id: '60000100',
  service: 'pre_auth_direct_refund',
  mer_date: '20170930',
  order_id: '201709301417',
  refund_no: '1',
  refund_amount: '1',
  org_amount: '1',
  sign_type: 'RSA',
  sign: 'NR1zOSwgCYMNAlebp2WCeekISUn2Ac//q6prF+PAjNJnV2PPAQkF+Kb+QUi2zexneSGOH3GT4DBU7hLCDR2eV2y5cmRAAyTCcpXYtkQ2kaVQO+gLeujZ3DXJmWDUcQd0b52LWeuswR5TAkOYht3nQQdgldub69XfHIGByEGuuTw=' }
[2017-10-09 16:34:46.976] [DEBUG] default - 网络请求的参数为：
[2017-10-09 16:34:46.977] [DEBUG] default - charset=UTF-8&res_format=HTML&version=4.0&mer_id=60000100&service=pre_auth_direct_refund&mer_date=20170930&order_id=201709301417&refund_no=1&refund_amount=1&org_amount=1&sign_type=RSA&sign=NR1zOSwgCYMNAlebp2WCeekISUn2Ac%2F%2Fq6prF%2BPAjNJnV2PPAQkF%2BKb%2BQUi2zexneSGOH3GT4DBU7hLCDR2eV2y5cmRAAyTCcpXYtkQ2kaVQO%2BgLeujZ3DXJmWDUcQd0b52LWeuswR5TAkOYht3nQQdgldub69XfHIGByEGuuTw%3D
[2017-10-09 16:34:47.234] [INFO] default - Status: 200
[2017-10-09 16:34:47.236] [INFO] default - headers: {"server":"nginx","date":"Mon, 09 Oct 2017 08:34:47 GMT","content-type":"text/html; charset=UTF-8","transfer-encoding":"chunked","connection":"close","vary":"Accept-Encoding","cache-control":"no-cache","content-language":"zh-CN","expires":"Thu, 01 Dec 1994 16:00:00 GMT","set-cookie":["JSESSIONID=dbcimpuqWfZCp-0XAra8v; path=/"]}
[2017-10-09 16:34:47.246] [INFO] default - 网络请求返回的数据：
 
<!DOCTYPE HTML PUBLIC "-//W3C//DTD HTML 4.01 Transitional//EN">
<html>
  <head>
	<META NAME="MobilePayPlatform" CONTENT="mer_id=60000100&order_id=201709301417&org_amount=1&refund_amount=1&refund_no=1&refund_state=&ret_code=00200078&ret_msg=支付订单不存在&sign_type=RSA&version=4.0&sign=cOzFL7exZTRk4J9eDf7jkv/tNHchWJPDqCCMEXan+zfJaIJ9dh5J9L+otG/mbkkNGAfsshb6m7PCwdiuQAYvuZK14pxcFQGqtmC95ineC6PbAHmEvaxgRtW6m5/qAnaffbKCJc2WBARicSKDmGVtpkvVHoiHJWmS+1PZ/aLCXdU=">
  </head>
  <body>
  </body>
</html>
[2017-10-09 16:34:47.247] [INFO] default - responseMap === 
[2017-10-09 16:34:47.253] [INFO] default - { mer_id: '60000100',
  order_id: '201709301417',
  org_amount: '1',
  refund_amount: '1',
  refund_no: '1',
  refund_state: '',
  ret_code: '00200078',
  ret_msg: '支付订单不存在',
  sign_type: 'RSA',
  version: '4.0',
  sign: 'cOzFL7exZTRk4J9eDf7jkv/tNHchWJPDqCCMEXan+zfJaIJ9dh5J9L+otG/mbkkNGAfsshb6m7PCwdiuQAYvuZK14pxcFQGqtmC95ineC6PbAHmEvaxgRtW6m5/qAnaffbKCJc2WBARicSKDmGVtpkvVHoiHJWmS+1PZ/aLCXdU=' }
[2017-10-09 16:34:47.391] [INFO] default - 验签通过
[2017-10-09 16:35:18.552] [INFO] default - =====APP付款下单======
[2017-10-09 16:35:18.556] [INFO] default - [UMF SDK] 商户请求数据必填字段校验通过
[2017-10-09 16:35:18.557] [INFO] default - 【UMF SDK】签名原始数据:plain=
[2017-10-09 16:35:18.557] [INFO] default - { charset: 'UTF-8',
  sign_type: 'RSA',
  res_format: 'HTML',
  version: '4.0',
  mer_id: '60000100',
  service: 'pay_req',
  amt_type: 'RMB',
  notify_url: 'http://xxx.xxx.com',
  ret_url: 'http://xxx.xxx.com',
  order_id: '201710091635',
  mer_date: '20171009',
  amount: '1',
  goods_id: '',
  goods_inf: '商品描述',
  media_id: '',
  mer_priv: '',
  expand: '',
  user_ip: '' }
[2017-10-09 16:35:18.561] [INFO] default - [UMF SDK] 商户请求校验规则正确
[2017-10-09 16:35:18.562] [INFO] default - [UMF SDK] 商户请求返回的map为:
[2017-10-09 16:35:18.562] [INFO] default - { charset: 'UTF-8',
  res_format: 'HTML',
  version: '4.0',
  mer_id: '60000100',
  service: 'pay_req',
  amt_type: 'RMB',
  notify_url: 'http://xxx.xxx.com',
  ret_url: 'http://xxx.xxx.com',
  order_id: '201710091635',
  mer_date: '20171009',
  amount: '1',
  goods_id: '',
  goods_inf: '商品描述',
  media_id: '',
  mer_priv: '',
  expand: '',
  user_ip: '',
  sign_type: 'RSA',
  sign: 'ezvUQ1Y2kux1o+fVa9re0Q+bhQEnkDVDIbxQAjCwOk+rWM6YW6d7tgkmQ9ZWKWerpZA0a7aTQ8X1QExMozdmnuIXUCEhhUdCv2JcOJ5OarB8u7creMaouvqK/Ja4A4/Arh7VWgL48HsT3bNTsGZBAp+S51qdtM1R3lX5Rrb/I3I=' }
[2017-10-09 16:35:18.564] [DEBUG] default - 网络请求的参数为：
[2017-10-09 16:35:18.564] [DEBUG] default - charset=UTF-8&res_format=HTML&version=4.0&mer_id=60000100&service=pay_req&amt_type=RMB&notify_url=http%3A%2F%2Fxxx.xxx.com&ret_url=http%3A%2F%2Fxxx.xxx.com&order_id=201710091635&mer_date=20171009&amount=1&goods_id=&goods_inf=%E5%95%86%E5%93%81%E6%8F%8F%E8%BF%B0&media_id=&mer_priv=&expand=&user_ip=&sign_type=RSA&sign=ezvUQ1Y2kux1o%2BfVa9re0Q%2BbhQEnkDVDIbxQAjCwOk%2BrWM6YW6d7tgkmQ9ZWKWerpZA0a7aTQ8X1QExMozdmnuIXUCEhhUdCv2JcOJ5OarB8u7creMaouvqK%2FJa4A4%2FArh7VWgL48HsT3bNTsGZBAp%2BS51qdtM1R3lX5Rrb%2FI3I%3D
[2017-10-09 16:35:18.670] [INFO] default - Status: 200
[2017-10-09 16:35:18.671] [INFO] default - headers: {"server":"nginx","date":"Mon, 09 Oct 2017 08:35:18 GMT","content-type":"text/html; charset=UTF-8","transfer-encoding":"chunked","connection":"close","vary":"Accept-Encoding","cache-control":"no-cache","content-language":"zh-CN","expires":"Thu, 01 Dec 1994 16:00:00 GMT","set-cookie":["JSESSIONID=dbaw8KXKH2ScP4iEIra8v; path=/"]}
[2017-10-09 16:35:18.674] [INFO] default - 网络请求返回的数据：
 
<!DOCTYPE HTML PUBLIC "-//W3C//DTD HTML 4.01 Transitional//EN">
<html>
  <head>
	<META NAME="MobilePayPlatform" CONTENT="mer_date=20171009&mer_id=60000100&order_id=201710091635&ret_code=0000&ret_msg=操作成功&sign_type=RSA&token=125880656496081&trade_no=3710091635894651&trade_state=WAIT_BUYER_PAY&version=4.0&sign=fW8gUbZ2pWtiE37lgK3Qvhz88J77LBmpdUloFSsi9BEACMxZNVtZf+U9BPr6qZy6V+4xU+pqnbJULrw2GvJ51O8GxqnY4TzylmDeah8sfhlfCo8hzTcsC/jlDH79hvbc5EXxf4aJqi0J68y46zh/hjjFqhTSG/hq+TU8nr0suTI=">
  </head>
  <body>
  </body>
</html>
[2017-10-09 16:35:18.674] [INFO] default - responseMap === 
[2017-10-09 16:35:18.676] [INFO] default - { mer_date: '20171009',
  mer_id: '60000100',
  order_id: '201710091635',
  ret_code: '0000',
  ret_msg: '操作成功',
  sign_type: 'RSA',
  token: '125880656496081',
  trade_no: '3710091635894651',
  trade_state: 'WAIT_BUYER_PAY',
  version: '4.0',
  sign: 'fW8gUbZ2pWtiE37lgK3Qvhz88J77LBmpdUloFSsi9BEACMxZNVtZf+U9BPr6qZy6V+4xU+pqnbJULrw2GvJ51O8GxqnY4TzylmDeah8sfhlfCo8hzTcsC/jlDH79hvbc5EXxf4aJqi0J68y46zh/hjjFqhTSG/hq+TU8nr0suTI=' }
[2017-10-09 16:35:18.696] [INFO] default - 验签通过
[2017-10-09 16:52:52.295] [INFO] default - =====借记卡实名认证方法======
[2017-10-09 16:52:52.299] [INFO] default - [UMF SDK] 商户请求数据必填字段校验通过
[2017-10-09 16:52:52.326] [INFO] default - 【UMF SDK】签名原始数据:plain=
[2017-10-09 16:52:52.327] [INFO] default - { charset: 'UTF-8',
  sign_type: 'RSA',
  res_format: 'HTML',
  version: '1.0',
  mer_id: '60000100',
  service: 'comm_auth',
  auth_type: '1',
  auth_mode: '0',
  identity_type: '1',
  order_id: '201710091652',
  bank_account: 'LeKBPM19xwQQSyHp/p0zRXPgZ2v70H7cTOwrmoL1L8QwvL39eCE8ViXvApIr1MZsMKfQKFXSMEnQahk4L/NJb4+niB2k3FCkpVD2YHfHOjco/U1ncBh5X4UsHGoOiktkRLMgMvbdqmr63znu73pdK1/hysSwK35g0+UBdhmFDnY=',
  account_name: 'sQ+8NiIkJQvyD82kKxXcTlZOCASEjZMUu+2Hn/jc4JpGjn76ZbCvOH0ksxDnrNRb6uPHYl998Y39AkIHW373kEaAPXwCqi4A7LmXljXrMd/pnNj+5Ry7Gb8qm8rL9XP60WiwQkb1+OrbVrkOMinIHdxeYvmLAjlK2P4oNyw3DXw=',
  identity_code: 'JQ5Qcky0IcA4MYgyVghGx3ot7AcjRJM/WjB+bOIyPUYDUTUJt5WOq5PBjZcofi2e2Ajys55SF/aTDQ8TOjtHTZxAI//xjW8b1pe9eAWryi2fKE3lgyBNxyF2MmmMeFZ2F8nEkdYRal43cEdOxP8l+CYwDP/CAoZs5EdH1ir8az4=',
  mobile_id: '15801365941' }
[2017-10-09 16:52:52.330] [INFO] default - [UMF SDK] 商户请求校验规则正确
[2017-10-09 16:52:52.330] [INFO] default - [UMF SDK] 商户请求返回的map为:
[2017-10-09 16:52:52.330] [INFO] default - { charset: 'UTF-8',
  res_format: 'HTML',
  version: '1.0',
  mer_id: '60000100',
  service: 'comm_auth',
  auth_type: '1',
  auth_mode: '0',
  identity_type: '1',
  order_id: '201710091652',
  bank_account: 'LeKBPM19xwQQSyHp/p0zRXPgZ2v70H7cTOwrmoL1L8QwvL39eCE8ViXvApIr1MZsMKfQKFXSMEnQahk4L/NJb4+niB2k3FCkpVD2YHfHOjco/U1ncBh5X4UsHGoOiktkRLMgMvbdqmr63znu73pdK1/hysSwK35g0+UBdhmFDnY=',
  account_name: 'sQ+8NiIkJQvyD82kKxXcTlZOCASEjZMUu+2Hn/jc4JpGjn76ZbCvOH0ksxDnrNRb6uPHYl998Y39AkIHW373kEaAPXwCqi4A7LmXljXrMd/pnNj+5Ry7Gb8qm8rL9XP60WiwQkb1+OrbVrkOMinIHdxeYvmLAjlK2P4oNyw3DXw=',
  identity_code: 'JQ5Qcky0IcA4MYgyVghGx3ot7AcjRJM/WjB+bOIyPUYDUTUJt5WOq5PBjZcofi2e2Ajys55SF/aTDQ8TOjtHTZxAI//xjW8b1pe9eAWryi2fKE3lgyBNxyF2MmmMeFZ2F8nEkdYRal43cEdOxP8l+CYwDP/CAoZs5EdH1ir8az4=',
  mobile_id: '15801365941',
  sign_type: 'RSA',
  sign: 'qAGys+zsDZoOsRU3gtRTustNIHO/INKXDAembxuLr2AHFI5+cmjWrw5sPHSCoCAwdc5vZd2bqGOK8Q8hiINHtBZL5VqvKkyQixW+PafRc2CiuY2qcg/r8WRyzyXAbgsq9Ub/2UcLV2VKdOA+vm2g26g+kL1lu9r+d7HWJOz4/Vk=' }
[2017-10-09 16:52:52.332] [DEBUG] default - 网络请求的参数为：
[2017-10-09 16:52:52.333] [DEBUG] default - charset=UTF-8&res_format=HTML&version=1.0&mer_id=60000100&service=comm_auth&auth_type=1&auth_mode=0&identity_type=1&order_id=201710091652&bank_account=LeKBPM19xwQQSyHp%2Fp0zRXPgZ2v70H7cTOwrmoL1L8QwvL39eCE8ViXvApIr1MZsMKfQKFXSMEnQahk4L%2FNJb4%2BniB2k3FCkpVD2YHfHOjco%2FU1ncBh5X4UsHGoOiktkRLMgMvbdqmr63znu73pdK1%2FhysSwK35g0%2BUBdhmFDnY%3D&account_name=sQ%2B8NiIkJQvyD82kKxXcTlZOCASEjZMUu%2B2Hn%2Fjc4JpGjn76ZbCvOH0ksxDnrNRb6uPHYl998Y39AkIHW373kEaAPXwCqi4A7LmXljXrMd%2FpnNj%2B5Ry7Gb8qm8rL9XP60WiwQkb1%2BOrbVrkOMinIHdxeYvmLAjlK2P4oNyw3DXw%3D&identity_code=JQ5Qcky0IcA4MYgyVghGx3ot7AcjRJM%2FWjB%2BbOIyPUYDUTUJt5WOq5PBjZcofi2e2Ajys55SF%2FaTDQ8TOjtHTZxAI%2F%2FxjW8b1pe9eAWryi2fKE3lgyBNxyF2MmmMeFZ2F8nEkdYRal43cEdOxP8l%2BCYwDP%2FCAoZs5EdH1ir8az4%3D&mobile_id=15801365941&sign_type=RSA&sign=qAGys%2BzsDZoOsRU3gtRTustNIHO%2FINKXDAembxuLr2AHFI5%2BcmjWrw5sPHSCoCAwdc5vZd2bqGOK8Q8hiINHtBZL5VqvKkyQixW%2BPafRc2CiuY2qcg%2Fr8WRyzyXAbgsq9Ub%2F2UcLV2VKdOA%2Bvm2g26g%2BkL1lu9r%2Bd7HWJOz4%2FVk%3D
[2017-10-09 16:52:52.803] [INFO] default - Status: 200
[2017-10-09 16:52:52.803] [INFO] default - headers: {"server":"nginx/1.8.1","date":"Mon, 09 Oct 2017 08:52:52 GMT","content-type":"text/html; charset=UTF-8","transfer-encoding":"chunked","connection":"close","vary":"Accept-Encoding","cache-control":"no-cache","content-language":"zh-CN","expires":"Thu, 01 Dec 1994 16:00:00 GMT","set-cookie":["JSESSIONID=acdqkQ2XaHsAKajSJva8v; path=/"]}
[2017-10-09 16:52:52.805] [INFO] default - 网络请求返回的数据：
 
<!DOCTYPE HTML PUBLIC "-//W3C//DTD HTML 4.01 Transitional//EN">
<html>
  <head>
	<META NAME="MobilePayPlatform" CONTENT="isCharge=0&mer_id=60000100&ret_code=0000&ret_msg=鉴权成功!&sign_type=RSA&version=1.0&sign=meKazYCyow+85oIIZOo8nVuSjeuWDuQdAC9yGYSMR00LxR+vk0FmGLGZ9Nl/LHsrmyiSILjVx1c3NIo/sHeT36ExzNieoNL/ZcvRMfgkh+Xujq3O6ftVdK1V2ttddFLZHaOFxa8J1UVcVIyGT0QCCqWgmdGzM1x7T0LwHnGZCME=">
  </head>
  <body>
  </body>
</html>
[2017-10-09 16:52:52.806] [INFO] default - responseMap === 
[2017-10-09 16:52:52.806] [INFO] default - { isCharge: '0',
  mer_id: '60000100',
  ret_code: '0000',
  ret_msg: '鉴权成功!',
  sign_type: 'RSA',
  version: '1.0',
  sign: 'meKazYCyow+85oIIZOo8nVuSjeuWDuQdAC9yGYSMR00LxR+vk0FmGLGZ9Nl/LHsrmyiSILjVx1c3NIo/sHeT36ExzNieoNL/ZcvRMfgkh+Xujq3O6ftVdK1V2ttddFLZHaOFxa8J1UVcVIyGT0QCCqWgmdGzM1x7T0LwHnGZCME=' }
[2017-10-09 16:52:52.808] [INFO] default - 验签通过
[2017-10-09 16:54:44.172] [INFO] default - =====借记卡实名认证方法======
[2017-10-09 16:54:44.176] [INFO] default - [UMF SDK] 商户请求数据必填字段校验通过
[2017-10-09 16:54:44.199] [INFO] default - 【UMF SDK】签名原始数据:plain=
[2017-10-09 16:54:44.200] [INFO] default - { charset: 'UTF-8',
  sign_type: 'RSA',
  res_format: 'HTML',
  version: '1.0',
  mer_id: '60000100',
  service: 'comm_auth',
  auth_type: '1',
  auth_mode: '0',
  identity_type: '1',
  order_id: '201710091654',
  bank_account: 'EUoEZWIfF7BS3OQUovz88ZSLn6x6HUIc4PjxOQYuHa+Bu90b5kaWO5ZPt8ukQ8ov8CcqAR7x5c+tY5e6fDAgEoIoVBfUsnB71nqkTk7Aqp1xkJ0SZdnYxVRucsPVkVpPv7kJNiNd+bpYeEULuV4VP9yV+cr4ygoPOyT9QCgFsVI=',
  account_name: 'igwEXzCOTLF8iKmmxRc98xMmbb0i8vn40dYCxCkctsE0GBDLMJSWkRX6d75kqKmwF1EBTo7TwGqBCQqo7oEYwDh+luELgJ/KJhmfflNivwmC6wUdaroPUDLPxGV68tT41UejXeLQs9DZUKRxyj86JIQwtDfmzBH7UEwCVEFiltE=',
  identity_code: 'kMaW4RkFZVKKuuIjxGNdiceiesYF6JK1bnN8z7kGULWQIeNoSZvRAH7tNknbD8fwGwVbdPlG6haeYsher1MOVaEpWfSIfMd6n4QD8NqNqT3P3X3oDYVpl0y49QnRLz2F0Df+6+QSMuclv7gLxCG4QTMvhUaEsmZ2TWJNsyxrJ6I=',
  mobile_id: '15801365941' }
[2017-10-09 16:54:44.203] [INFO] default - [UMF SDK] 商户请求校验规则正确
[2017-10-09 16:54:44.203] [INFO] default - [UMF SDK] 商户请求返回的map为:
[2017-10-09 16:54:44.203] [INFO] default - { charset: 'UTF-8',
  res_format: 'HTML',
  version: '1.0',
  mer_id: '60000100',
  service: 'comm_auth',
  auth_type: '1',
  auth_mode: '0',
  identity_type: '1',
  order_id: '201710091654',
  bank_account: 'EUoEZWIfF7BS3OQUovz88ZSLn6x6HUIc4PjxOQYuHa+Bu90b5kaWO5ZPt8ukQ8ov8CcqAR7x5c+tY5e6fDAgEoIoVBfUsnB71nqkTk7Aqp1xkJ0SZdnYxVRucsPVkVpPv7kJNiNd+bpYeEULuV4VP9yV+cr4ygoPOyT9QCgFsVI=',
  account_name: 'igwEXzCOTLF8iKmmxRc98xMmbb0i8vn40dYCxCkctsE0GBDLMJSWkRX6d75kqKmwF1EBTo7TwGqBCQqo7oEYwDh+luELgJ/KJhmfflNivwmC6wUdaroPUDLPxGV68tT41UejXeLQs9DZUKRxyj86JIQwtDfmzBH7UEwCVEFiltE=',
  identity_code: 'kMaW4RkFZVKKuuIjxGNdiceiesYF6JK1bnN8z7kGULWQIeNoSZvRAH7tNknbD8fwGwVbdPlG6haeYsher1MOVaEpWfSIfMd6n4QD8NqNqT3P3X3oDYVpl0y49QnRLz2F0Df+6+QSMuclv7gLxCG4QTMvhUaEsmZ2TWJNsyxrJ6I=',
  mobile_id: '15801365941',
  sign_type: 'RSA',
  sign: 'UcDdFpkkxvAkogpQlOnguUdL6bCvjo0Ex6OG3egeCu8ROQ9lCmgENo0XFD2HWtfJO+6PExEHOoB9U+h98AwB6HXZbzr4M8kru89TA0M94oHQvvEc22KF6l/a91RgsEWV+mgrVVP+vOw+K8HI8RUSWBtFdxz3fVXEk57d5TAQNKk=' }
[2017-10-09 16:54:44.205] [DEBUG] default - 网络请求的参数为：
[2017-10-09 16:54:44.206] [DEBUG] default - charset=UTF-8&res_format=HTML&version=1.0&mer_id=60000100&service=comm_auth&auth_type=1&auth_mode=0&identity_type=1&order_id=201710091654&bank_account=EUoEZWIfF7BS3OQUovz88ZSLn6x6HUIc4PjxOQYuHa%2BBu90b5kaWO5ZPt8ukQ8ov8CcqAR7x5c%2BtY5e6fDAgEoIoVBfUsnB71nqkTk7Aqp1xkJ0SZdnYxVRucsPVkVpPv7kJNiNd%2BbpYeEULuV4VP9yV%2Bcr4ygoPOyT9QCgFsVI%3D&account_name=igwEXzCOTLF8iKmmxRc98xMmbb0i8vn40dYCxCkctsE0GBDLMJSWkRX6d75kqKmwF1EBTo7TwGqBCQqo7oEYwDh%2BluELgJ%2FKJhmfflNivwmC6wUdaroPUDLPxGV68tT41UejXeLQs9DZUKRxyj86JIQwtDfmzBH7UEwCVEFiltE%3D&identity_code=kMaW4RkFZVKKuuIjxGNdiceiesYF6JK1bnN8z7kGULWQIeNoSZvRAH7tNknbD8fwGwVbdPlG6haeYsher1MOVaEpWfSIfMd6n4QD8NqNqT3P3X3oDYVpl0y49QnRLz2F0Df%2B6%2BQSMuclv7gLxCG4QTMvhUaEsmZ2TWJNsyxrJ6I%3D&mobile_id=15801365941&sign_type=RSA&sign=UcDdFpkkxvAkogpQlOnguUdL6bCvjo0Ex6OG3egeCu8ROQ9lCmgENo0XFD2HWtfJO%2B6PExEHOoB9U%2Bh98AwB6HXZbzr4M8kru89TA0M94oHQvvEc22KF6l%2Fa91RgsEWV%2BmgrVVP%2BvOw%2BK8HI8RUSWBtFdxz3fVXEk57d5TAQNKk%3D
[2017-10-09 16:54:44.682] [INFO] default - Status: 200
[2017-10-09 16:54:44.682] [INFO] default - headers: {"server":"nginx/1.8.1","date":"Mon, 09 Oct 2017 08:54:44 GMT","content-type":"text/html; charset=UTF-8","transfer-encoding":"chunked","connection":"close","vary":"Accept-Encoding","cache-control":"no-cache","content-language":"zh-CN","expires":"Thu, 01 Dec 1994 16:00:00 GMT","set-cookie":["JSESSIONID=acbly2I0CvJrB8Tc-va8v; path=/"]}
[2017-10-09 16:54:44.684] [INFO] default - 网络请求返回的数据：
 
<!DOCTYPE HTML PUBLIC "-//W3C//DTD HTML 4.01 Transitional//EN">
<html>
  <head>
	<META NAME="MobilePayPlatform" CONTENT="isCharge=0&mer_id=60000100&ret_code=0000&ret_msg=鉴权成功!&sign_type=RSA&version=1.0&sign=meKazYCyow+85oIIZOo8nVuSjeuWDuQdAC9yGYSMR00LxR+vk0FmGLGZ9Nl/LHsrmyiSILjVx1c3NIo/sHeT36ExzNieoNL/ZcvRMfgkh+Xujq3O6ftVdK1V2ttddFLZHaOFxa8J1UVcVIyGT0QCCqWgmdGzM1x7T0LwHnGZCME=">
  </head>
  <body>
  </body>
</html>
[2017-10-09 16:54:44.685] [INFO] default - responseMap === 
[2017-10-09 16:54:44.685] [INFO] default - { isCharge: '0',
  mer_id: '60000100',
  ret_code: '0000',
  ret_msg: '鉴权成功!',
  sign_type: 'RSA',
  version: '1.0',
  sign: 'meKazYCyow+85oIIZOo8nVuSjeuWDuQdAC9yGYSMR00LxR+vk0FmGLGZ9Nl/LHsrmyiSILjVx1c3NIo/sHeT36ExzNieoNL/ZcvRMfgkh+Xujq3O6ftVdK1V2ttddFLZHaOFxa8J1UVcVIyGT0QCCqWgmdGzM1x7T0LwHnGZCME=' }
[2017-10-09 16:54:44.686] [INFO] default - 验签通过
[2017-10-09 16:56:40.370] [INFO] default - =====借记卡实名认证方法======
[2017-10-09 16:56:40.391] [INFO] default - [UMF SDK] 商户请求数据必填字段校验通过
[2017-10-09 16:56:40.560] [INFO] default - 【UMF SDK】签名原始数据:plain=
[2017-10-09 16:56:40.583] [INFO] default - { charset: 'UTF-8',
  sign_type: 'RSA',
  res_format: 'HTML',
  version: '1.0',
  mer_id: '60000100',
  service: 'comm_auth',
  auth_type: '1',
  auth_mode: '0',
  identity_type: '1',
  order_id: '201710091656',
  bank_account: 'oujK/wUbKTgal1ovIxGFIj5/phF6G+cyoKJ+Z4z4LdoaGNuMg8LcyTouxXOUKwESNZqVrsCNjDzvs5fryWMr9mVeFF+5HNccXbQ0KhM7cYuCOYwM698F3KYliRr8eVcpkWPk40deb6t63291TDsDmYZXrgexV664U2qlDy1UFrw=',
  account_name: 'UzU74Mo98L/kNpX9jotvZtTCl9pLD/aWSShRNGO5kvmad9JVgbAFhbCpeupTEX8Sq5PWoqsCw11P1rdVBBFRZzxznNUqvOZAQ304MnNBZjBlz0f4+fienKSSD/R7nZOSSNXygfPMMO54dxqRqWujXT8qtVZHxeX7bdnji7lRRB0=',
  identity_code: 'qRFMwV75kLDw4Fp8vvPiavkdVQlCazXeJTHoED8yOsHKMNf9Y1iPDOB+ppYSSKniVsYaLYnPKPt9fY8OK2zd3OlHy3NBsjGEPTnWBmHw3acofkNmvq3RPx7xAAx3vxSINupUseTdz/bySN8qWOZrZCgzLXNJ8D0st0owXPwld9k=',
  mobile_id: '15801365941' }
[2017-10-09 16:56:40.618] [INFO] default - [UMF SDK] 商户请求校验规则正确
[2017-10-09 16:56:40.618] [INFO] default - [UMF SDK] 商户请求返回的map为:
[2017-10-09 16:56:40.618] [INFO] default - { charset: 'UTF-8',
  res_format: 'HTML',
  version: '1.0',
  mer_id: '60000100',
  service: 'comm_auth',
  auth_type: '1',
  auth_mode: '0',
  identity_type: '1',
  order_id: '201710091656',
  bank_account: 'oujK/wUbKTgal1ovIxGFIj5/phF6G+cyoKJ+Z4z4LdoaGNuMg8LcyTouxXOUKwESNZqVrsCNjDzvs5fryWMr9mVeFF+5HNccXbQ0KhM7cYuCOYwM698F3KYliRr8eVcpkWPk40deb6t63291TDsDmYZXrgexV664U2qlDy1UFrw=',
  account_name: 'UzU74Mo98L/kNpX9jotvZtTCl9pLD/aWSShRNGO5kvmad9JVgbAFhbCpeupTEX8Sq5PWoqsCw11P1rdVBBFRZzxznNUqvOZAQ304MnNBZjBlz0f4+fienKSSD/R7nZOSSNXygfPMMO54dxqRqWujXT8qtVZHxeX7bdnji7lRRB0=',
  identity_code: 'qRFMwV75kLDw4Fp8vvPiavkdVQlCazXeJTHoED8yOsHKMNf9Y1iPDOB+ppYSSKniVsYaLYnPKPt9fY8OK2zd3OlHy3NBsjGEPTnWBmHw3acofkNmvq3RPx7xAAx3vxSINupUseTdz/bySN8qWOZrZCgzLXNJ8D0st0owXPwld9k=',
  mobile_id: '15801365941',
  sign_type: 'RSA',
  sign: 'S9qDp2UriGxmy3nYmx4Qmix6KmzKLazCpADyqp4fVz8S8YGpn21arB5DBdHBH/2nfvtj1AhHzm/uj+mkOf17Ox+vX1Uf9tTTI6U7CC/kvnjIBpGYaxlilDJ4fDwQEFPiaXLxmLKF96OjNcqaD+/SOKfOySj+vqmqnd6F75cROX4=' }
[2017-10-09 16:56:40.621] [DEBUG] default - 网络请求的参数为：
[2017-10-09 16:56:40.623] [DEBUG] default - charset=UTF-8&res_format=HTML&version=1.0&mer_id=60000100&service=comm_auth&auth_type=1&auth_mode=0&identity_type=1&order_id=201710091656&bank_account=oujK%2FwUbKTgal1ovIxGFIj5%2FphF6G%2BcyoKJ%2BZ4z4LdoaGNuMg8LcyTouxXOUKwESNZqVrsCNjDzvs5fryWMr9mVeFF%2B5HNccXbQ0KhM7cYuCOYwM698F3KYliRr8eVcpkWPk40deb6t63291TDsDmYZXrgexV664U2qlDy1UFrw%3D&account_name=UzU74Mo98L%2FkNpX9jotvZtTCl9pLD%2FaWSShRNGO5kvmad9JVgbAFhbCpeupTEX8Sq5PWoqsCw11P1rdVBBFRZzxznNUqvOZAQ304MnNBZjBlz0f4%2BfienKSSD%2FR7nZOSSNXygfPMMO54dxqRqWujXT8qtVZHxeX7bdnji7lRRB0%3D&identity_code=qRFMwV75kLDw4Fp8vvPiavkdVQlCazXeJTHoED8yOsHKMNf9Y1iPDOB%2BppYSSKniVsYaLYnPKPt9fY8OK2zd3OlHy3NBsjGEPTnWBmHw3acofkNmvq3RPx7xAAx3vxSINupUseTdz%2FbySN8qWOZrZCgzLXNJ8D0st0owXPwld9k%3D&mobile_id=15801365941&sign_type=RSA&sign=S9qDp2UriGxmy3nYmx4Qmix6KmzKLazCpADyqp4fVz8S8YGpn21arB5DBdHBH%2F2nfvtj1AhHzm%2Fuj%2BmkOf17Ox%2BvX1Uf9tTTI6U7CC%2FkvnjIBpGYaxlilDJ4fDwQEFPiaXLxmLKF96OjNcqaD%2B%2FSOKfOySj%2Bvqmqnd6F75cROX4%3D
[2017-10-09 16:56:41.304] [INFO] default - Status: 200
[2017-10-09 16:56:41.305] [INFO] default - headers: {"server":"nginx/1.8.1","date":"Mon, 09 Oct 2017 08:56:41 GMT","content-type":"text/html; charset=UTF-8","transfer-encoding":"chunked","connection":"close","vary":"Accept-Encoding","cache-control":"no-cache","content-language":"zh-CN","expires":"Thu, 01 Dec 1994 16:00:00 GMT","set-cookie":["JSESSIONID=dcbTpAsH_3F3B70IBwa8v; path=/"]}
[2017-10-09 16:56:41.307] [INFO] default - 网络请求返回的数据：
 
<!DOCTYPE HTML PUBLIC "-//W3C//DTD HTML 4.01 Transitional//EN">
<html>
  <head>
	<META NAME="MobilePayPlatform" CONTENT="isCharge=0&mer_id=60000100&ret_code=0000&ret_msg=鉴权成功!&sign_type=RSA&version=1.0&sign=meKazYCyow+85oIIZOo8nVuSjeuWDuQdAC9yGYSMR00LxR+vk0FmGLGZ9Nl/LHsrmyiSILjVx1c3NIo/sHeT36ExzNieoNL/ZcvRMfgkh+Xujq3O6ftVdK1V2ttddFLZHaOFxa8J1UVcVIyGT0QCCqWgmdGzM1x7T0LwHnGZCME=">
  </head>
  <body>
  </body>
</html>
[2017-10-09 16:56:41.308] [INFO] default - responseMap === 
[2017-10-09 16:56:41.309] [INFO] default - { isCharge: '0',
  mer_id: '60000100',
  ret_code: '0000',
  ret_msg: '鉴权成功!',
  sign_type: 'RSA',
  version: '1.0',
  sign: 'meKazYCyow+85oIIZOo8nVuSjeuWDuQdAC9yGYSMR00LxR+vk0FmGLGZ9Nl/LHsrmyiSILjVx1c3NIo/sHeT36ExzNieoNL/ZcvRMfgkh+Xujq3O6ftVdK1V2ttddFLZHaOFxa8J1UVcVIyGT0QCCqWgmdGzM1x7T0LwHnGZCME=' }
[2017-10-09 16:56:41.310] [INFO] default - 验签通过
[2017-10-09 16:58:19.178] [INFO] default - =====借记卡实名认证方法======
[2017-10-09 16:58:19.182] [INFO] default - [UMF SDK] 商户请求数据必填字段校验通过
[2017-10-09 16:58:19.210] [INFO] default - 【UMF SDK】签名原始数据:plain=
[2017-10-09 16:58:19.210] [INFO] default - { charset: 'UTF-8',
  sign_type: 'RSA',
  res_format: 'HTML',
  version: '1.0',
  mer_id: '60000100',
  service: 'comm_auth',
  auth_type: '1',
  auth_mode: '0',
  identity_type: '1',
  order_id: '201710091658',
  bank_account: 'HkyIyECdjY36YhREQsSyvWd23YoyIZPyw+ARzEaEyN9yDW7Y2S0as7morMLPgPcWdm+LymjkThMKfoqmHid7YyV25I52yNSQBI5xrnXwC0inpyetw8j45t4LnsuNeEzZrD7ya15o/+Y6bX4bmwi39hf60YMY8RdANCpjAyesj5Y=',
  account_name: 'kxDNxBcGGa6rY/L2fqQH5FUHVNi7F2y+2rgZpcfrxlneuQ7nj3Z9+uRvJAYKQdPXK2yW+rs0oJvL/mD8qP9J4H7UkO1WHaJqsjWnkqieDdswb7OnbmST2TYsMdGvEWniy5sVh6tkyvboLuU4I0f/GiDNas76BJgShu6BST/3N2s=',
  identity_code: 'PGFgHCmjSgqqrDNVFCzSlafwL2Mh4ElA7k3RdTX+Y+wOSe9y8ZNwH7hnHEoVc1urUXMkEn+DHr4DSROWjAeaFB7mE1HluTlQPxgaHPJCgIejLow57U12p0Db6xUSCKn45jeiTLr24T2LnKOFvuv8nAJIWnr/Q5WeRqye+1vp5h8=',
  mobile_id: '15801365941' }
[2017-10-09 16:58:19.213] [INFO] default - [UMF SDK] 商户请求校验规则正确
[2017-10-09 16:58:19.214] [INFO] default - [UMF SDK] 商户请求返回的map为:
[2017-10-09 16:58:19.214] [INFO] default - { charset: 'UTF-8',
  res_format: 'HTML',
  version: '1.0',
  mer_id: '60000100',
  service: 'comm_auth',
  auth_type: '1',
  auth_mode: '0',
  identity_type: '1',
  order_id: '201710091658',
  bank_account: 'HkyIyECdjY36YhREQsSyvWd23YoyIZPyw+ARzEaEyN9yDW7Y2S0as7morMLPgPcWdm+LymjkThMKfoqmHid7YyV25I52yNSQBI5xrnXwC0inpyetw8j45t4LnsuNeEzZrD7ya15o/+Y6bX4bmwi39hf60YMY8RdANCpjAyesj5Y=',
  account_name: 'kxDNxBcGGa6rY/L2fqQH5FUHVNi7F2y+2rgZpcfrxlneuQ7nj3Z9+uRvJAYKQdPXK2yW+rs0oJvL/mD8qP9J4H7UkO1WHaJqsjWnkqieDdswb7OnbmST2TYsMdGvEWniy5sVh6tkyvboLuU4I0f/GiDNas76BJgShu6BST/3N2s=',
  identity_code: 'PGFgHCmjSgqqrDNVFCzSlafwL2Mh4ElA7k3RdTX+Y+wOSe9y8ZNwH7hnHEoVc1urUXMkEn+DHr4DSROWjAeaFB7mE1HluTlQPxgaHPJCgIejLow57U12p0Db6xUSCKn45jeiTLr24T2LnKOFvuv8nAJIWnr/Q5WeRqye+1vp5h8=',
  mobile_id: '15801365941',
  sign_type: 'RSA',
  sign: 'eNeSr47n29ZS+4vKMZSPN7ge7MSZEQEy7XGWPwTxosj3bp6G+rsrt86S843YUHEhbtsEVIJGZSvXFg0H+5qH73vzgMa12K7NTxmWlLgs7ttn842eIU9Pio2hArqJMBiyy49aVAoRzTb/WjVohnT4PDUsJfLaoYYSOUA9JuRO4rY=' }
[2017-10-09 16:58:19.215] [DEBUG] default - 网络请求的参数为：
[2017-10-09 16:58:19.216] [DEBUG] default - charset=UTF-8&res_format=HTML&version=1.0&mer_id=60000100&service=comm_auth&auth_type=1&auth_mode=0&identity_type=1&order_id=201710091658&bank_account=HkyIyECdjY36YhREQsSyvWd23YoyIZPyw%2BARzEaEyN9yDW7Y2S0as7morMLPgPcWdm%2BLymjkThMKfoqmHid7YyV25I52yNSQBI5xrnXwC0inpyetw8j45t4LnsuNeEzZrD7ya15o%2F%2BY6bX4bmwi39hf60YMY8RdANCpjAyesj5Y%3D&account_name=kxDNxBcGGa6rY%2FL2fqQH5FUHVNi7F2y%2B2rgZpcfrxlneuQ7nj3Z9%2BuRvJAYKQdPXK2yW%2Brs0oJvL%2FmD8qP9J4H7UkO1WHaJqsjWnkqieDdswb7OnbmST2TYsMdGvEWniy5sVh6tkyvboLuU4I0f%2FGiDNas76BJgShu6BST%2F3N2s%3D&identity_code=PGFgHCmjSgqqrDNVFCzSlafwL2Mh4ElA7k3RdTX%2BY%2BwOSe9y8ZNwH7hnHEoVc1urUXMkEn%2BDHr4DSROWjAeaFB7mE1HluTlQPxgaHPJCgIejLow57U12p0Db6xUSCKn45jeiTLr24T2LnKOFvuv8nAJIWnr%2FQ5WeRqye%2B1vp5h8%3D&mobile_id=15801365941&sign_type=RSA&sign=eNeSr47n29ZS%2B4vKMZSPN7ge7MSZEQEy7XGWPwTxosj3bp6G%2Brsrt86S843YUHEhbtsEVIJGZSvXFg0H%2B5qH73vzgMa12K7NTxmWlLgs7ttn842eIU9Pio2hArqJMBiyy49aVAoRzTb%2FWjVohnT4PDUsJfLaoYYSOUA9JuRO4rY%3D
[2017-10-09 16:58:20.773] [INFO] default - Status: 200
[2017-10-09 16:58:20.774] [INFO] default - headers: {"server":"nginx/1.8.1","date":"Mon, 09 Oct 2017 08:58:20 GMT","content-type":"text/html; charset=UTF-8","transfer-encoding":"chunked","connection":"close","vary":"Accept-Encoding","cache-control":"no-cache","content-language":"zh-CN","expires":"Thu, 01 Dec 1994 16:00:00 GMT","set-cookie":["JSESSIONID=cad_fNfdQhdgFckWZwa8v; path=/"]}
[2017-10-09 16:58:20.778] [INFO] default - 网络请求返回的数据：
 
<!DOCTYPE HTML PUBLIC "-//W3C//DTD HTML 4.01 Transitional//EN">
<html>
  <head>
	<META NAME="MobilePayPlatform" CONTENT="isCharge=0&mer_id=60000100&ret_code=0000&ret_msg=鉴权成功!&sign_type=RSA&version=1.0&sign=meKazYCyow+85oIIZOo8nVuSjeuWDuQdAC9yGYSMR00LxR+vk0FmGLGZ9Nl/LHsrmyiSILjVx1c3NIo/sHeT36ExzNieoNL/ZcvRMfgkh+Xujq3O6ftVdK1V2ttddFLZHaOFxa8J1UVcVIyGT0QCCqWgmdGzM1x7T0LwHnGZCME=">
  </head>
  <body>
  </body>
</html>
[2017-10-09 16:58:20.778] [INFO] default - responseMap === 
[2017-10-09 16:58:20.779] [INFO] default - { isCharge: '0',
  mer_id: '60000100',
  ret_code: '0000',
  ret_msg: '鉴权成功!',
  sign_type: 'RSA',
  version: '1.0',
  sign: 'meKazYCyow+85oIIZOo8nVuSjeuWDuQdAC9yGYSMR00LxR+vk0FmGLGZ9Nl/LHsrmyiSILjVx1c3NIo/sHeT36ExzNieoNL/ZcvRMfgkh+Xujq3O6ftVdK1V2ttddFLZHaOFxa8J1UVcVIyGT0QCCqWgmdGzM1x7T0LwHnGZCME=' }
[2017-10-09 16:58:20.780] [INFO] default - 验签通过
[2017-10-09 17:10:30.066] [INFO] default - =====借记卡实名认证方法======
[2017-10-09 17:10:30.140] [INFO] default - [UMF SDK] 商户请求数据必填字段校验通过
[2017-10-09 17:10:30.270] [INFO] default - 【UMF SDK】签名原始数据:plain=
[2017-10-09 17:10:30.272] [INFO] default - { charset: 'UTF-8',
  sign_type: 'RSA',
  res_format: 'HTML',
  version: '1.0',
  mer_id: '60000100',
  service: 'comm_auth',
  auth_type: '1',
  auth_mode: '0',
  identity_type: '1',
  order_id: '201710091710',
  bank_account: 'r3bThSEgFg7BSYg906rCZXyOrDIoGdtAr0vBHwnlD+4apnfYLsnIUW8WuHKwayspRN34puwLAQJBl5O9QxxqDnNsxUhapQjfy0bIQwkT2BepovoSnhCTblkPTL5sRfSbadyWNSB8VkGAONfYKXNCHAKXF5eZxGBug71q7k7DQ0o=',
  account_name: 'Xifx04Jdt9Lq43Yj+O1jEbFixGzl3CmM7T1/vJmiRP5eqTXbgNfRHAbvyauVSCwU3shFPlx4+MBHFxqQwWVQ7sVOOfqRPBmEf2uuRQAvnIaxSk7wuzjk3Yg/obdgSSvMknaLn9qcTB5aiCBg8VXEzYeKTxXjY9rOiQV7VSYBQfI=',
  identity_code: 's1c9FpmJ4LWqadRLO/xWYRDxAZXd5UvBaiA3K4SkC4b3DFJNnFKH3h1rIyqlR6gC2tgDTU2OiFNTqsXBa0PLlQqmdZt62PdRRfKj+x2GExqmKYYP5aT8ubZ6Ht13qyUZJUzdWbhQ2rZYZHkWzknZ72w6s7CkZBOUN9pJgcQ+e8M=',
  mobile_id: '15801365941' }
[2017-10-09 17:10:30.296] [INFO] default - [UMF SDK] 商户请求校验规则正确
[2017-10-09 17:10:30.297] [INFO] default - [UMF SDK] 商户请求返回的map为:
[2017-10-09 17:10:30.297] [INFO] default - { charset: 'UTF-8',
  res_format: 'HTML',
  version: '1.0',
  mer_id: '60000100',
  service: 'comm_auth',
  auth_type: '1',
  auth_mode: '0',
  identity_type: '1',
  order_id: '201710091710',
  bank_account: 'r3bThSEgFg7BSYg906rCZXyOrDIoGdtAr0vBHwnlD+4apnfYLsnIUW8WuHKwayspRN34puwLAQJBl5O9QxxqDnNsxUhapQjfy0bIQwkT2BepovoSnhCTblkPTL5sRfSbadyWNSB8VkGAONfYKXNCHAKXF5eZxGBug71q7k7DQ0o=',
  account_name: 'Xifx04Jdt9Lq43Yj+O1jEbFixGzl3CmM7T1/vJmiRP5eqTXbgNfRHAbvyauVSCwU3shFPlx4+MBHFxqQwWVQ7sVOOfqRPBmEf2uuRQAvnIaxSk7wuzjk3Yg/obdgSSvMknaLn9qcTB5aiCBg8VXEzYeKTxXjY9rOiQV7VSYBQfI=',
  identity_code: 's1c9FpmJ4LWqadRLO/xWYRDxAZXd5UvBaiA3K4SkC4b3DFJNnFKH3h1rIyqlR6gC2tgDTU2OiFNTqsXBa0PLlQqmdZt62PdRRfKj+x2GExqmKYYP5aT8ubZ6Ht13qyUZJUzdWbhQ2rZYZHkWzknZ72w6s7CkZBOUN9pJgcQ+e8M=',
  mobile_id: '15801365941',
  sign_type: 'RSA',
  sign: 'X8v6IE7GLt0PSrFHEdpLeJgpWLylfcxas6m3UCZNSgdAjXQQ+jFJwQrczPkoMlEyIjXM9XvlwC4qzwQOnop+MMLxQRJ6OGM0fnTqL5sxiAU44h+/UczemnrH/hKewfxU/u6J9qcqo8HJ6yrg38tnsUViVmABZ8JmDu+A2Z+GimI=' }
[2017-10-09 17:10:30.307] [DEBUG] default - 网络请求的参数为：
[2017-10-09 17:10:30.309] [DEBUG] default - charset=UTF-8&res_format=HTML&version=1.0&mer_id=60000100&service=comm_auth&auth_type=1&auth_mode=0&identity_type=1&order_id=201710091710&bank_account=r3bThSEgFg7BSYg906rCZXyOrDIoGdtAr0vBHwnlD%2B4apnfYLsnIUW8WuHKwayspRN34puwLAQJBl5O9QxxqDnNsxUhapQjfy0bIQwkT2BepovoSnhCTblkPTL5sRfSbadyWNSB8VkGAONfYKXNCHAKXF5eZxGBug71q7k7DQ0o%3D&account_name=Xifx04Jdt9Lq43Yj%2BO1jEbFixGzl3CmM7T1%2FvJmiRP5eqTXbgNfRHAbvyauVSCwU3shFPlx4%2BMBHFxqQwWVQ7sVOOfqRPBmEf2uuRQAvnIaxSk7wuzjk3Yg%2FobdgSSvMknaLn9qcTB5aiCBg8VXEzYeKTxXjY9rOiQV7VSYBQfI%3D&identity_code=s1c9FpmJ4LWqadRLO%2FxWYRDxAZXd5UvBaiA3K4SkC4b3DFJNnFKH3h1rIyqlR6gC2tgDTU2OiFNTqsXBa0PLlQqmdZt62PdRRfKj%2Bx2GExqmKYYP5aT8ubZ6Ht13qyUZJUzdWbhQ2rZYZHkWzknZ72w6s7CkZBOUN9pJgcQ%2Be8M%3D&mobile_id=15801365941&sign_type=RSA&sign=X8v6IE7GLt0PSrFHEdpLeJgpWLylfcxas6m3UCZNSgdAjXQQ%2BjFJwQrczPkoMlEyIjXM9XvlwC4qzwQOnop%2BMMLxQRJ6OGM0fnTqL5sxiAU44h%2B%2FUczemnrH%2FhKewfxU%2Fu6J9qcqo8HJ6yrg38tnsUViVmABZ8JmDu%2BA2Z%2BGimI%3D
[2017-10-09 17:10:38.387] [INFO] default - Status: 200
[2017-10-09 17:10:38.388] [INFO] default - headers: {"server":"nginx/1.8.1","date":"Mon, 09 Oct 2017 09:10:37 GMT","content-type":"text/html; charset=UTF-8","transfer-encoding":"chunked","connection":"close","vary":"Accept-Encoding","cache-control":"no-cache","content-language":"zh-CN","expires":"Thu, 01 Dec 1994 16:00:00 GMT","set-cookie":["JSESSIONID=bcapprkvk4EFpctMNza8v; path=/"]}
[2017-10-09 17:10:38.390] [INFO] default - 网络请求返回的数据：
 
<!DOCTYPE HTML PUBLIC "-//W3C//DTD HTML 4.01 Transitional//EN">
<html>
  <head>
	<META NAME="MobilePayPlatform" CONTENT="isCharge=0&mer_id=60000100&ret_code=0000&ret_msg=鉴权成功!&sign_type=RSA&version=1.0&sign=meKazYCyow+85oIIZOo8nVuSjeuWDuQdAC9yGYSMR00LxR+vk0FmGLGZ9Nl/LHsrmyiSILjVx1c3NIo/sHeT36ExzNieoNL/ZcvRMfgkh+Xujq3O6ftVdK1V2ttddFLZHaOFxa8J1UVcVIyGT0QCCqWgmdGzM1x7T0LwHnGZCME=">
  </head>
  <body>
  </body>
</html>
[2017-10-09 17:10:38.390] [INFO] default - responseMap === 
[2017-10-09 17:10:38.391] [INFO] default - { isCharge: '0',
  mer_id: '60000100',
  ret_code: '0000',
  ret_msg: '鉴权成功!',
  sign_type: 'RSA',
  version: '1.0',
  sign: 'meKazYCyow+85oIIZOo8nVuSjeuWDuQdAC9yGYSMR00LxR+vk0FmGLGZ9Nl/LHsrmyiSILjVx1c3NIo/sHeT36ExzNieoNL/ZcvRMfgkh+Xujq3O6ftVdK1V2ttddFLZHaOFxa8J1UVcVIyGT0QCCqWgmdGzM1x7T0LwHnGZCME=' }
[2017-10-09 17:10:38.392] [INFO] default - 验签通过
