[2017-10-31 10:31:48.801] [INFO] default - 【UMF SDK】签名原始数据:plain=
[2017-10-31 10:31:48.819] [INFO] default - { licenseNo: '91140100743546792F', merId: '60038402' }
[2017-10-31 10:32:46.983] [INFO] default - 【UMF SDK】签名原始数据:plain=
[2017-10-31 10:32:46.987] [INFO] default - { licenseNo: '91140100743546792F', merId: '60038402' }
[2017-10-31 10:37:16.621] [INFO] default - 【UMF SDK】签名原始数据:plain=
[2017-10-31 10:37:16.625] [INFO] default - { licenseNo: '91140100743546792F', merId: '60038402' }
[2017-10-31 10:39:18.700] [INFO] default - 【UMF SDK】签名原始数据:plain=
[2017-10-31 10:39:18.704] [INFO] default - { licenseNo: '91140100743546792F', merId: '60038402' }
[2017-10-31 10:40:39.553] [INFO] default - 【UMF SDK】签名原始数据:plain=
[2017-10-31 10:40:39.559] [INFO] default - { licenseNo: '91140100743546792F', merId: '60038402' }
[2017-10-31 10:40:52.657] [INFO] default - 【UMF SDK】签名原始数据:plain=
[2017-10-31 10:40:52.660] [INFO] default - { licenseNo: '91140100743546792F', merId: '60038402' }
[2017-10-31 10:41:32.504] [INFO] default - 网络请求的参数为：
[2017-10-31 10:41:32.508] [INFO] default - {"grant_type":"client_credentials","client_id":"79756098a6d291260523f6199ddfc4bc0875ccf6","client_secret":"f642ab9bd929ab0d7f802e12dc689e416d4b8e6a"}
[2017-10-31 10:41:33.392] [INFO] default - Status: 201
[2017-10-31 10:41:33.395] [INFO] default - 网络请求返回{"expires_in":3600,"access_token":"3ef210b81c7522e6f9a55fbf31fcbf21ed619b5acb2bd6bc42c72600e18c3ae1"}
[2017-10-31 10:42:26.727] [INFO] default - 【UMF SDK】签名原始数据:plain=
[2017-10-31 10:42:26.730] [INFO] default - { licenseNo: '91140100743546792F', merId: '60038402' }
[2017-10-31 10:42:46.680] [INFO] default - 【UMF SDK】签名原始数据:plain=
[2017-10-31 10:42:46.684] [INFO] default - { licenseNo: '91140100743546792F', merId: '60038402' }
[2017-10-31 10:43:18.110] [INFO] default - 【UMF SDK】签名原始数据:plain=
[2017-10-31 10:43:18.114] [INFO] default - { licenseNo: '91140100743546792F', merId: '60038402' }
[2017-10-31 10:44:38.141] [INFO] default - 【UMF SDK】签名原始数据:plain=
[2017-10-31 10:44:38.145] [INFO] default - { licenseNo: '91140100743546792F', merId: '60038402' }
[2017-10-31 10:44:51.479] [INFO] default - 【UMF SDK】签名原始数据:plain=
[2017-10-31 10:44:51.487] [INFO] default - { licenseNo: '91140100743546792F', merId: '60038402' }
[2017-10-31 10:46:41.609] [INFO] default - 【UMF SDK】签名原始数据:plain=
[2017-10-31 10:46:41.613] [INFO] default - { licenseNo: '91140100743546792F', merId: '60038402' }
[2017-10-31 10:50:15.262] [INFO] default - 【UMF SDK】签名原始数据:plain=
[2017-10-31 10:50:15.265] [INFO] default - { licenseNo: '91140100743546792F', merId: '60038402' }
[2017-10-31 10:51:00.534] [INFO] default - 【UMF SDK】签名原始数据:plain=
[2017-10-31 10:51:00.537] [INFO] default - { licenseNo: '91140100743546792F', merId: '60038402' }
[2017-10-31 10:51:52.982] [INFO] default - 【UMF SDK】签名原始数据:plain=
[2017-10-31 10:51:52.987] [INFO] default - { licenseNo: '91140100743546792F', merId: '60038402' }
[2017-10-31 11:07:42.218] [INFO] default - 【UMF SDK】签名原始数据:plain=
[2017-10-31 11:07:42.222] [INFO] default - { licenseNo: '91140100743546792F', merId: '60038402' }
[2017-10-31 11:07:55.162] [INFO] default - 【UMF SDK】签名原始数据:plain=
[2017-10-31 11:07:55.166] [INFO] default - { licenseNo: '91140100743546792F', merId: '60038402' }
[2017-10-31 11:11:22.707] [INFO] default - 【UMF SDK】签名原始数据:plain=
[2017-10-31 11:11:22.711] [INFO] default - { licenseNo: '91140100743546792F', merId: '60038402' }
[2017-10-31 11:12:27.416] [INFO] default - 【UMF SDK】签名原始数据:plain=
[2017-10-31 11:12:27.420] [INFO] default - { licenseNo: '91140100743546792F', merId: '60038402' }
[2017-10-31 11:12:58.077] [INFO] default - 【UMF SDK】签名原始数据:plain=
[2017-10-31 11:12:58.081] [INFO] default - { licenseNo: '91140100743546792F', merId: '60038402' }
[2017-10-31 11:14:12.153] [INFO] default - 【UMF SDK】签名原始数据:plain=
[2017-10-31 11:14:12.157] [INFO] default - { licenseNo: '91140100743546792F', merId: '60038402' }
[2017-10-31 11:14:42.461] [INFO] default - 【UMF SDK】签名原始数据:plain=
[2017-10-31 11:14:42.464] [INFO] default - { licenseNo: '91140100743546792F', merId: '60038402' }
[2017-10-31 11:16:35.003] [INFO] default - 【UMF SDK】签名原始数据:plain=
[2017-10-31 11:16:35.006] [INFO] default - { licenseNo: '91140100743546792F', merId: '60038402' }
[2017-10-31 11:17:52.145] [INFO] default - 【UMF SDK】签名原始数据:plain=
[2017-10-31 11:17:52.149] [INFO] default - { licenseNo: '91140100743546792F', merId: '60038402' }
[2017-10-31 11:18:38.137] [INFO] default - 【UMF SDK】签名原始数据:plain=
[2017-10-31 11:18:38.141] [INFO] default - { licenseNo: '91140100743546792F', merId: '60038402' }
[2017-10-31 11:29:29.653] [INFO] default - 【UMF SDK】签名原始数据:plain=
[2017-10-31 11:29:29.657] [INFO] default - { licenseNo: '91140100743546792F', merId: '60038402' }
[2017-10-31 11:31:28.686] [INFO] default - 【UMF SDK】签名原始数据:plain=
[2017-10-31 11:31:28.690] [INFO] default - { licenseNo: '91140100743546792F', merId: '60038402' }
[2017-10-31 11:31:48.228] [INFO] default - 【UMF SDK】签名原始数据:plain=
[2017-10-31 11:31:48.233] [INFO] default - { licenseNo: '91140100743546792F', merId: '60038402' }
[2017-10-31 11:33:00.271] [INFO] default - 【UMF SDK】签名原始数据:plain=
[2017-10-31 11:33:00.275] [INFO] default - { licenseNo: '91140100743546792F', merId: '60038402' }
[2017-10-31 11:33:41.416] [INFO] default - 【UMF SDK】签名原始数据:plain=
[2017-10-31 11:33:41.419] [INFO] default - { licenseNo: '91140100743546792F', merId: '60038402' }
[2017-10-31 11:34:11.457] [INFO] default - 【UMF SDK】签名原始数据:plain=
[2017-10-31 11:34:11.461] [INFO] default - { licenseNo: '91140100743546792F', merId: '60038402' }
[2017-10-31 11:36:00.593] [INFO] default - 【UMF SDK】签名原始数据:plain=
[2017-10-31 11:36:00.596] [INFO] default - { licenseNo: '91140100743546792F', merId: '60038402' }
[2017-10-31 11:36:18.918] [INFO] default - 【UMF SDK】签名原始数据:plain=
[2017-10-31 11:36:18.922] [INFO] default - { licenseNo: '91140100743546792F', merId: '60038402' }
[2017-10-31 11:36:35.386] [INFO] default - 【UMF SDK】签名原始数据:plain=
[2017-10-31 11:36:35.390] [INFO] default - { licenseNo: '91140100743546792F', merId: '60038402' }
[2017-10-31 11:37:31.336] [INFO] default - 【UMF SDK】签名原始数据:plain=
[2017-10-31 11:37:31.341] [INFO] default - { licenseNo: '91140100743546792F', merId: '60038402' }
[2017-10-31 11:43:35.107] [INFO] default - 【UMF SDK】签名原始数据:plain=
[2017-10-31 11:43:35.113] [INFO] default - { licenseNo: '91140100743546792F', merId: '60038402' }
[2017-10-31 11:43:55.792] [INFO] default - 【UMF SDK】签名原始数据:plain=
[2017-10-31 11:43:55.796] [INFO] default - { licenseNo: '91140100743546792F', merId: '60038402' }
[2017-10-31 14:06:29.244] [INFO] default - 【UMF SDK】签名原始数据:plain=
[2017-10-31 14:06:29.248] [INFO] default - { licenseNo: '91140106643546792F', merId: '60038402' }
[2017-10-31 14:23:39.660] [INFO] default - 【UMF SDK】签名原始数据:plain=
[2017-10-31 14:23:39.663] [INFO] default - { licenseNo: '91140106643546792F', merId: '60038402' }
[2017-10-31 14:31:31.839] [INFO] default - 【UMF SDK】签名原始数据:plain=
[2017-10-31 14:31:31.842] [INFO] default - { licenseNo: '91140106643546792F', merId: '60038402' }
[2017-10-31 14:33:32.812] [INFO] default - 网络请求的参数为：
[2017-10-31 14:33:32.815] [INFO] default - {"grant_type":"client_credentials","client_id":"79756098a6d291260523f6199ddfc4bc0875ccf6","client_secret":"f642ab9bd929ab0d7f802e12dc689e416d4b8e6a"}
[2017-10-31 14:33:32.918] [INFO] default - Status: 201
[2017-10-31 14:33:32.923] [INFO] default - 网络请求返回{"expires_in":3600,"access_token":"2496eb02f91dc3c0b032156d377fb2b51fd69eafe9ec4c142ddbd8dc71991c8d"}
[2017-10-31 14:34:19.371] [INFO] default - 【UMF SDK】签名原始数据:plain=
[2017-10-31 14:34:19.375] [INFO] default - { licenseNo: '91140106643546792F', merId: '60038402' }
[2017-10-31 14:36:01.002] [INFO] default - 【UMF SDK】签名原始数据:plain=
[2017-10-31 14:36:01.006] [INFO] default - { licenseNo: '91140106643546792F', merId: '60038402' }
[2017-10-31 14:37:10.875] [INFO] default - 【UMF SDK】签名原始数据:plain=
[2017-10-31 14:37:10.878] [INFO] default - { licenseNo: '91140106643546792F', merId: '60038402' }
[2017-10-31 14:38:55.807] [INFO] default - 【UMF SDK】签名原始数据:plain=
[2017-10-31 14:38:55.811] [INFO] default - { licenseNo: '91140106643546792F', merId: '60038402' }
[2017-10-31 14:55:02.202] [INFO] default - 【UMF SDK】签名原始数据:plain=
[2017-10-31 14:55:02.206] [INFO] default - { licenseNo: '91140106643546792F', merId: '60038402' }
[2017-10-31 15:09:27.294] [INFO] default - 【UMF SDK】签名原始数据:plain=
[2017-10-31 15:09:27.298] [INFO] default - { licenseNo: '91140106643546792F', merId: '60038402' }
[2017-10-31 15:13:50.667] [INFO] default - 【UMF SDK】签名原始数据:plain=
[2017-10-31 15:13:50.671] [INFO] default - { licenseNo: '91140106643546792F', merId: '60038402' }
[2017-10-31 15:14:31.809] [INFO] default - 【UMF SDK】签名原始数据:plain=
[2017-10-31 15:14:31.813] [INFO] default - { licenseNo: '91140106643546792F', merId: '60038402' }
[2017-10-31 15:17:14.037] [INFO] default - 【UMF SDK】签名原始数据:plain=
[2017-10-31 15:17:14.050] [INFO] default - { licenseNo: '91140106643546792F', merId: '60038402' }
[2017-10-31 15:21:25.460] [INFO] default - 【UMF SDK】签名原始数据:plain=
[2017-10-31 15:21:25.464] [INFO] default - { licenseNo: '91140106643546792F', merId: '60038402' }
[2017-10-31 18:14:16.529] [INFO] default - 【UMF SDK】签名原始数据:plain=
[2017-10-31 18:14:16.532] [INFO] default - { licenseNo: '91140106643546792F', merId: '60038402' }
[2017-10-31 18:15:25.006] [INFO] default - 【UMF SDK】签名原始数据:plain=
[2017-10-31 18:15:25.013] [INFO] default - { licenseNo: '91140106643546792F', merId: '60038402' }
[2017-10-31 18:25:25.315] [INFO] default - 【UMF SDK】签名原始数据:plain=
[2017-10-31 18:25:25.320] [INFO] default - { licenseNo: '91140106643546792F', merId: '60038402' }
