[2017-10-30 11:09:46.754] [INFO] default - 网络请求的参数为：
[2017-10-30 11:09:46.758] [INFO] default - {"grant_type":"client_credentials","client_id":"79756098a6d291260523f6199ddfc4bc0875ccf6","client_secret":"f642ab9bd929ab0d7f802e12dc689e416d4b8e6a"}
[2017-10-30 11:09:46.955] [INFO] default - Status: 201
[2017-10-30 11:09:46.958] [INFO] default - 网络请求返回{"expires_in":3600,"access_token":"30a09dab0af93788a016cfbd687a0589bfbea1932cef0eff819b9479982c5faf"}
[2017-10-30 11:10:28.277] [INFO] default - 【UMF SDK】签名原始数据:plain=
[2017-10-30 11:10:28.280] [INFO] default - { bankAccount: 'XXy0kR+Gm5pLKgEjLpAYyY4n37paITD9KVZQwRCMJHETFMGoRHEVwPPH19NBBmYIqMFLwgsJyiFQW+KdmfZpwgT/3YX1hQqR8vPsFnzC+HaC8uSFU/T1W+uvh2uC4+yzXJO11Ahx9R+fmXAWUojkH1SzEDTjxBCQW4DQvkioRmY=',
  merId: '60038402',
  merName: 'YiBLx3/OFzbRJ7ZZmzJTnCL5OAN1HJLebbwybgWUZ3AvuCXaGHqvEREfs0oYM3keMi+LBCF//HShJlbg3MF0A6LcQfSzJF4QAgJ9HY4lDVIe425iS/8NeVlJ53cqqvICYrfENWWpXCJUf3ETjbWcO7HP6bDSXAvveyoqU+ubo64=',
  merType: '1',
  contActsName: 'dflRsYHQZogXGoWKh4DSxNZfJnNCoUDofH4caDcA5LpfEp0lRcmiLTfgivOhCEA23eNCdoO+aZLebQCOHCXxxCg2SRhpG5rc27kjyH1FvgL7L/exSK2lTTCpKypEo97vrRWjhbGHTRQYF9H0Dj6pXQULfF2MBkDZfZtcX0AD7P0=',
  mobileNo: '13911698741',
  licenseType: '1',
  licenseNo: '91140106643546792F',
  organizationId: '',
  taxPayerNum: '',
  lawyer: 'RHXz2VuLnttr8yg+6qsqrdTXQxYX1v6maY9wC5dPwwzqH6M/DBd75LCts2IHgQ7BwAHMRLObBWm0raAPhBkuI9WRa7GEjI40p0wLgweyE5xH8qwBYFdRbrsp2TqAwp2J5gBw3ssdfk+REj5pawMZbVGoE4wM5KNbMqp7O3uOWWQ=',
  cardNo: 'tJgiB5umuvxqjD0lmAQxIxJEJjHR2r8c5t6Rgq9uhjuCT2xNWy8281hywq/KkPWAJh5RDQLCPdWlBxoxAyWdo3DIaxVIgpAfTt4n/dSf0BOP27xiZDn9VUh3l/xEN46CEDl4HQu8pnhSxDkGAgBspVzbbgFNm2Zrfw2nAqcgVYE=',
  bankName: 'WIMJ01CLz/OiuXZdVqUxukRS0ifiZz+U7O8XML9kymZ+K97pb+YmtJY27CNR518hUHbv6eAwtgCcWJz8zXJBPMLogQbOIQ4uwJhWYaSwtd6iW4QQEYsw3uPDKcwMn+Nb7V0ZwKZv5XffDaWUDXExY2mA/eq3zV5F2r89/c8md6M=',
  province: '010',
  areaCode: '010',
  merNotifyUrl: 'http://xxx.xxx.com' }
[2017-10-30 11:10:28.285] [INFO] default - 网络请求的参数为：
[2017-10-30 11:10:28.285] [INFO] default - {"bankAccount":"XXy0kR+Gm5pLKgEjLpAYyY4n37paITD9KVZQwRCMJHETFMGoRHEVwPPH19NBBmYIqMFLwgsJyiFQW+KdmfZpwgT/3YX1hQqR8vPsFnzC+HaC8uSFU/T1W+uvh2uC4+yzXJO11Ahx9R+fmXAWUojkH1SzEDTjxBCQW4DQvkioRmY=","merId":"60038402","merName":"YiBLx3/OFzbRJ7ZZmzJTnCL5OAN1HJLebbwybgWUZ3AvuCXaGHqvEREfs0oYM3keMi+LBCF//HShJlbg3MF0A6LcQfSzJF4QAgJ9HY4lDVIe425iS/8NeVlJ53cqqvICYrfENWWpXCJUf3ETjbWcO7HP6bDSXAvveyoqU+ubo64=","merType":"1","contActsName":"dflRsYHQZogXGoWKh4DSxNZfJnNCoUDofH4caDcA5LpfEp0lRcmiLTfgivOhCEA23eNCdoO+aZLebQCOHCXxxCg2SRhpG5rc27kjyH1FvgL7L/exSK2lTTCpKypEo97vrRWjhbGHTRQYF9H0Dj6pXQULfF2MBkDZfZtcX0AD7P0=","mobileNo":"13911698741","licenseType":"1","licenseNo":"91140106643546792F","organizationId":"","taxPayerNum":"","lawyer":"RHXz2VuLnttr8yg+6qsqrdTXQxYX1v6maY9wC5dPwwzqH6M/DBd75LCts2IHgQ7BwAHMRLObBWm0raAPhBkuI9WRa7GEjI40p0wLgweyE5xH8qwBYFdRbrsp2TqAwp2J5gBw3ssdfk+REj5pawMZbVGoE4wM5KNbMqp7O3uOWWQ=","cardNo":"tJgiB5umuvxqjD0lmAQxIxJEJjHR2r8c5t6Rgq9uhjuCT2xNWy8281hywq/KkPWAJh5RDQLCPdWlBxoxAyWdo3DIaxVIgpAfTt4n/dSf0BOP27xiZDn9VUh3l/xEN46CEDl4HQu8pnhSxDkGAgBspVzbbgFNm2Zrfw2nAqcgVYE=","bankName":"WIMJ01CLz/OiuXZdVqUxukRS0ifiZz+U7O8XML9kymZ+K97pb+YmtJY27CNR518hUHbv6eAwtgCcWJz8zXJBPMLogQbOIQ4uwJhWYaSwtd6iW4QQEYsw3uPDKcwMn+Nb7V0ZwKZv5XffDaWUDXExY2mA/eq3zV5F2r89/c8md6M=","province":"010","areaCode":"010","merNotifyUrl":"http://xxx.xxx.com"}
[2017-10-30 11:10:28.421] [INFO] default - Status: 200
[2017-10-30 11:10:28.423] [INFO] default - 网络请求返回{"merId":"60038402","licenseNo":"91140106643546792F","meta":{"ret_code":"00352030","ret_msg":["子商户已存在"]}}&eVgVnkIYVVIk2R1I90BRzLkP7cpS39PWqVuSMPxbK9PnXHLyzCnNnSC+FmPnA1hQskb+O4BYhb37qkSghHdnvRAAJj91SwR4ljc9q3XZ/xPh84wYaSAbTmI/bcyqsI3sudKRWob1y1VqG+68kQSTqUIxabkk6zqjes95LomvkgM=
[2017-10-30 11:12:01.002] [INFO] default - 【UMF SDK】签名原始数据:plain=
[2017-10-30 11:12:01.005] [INFO] default - { licenseNo: '91140106643546792F', merId: '60038402' }
[2017-10-30 11:12:01.116] [INFO] default - Status: 500
[2017-10-30 11:15:19.078] [INFO] default - 【UMF SDK】签名原始数据:plain=
[2017-10-30 11:15:19.082] [INFO] default - { licenseNo: '91140106643546792F', merId: '60038402' }
[2017-10-30 11:15:19.181] [INFO] default - Status: 500
[2017-10-30 11:16:57.372] [INFO] default - 【UMF SDK】签名原始数据:plain=
[2017-10-30 11:16:57.376] [INFO] default - { licenseNo: '91140106643546792F', merId: '60038402' }
[2017-10-30 11:16:57.474] [INFO] default - Status: 500
[2017-10-30 11:16:57.476] [INFO] default - 网络请求返回<html>
<head><title>500 Servlet Exception</title></head>
<body>
<h1>500 Servlet Exception</h1>
<code><pre>
<script language='javascript' type='text/javascript'>
function show() { document.getElementById('trace').style.display = ''; }
</script>
<a style="text-decoration" href="javascript:show();">[show]</a> java.lang.NullPointerException
<span id="trace" style="display:none">
java.lang.NullPointerException
	at com.umpay.spayrest.filter.SignFilter.doFilter(SignFilter.java:67)
	at com.caucho.server.dispatch.FilterFilterChain.doFilter(FilterFilterChain.java:89)
	at com.umpay.spayrest.filter.OAuthFilter.doFilter(OAuthFilter.java:57)
	at com.caucho.server.dispatch.FilterFilterChain.doFilter(FilterFilterChain.java:89)
	at com.umpay.spayrest.filter.LogHelperFilter.doFilter(LogHelperFilter.java:47)
	at com.caucho.server.dispatch.FilterFilterChain.doFilter(FilterFilterChain.java:89)
	at com.caucho.server.webapp.WebAppFilterChain.doFilter(WebAppFilterChain.java:156)
	at com.caucho.server.webapp.AccessLogFilterChain.doFilter(AccessLogFilterChain.java:95)
	at com.caucho.server.dispatch.ServletInvocation.service(ServletInvocation.java:289)
	at com.caucho.server.http.HttpRequest.handleRequest(HttpRequest.java:838)
	at com.caucho.network.listen.TcpSocketLink.dispatchRequest(TcpSocketLink.java:1349)
	at com.caucho.network.listen.TcpSocketLink.handleRequest(TcpSocketLink.java:1305)
	at com.caucho.network.listen.TcpSocketLink.handleRequestsImpl(TcpSocketLink.java:1289)
	at com.caucho.network.listen.TcpSocketLink.handleRequests(TcpSocketLink.java:1197)
	at com.caucho.network.listen.TcpSocketLink.handleAcceptTaskImpl(TcpSocketLink.java:993)
	at com.caucho.network.listen.ConnectionTask.runThread(ConnectionTask.java:117)
	at com.caucho.network.listen.ConnectionTask.run(ConnectionTask.java:93)
	at com.caucho.network.listen.SocketLinkThreadLauncher.handleTasks(SocketLinkThreadLauncher.java:169)
	at com.caucho.network.listen.TcpSocketAcceptThread.run(TcpSocketAcceptThread.java:61)
	at com.caucho.env.thread2.ResinThread2.runTasks(ResinThread2.java:173)
	at com.caucho.env.thread2.ResinThread2.run(ResinThread2.java:118)
</span>
</pre></code>
<p /><hr />
<small>
Resin/4.0.48
Server: 'app-0'
</small>
</body></html>

[2017-10-30 11:21:59.447] [INFO] default - 【UMF SDK】签名原始数据:plain=
[2017-10-30 11:21:59.451] [INFO] default - { licenseNo: '91140106643546792F', merId: '60038402' }
[2017-10-30 11:21:59.572] [INFO] default - Status: 500
[2017-10-30 11:21:59.575] [INFO] default - 网络请求返回<html>
<head><title>500 Servlet Exception</title></head>
<body>
<h1>500 Servlet Exception</h1>
<code><pre>
<script language='javascript' type='text/javascript'>
function show() { document.getElementById('trace').style.display = ''; }
</script>
<a style="text-decoration" href="javascript:show();">[show]</a> java.lang.NullPointerException
<span id="trace" style="display:none">
java.lang.NullPointerException
	at com.umpay.spayrest.filter.SignFilter.doFilter(SignFilter.java:67)
	at com.caucho.server.dispatch.FilterFilterChain.doFilter(FilterFilterChain.java:89)
	at com.umpay.spayrest.filter.OAuthFilter.doFilter(OAuthFilter.java:57)
	at com.caucho.server.dispatch.FilterFilterChain.doFilter(FilterFilterChain.java:89)
	at com.umpay.spayrest.filter.LogHelperFilter.doFilter(LogHelperFilter.java:47)
	at com.caucho.server.dispatch.FilterFilterChain.doFilter(FilterFilterChain.java:89)
	at com.caucho.server.webapp.WebAppFilterChain.doFilter(WebAppFilterChain.java:156)
	at com.caucho.server.webapp.AccessLogFilterChain.doFilter(AccessLogFilterChain.java:95)
	at com.caucho.server.dispatch.ServletInvocation.service(ServletInvocation.java:289)
	at com.caucho.server.http.HttpRequest.handleRequest(HttpRequest.java:838)
	at com.caucho.network.listen.TcpSocketLink.dispatchRequest(TcpSocketLink.java:1349)
	at com.caucho.network.listen.TcpSocketLink.handleRequest(TcpSocketLink.java:1305)
	at com.caucho.network.listen.TcpSocketLink.handleRequestsImpl(TcpSocketLink.java:1289)
	at com.caucho.network.listen.TcpSocketLink.handleRequests(TcpSocketLink.java:1197)
	at com.caucho.network.listen.TcpSocketLink.handleAcceptTaskImpl(TcpSocketLink.java:993)
	at com.caucho.network.listen.ConnectionTask.runThread(ConnectionTask.java:117)
	at com.caucho.network.listen.ConnectionTask.run(ConnectionTask.java:93)
	at com.caucho.network.listen.SocketLinkThreadLauncher.handleTasks(SocketLinkThreadLauncher.java:169)
	at com.caucho.network.listen.TcpSocketAcceptThread.run(TcpSocketAcceptThread.java:61)
	at com.caucho.env.thread2.ResinThread2.runTasks(ResinThread2.java:173)
	at com.caucho.env.thread2.ResinThread2.run(ResinThread2.java:118)
</span>
</pre></code>
<p /><hr />
<small>
Resin/4.0.48
Server: 'app-0'
</small>
</body></html>

[2017-10-30 11:28:15.865] [INFO] default - 【UMF SDK】签名原始数据:plain=
[2017-10-30 11:28:15.870] [INFO] default - { licenseNo: '91140106643546792F', merId: '60038402' }
[2017-10-30 11:30:02.747] [INFO] default - 【UMF SDK】签名原始数据:plain=
[2017-10-30 11:30:02.751] [INFO] default - { licenseNo: '91140106643546792F', merId: '60038402' }
[2017-10-30 11:30:02.857] [INFO] default - Status: 500
[2017-10-30 11:30:02.861] [INFO] default - 网络请求返回<html>
<head><title>500 Servlet Exception</title></head>
<body>
<h1>500 Servlet Exception</h1>
<code><pre>
<script language='javascript' type='text/javascript'>
function show() { document.getElementById('trace').style.display = ''; }
</script>
<a style="text-decoration" href="javascript:show();">[show]</a> java.lang.NullPointerException
<span id="trace" style="display:none">
java.lang.NullPointerException
	at com.umpay.spayrest.filter.SignFilter.doFilter(SignFilter.java:67)
	at com.caucho.server.dispatch.FilterFilterChain.doFilter(FilterFilterChain.java:89)
	at com.umpay.spayrest.filter.OAuthFilter.doFilter(OAuthFilter.java:57)
	at com.caucho.server.dispatch.FilterFilterChain.doFilter(FilterFilterChain.java:89)
	at com.umpay.spayrest.filter.LogHelperFilter.doFilter(LogHelperFilter.java:47)
	at com.caucho.server.dispatch.FilterFilterChain.doFilter(FilterFilterChain.java:89)
	at com.caucho.server.webapp.WebAppFilterChain.doFilter(WebAppFilterChain.java:156)
	at com.caucho.server.webapp.AccessLogFilterChain.doFilter(AccessLogFilterChain.java:95)
	at com.caucho.server.dispatch.ServletInvocation.service(ServletInvocation.java:289)
	at com.caucho.server.http.HttpRequest.handleRequest(HttpRequest.java:838)
	at com.caucho.network.listen.TcpSocketLink.dispatchRequest(TcpSocketLink.java:1349)
	at com.caucho.network.listen.TcpSocketLink.handleRequest(TcpSocketLink.java:1305)
	at com.caucho.network.listen.TcpSocketLink.handleRequestsImpl(TcpSocketLink.java:1289)
	at com.caucho.network.listen.TcpSocketLink.handleRequests(TcpSocketLink.java:1197)
	at com.caucho.network.listen.TcpSocketLink.handleAcceptTaskImpl(TcpSocketLink.java:993)
	at com.caucho.network.listen.ConnectionTask.runThread(ConnectionTask.java:117)
	at com.caucho.network.listen.ConnectionTask.run(ConnectionTask.java:93)
	at com.caucho.network.listen.SocketLinkThreadLauncher.handleTasks(SocketLinkThreadLauncher.java:169)
	at com.caucho.network.listen.TcpSocketAcceptThread.run(TcpSocketAcceptThread.java:61)
	at com.caucho.env.thread2.ResinThread2.runTasks(ResinThread2.java:173)
	at com.caucho.env.thread2.ResinThread2.run(ResinThread2.java:118)
</span>
</pre></code>
<p /><hr />
<small>
Resin/4.0.48
Server: 'app-0'
</small>
</body></html>

[2017-10-30 11:30:18.074] [INFO] default - 【UMF SDK】签名原始数据:plain=
[2017-10-30 11:30:18.079] [INFO] default - { licenseNo: '91140106643546792F', merId: '60038402' }
[2017-10-30 11:30:18.172] [INFO] default - Status: 500
[2017-10-30 11:30:18.174] [INFO] default - 网络请求返回<html>
<head><title>500 Servlet Exception</title></head>
<body>
<h1>500 Servlet Exception</h1>
<code><pre>
<script language='javascript' type='text/javascript'>
function show() { document.getElementById('trace').style.display = ''; }
</script>
<a style="text-decoration" href="javascript:show();">[show]</a> java.lang.NullPointerException
<span id="trace" style="display:none">
java.lang.NullPointerException
	at com.umpay.spayrest.filter.SignFilter.doFilter(SignFilter.java:67)
	at com.caucho.server.dispatch.FilterFilterChain.doFilter(FilterFilterChain.java:89)
	at com.umpay.spayrest.filter.OAuthFilter.doFilter(OAuthFilter.java:57)
	at com.caucho.server.dispatch.FilterFilterChain.doFilter(FilterFilterChain.java:89)
	at com.umpay.spayrest.filter.LogHelperFilter.doFilter(LogHelperFilter.java:47)
	at com.caucho.server.dispatch.FilterFilterChain.doFilter(FilterFilterChain.java:89)
	at com.caucho.server.webapp.WebAppFilterChain.doFilter(WebAppFilterChain.java:156)
	at com.caucho.server.webapp.AccessLogFilterChain.doFilter(AccessLogFilterChain.java:95)
	at com.caucho.server.dispatch.ServletInvocation.service(ServletInvocation.jav
[2017-10-30 11:30:18.178] [INFO] default - 网络请求返回a:289)
	at com.caucho.server.http.HttpRequest.handleRequest(HttpRequest.java:838)
	at com.caucho.network.listen.TcpSocketLink.dispatchRequest(TcpSocketLink.java:1349)
	at com.caucho.network.listen.TcpSocketLink.handleRequest(TcpSocketLink.java:1305)
	at com.caucho.network.listen.TcpSocketLink.handleRequestsImpl(TcpSocketLink.java:1289)
	at com.caucho.network.listen.TcpSocketLink.handleRequests(TcpSocketLink.java:1197)
	at com.caucho.network.listen.TcpSocketLink.handleAcceptTaskImpl(TcpSocketLink.java:993)
	at com.caucho.network.listen.ConnectionTask.runThread(ConnectionTask.java:117)
	at com.caucho.network.listen.ConnectionTask.run(ConnectionTask.java:93)
	at com.caucho.network.listen.SocketLinkThreadLauncher.handleTasks(SocketLinkThreadLauncher.java:169)
	at com.caucho.network.listen.TcpSocketAcceptThread.run(TcpSocketAcceptThread.java:61)
	at com.caucho.env.thread2.ResinThread2.runTasks(ResinThread2.java:173)
	at com.caucho.env.thread2.ResinThread2.run(ResinThread2.java:118)
</span>
</pre></code>
<p /><hr />
<small>
Resin/4.0.48
Server: 'app-0'
</small>
</body></html>

[2017-10-30 11:38:46.621] [INFO] default - 【UMF SDK】签名原始数据:plain=
[2017-10-30 11:38:46.624] [INFO] default - { licenseNo: '91140106643546792F', merId: '60038402' }
[2017-10-30 11:38:46.784] [INFO] default - Status: 500
[2017-10-30 11:38:46.788] [INFO] default - 网络请求返回<html>
<head><title>500 Servlet Exception</title></head>
<body>
<h1>500 Servlet Exception</h1>
<code><pre>
<script language='javascript' type='text/javascript'>
function show() { document.getElementById('trace').style.display = ''; }
</script>
<a style="text-decoration" href="javascript:show();">[show]</a> java.lang.NullPointerException
<span id="trace" style="display:none">
java.lang.NullPointerException
	at com.umpay.spayrest.filter.SignFilter.doFilter(SignFilter.java:67)
	at com.caucho.server.dispatch.FilterFilterChain.doFilter(FilterFilterChain.java:89)
	at com.umpay.spayrest.filter.OAuthFilter.doFilter(OAuthFilter.java:57)
	at com.caucho.server.dispatch.FilterFilterChain.doFilter(FilterFilterChain.java:89)
	at com.umpay.spayrest.filter.LogHelperFilter.doFilter(LogHelperFilter.java:47)
	at com.caucho.server.dispatch.FilterFilterChain.doFilter(FilterFilterChain.java:89)
	at com.caucho.server.webapp.WebAppFilterChain.doFilter(WebAppFilterChain.java:156)
	at com.caucho.server.webapp.AccessLogFilterChain.doFilter(AccessLogFilterChain.java:95)
	at com.caucho.server.dispatch.ServletInvocation.service(ServletInvocation.java:289)
	at com.caucho.server.http.HttpRequest.handleRequest(HttpRequest.java:838)
	at com.caucho.network.listen.TcpSocketLink.dispatchRequest(TcpSocketLink.java:1349)
	at com.caucho.network.listen.TcpSocketLink.handleRequest(TcpSocketLink.java:1305)
	at com.caucho.network.listen.TcpSocketLink.handleRequestsImpl(TcpSocketLink.java:1289)
	at com.caucho.network.listen.TcpSocketLink.handleRequests(TcpSocketLink.java:1197)
	at com.caucho.network.listen.TcpSocketLink.handleAcceptTaskImpl(TcpSocketLink.java:993)
	at com.caucho.network.listen.ConnectionTask.runThread(ConnectionTask.java:117)
	at com.caucho.network.listen.ConnectionTask.run(ConnectionTask.java:93)
	at com.caucho.network.listen.SocketLinkThreadLauncher.handleTasks(SocketLinkThreadLauncher.java:169)
	at com.caucho.network.listen.TcpSocketAcceptThread.run(TcpSocketAcceptThread.java:61)
	at com.caucho.env.thread2.ResinThread2.runTasks(ResinThread2.java:173)
	at com.caucho.env.thread2.ResinThread2.run(ResinThread2.java:118)
</span>
</pre></code>
<p /><hr />
<small>
Resin/4.0.48
Server: 'app-0'
</small>
</body></html>

[2017-10-30 11:40:51.680] [INFO] default - 【UMF SDK】签名原始数据:plain=
[2017-10-30 11:40:51.684] [INFO] default - { licenseNo: '91140106643546792F', merId: '60038402' }
[2017-10-30 14:24:10.378] [INFO] default - 【UMF SDK】签名原始数据:plain=
[2017-10-30 14:24:10.383] [INFO] default - { licenseNo: '91140106643546792F', merId: '60038402' }
[2017-10-30 15:45:47.860] [INFO] default - 网络请求的参数为：
[2017-10-30 15:45:47.864] [INFO] default - {"grant_type":"client_credentials","client_id":"79756098a6d291260523f6199ddfc4bc0875ccf6","client_secret":"f642ab9bd929ab0d7f802e12dc689e416d4b8e6a"}
[2017-10-30 15:45:47.957] [INFO] default - Status: 201
[2017-10-30 15:45:47.962] [INFO] default - 网络请求返回{"expires_in":3600,"access_token":"bf5822424db1029e691b807f975735af937d78722b3aaeed6f67b029f3579f25"}
[2017-10-30 15:46:05.513] [INFO] default - 【UMF SDK】签名原始数据:plain=
[2017-10-30 15:46:05.516] [INFO] default - { licenseNo: '91140106643546792F', merId: '60038402' }
[2017-10-30 16:14:58.687] [INFO] default - 【UMF SDK】签名原始数据:plain=
[2017-10-30 16:14:58.691] [INFO] default - { licenseNo: '91140106643546792F', merId: '60038402' }
[2017-10-30 16:16:17.020] [INFO] default - 【UMF SDK】签名原始数据:plain=
[2017-10-30 16:16:17.023] [INFO] default - { licenseNo: '91140106643546792F', merId: '60038402' }
[2017-10-30 16:18:13.248] [INFO] default - 【UMF SDK】签名原始数据:plain=
[2017-10-30 16:18:13.252] [INFO] default - { licenseNo: '91140106643546792F', merId: '60038402' }
[2017-10-30 16:23:39.534] [INFO] default - 【UMF SDK】签名原始数据:plain=
[2017-10-30 16:23:39.538] [INFO] default - { licenseNo: '91140106643546792F', merId: '60038402' }
[2017-10-30 16:25:59.013] [INFO] default - 【UMF SDK】签名原始数据:plain=
[2017-10-30 16:25:59.016] [INFO] default - { licenseNo: '91140106643546792F', merId: '60038402' }
[2017-10-30 16:26:52.584] [INFO] default - 【UMF SDK】签名原始数据:plain=
[2017-10-30 16:26:52.588] [INFO] default - { licenseNo: '91140106643546792F', merId: '60038402' }
[2017-10-30 16:27:35.928] [INFO] default - 【UMF SDK】签名原始数据:plain=
[2017-10-30 16:27:35.932] [INFO] default - { licenseNo: '91140106643546792F', merId: '60038402' }
[2017-10-30 16:28:24.447] [INFO] default - 【UMF SDK】签名原始数据:plain=
[2017-10-30 16:28:24.451] [INFO] default - { licenseNo: '91140106643546792F', merId: '60038402' }
[2017-10-30 16:28:46.822] [INFO] default - 【UMF SDK】签名原始数据:plain=
[2017-10-30 16:28:46.826] [INFO] default - { licenseNo: '91140106643546792F', merId: '60038402' }
[2017-10-30 16:29:07.159] [INFO] default - 【UMF SDK】签名原始数据:plain=
[2017-10-30 16:29:07.163] [INFO] default - { licenseNo: '91140106643546792F', merId: '60038402' }
[2017-10-30 16:29:58.769] [INFO] default - 【UMF SDK】签名原始数据:plain=
[2017-10-30 16:29:58.773] [INFO] default - { licenseNo: '91140106643546792F', merId: '60038402' }
[2017-10-30 16:30:30.819] [INFO] default - 【UMF SDK】签名原始数据:plain=
[2017-10-30 16:30:30.823] [INFO] default - { licenseNo: '91140106643546792F', merId: '60038402' }
[2017-10-30 16:31:00.244] [INFO] default - 【UMF SDK】签名原始数据:plain=
[2017-10-30 16:31:00.248] [INFO] default - { licenseNo: '91140106643546792F', merId: '60038402' }
[2017-10-30 16:31:10.582] [INFO] default - 【UMF SDK】签名原始数据:plain=
[2017-10-30 16:31:10.585] [INFO] default - { licenseNo: '91140106643546792F', merId: '60038402' }
[2017-10-30 16:31:44.385] [INFO] default - 【UMF SDK】签名原始数据:plain=
[2017-10-30 16:31:44.393] [INFO] default - { licenseNo: '91140106643546792F', merId: '60038402' }
[2017-10-30 16:32:53.225] [INFO] default - 【UMF SDK】签名原始数据:plain=
[2017-10-30 16:32:53.229] [INFO] default - { licenseNo: '91140106643546792F', merId: '60038402' }
[2017-10-30 16:34:40.301] [INFO] default - 【UMF SDK】签名原始数据:plain=
[2017-10-30 16:34:40.304] [INFO] default - { licenseNo: '91140106643546792F', merId: '60038402' }
[2017-10-30 16:37:26.108] [INFO] default - 网络请求的参数为：
[2017-10-30 16:37:26.116] [INFO] default - {"grant_type":"client_credentials","client_id":"79756098a6d291260523f6199ddfc4bc0875ccf6","client_secret":"f642ab9bd929ab0d7f802e12dc689e416d4b8e6a"}
[2017-10-30 16:37:26.242] [INFO] default - Status: 201
[2017-10-30 16:37:26.243] [INFO] default - 网络请求返回{"expires_in":3600,"access_token":"60dfeda928c31aac85957558b7c5a1750df0ea4bfdab0d6344ea5e9a2cc90270"}
[2017-10-30 16:37:41.329] [INFO] default - 【UMF SDK】签名原始数据:plain=
[2017-10-30 16:37:41.333] [INFO] default - { licenseNo: '91140106643546792F', merId: '60038402' }
[2017-10-30 16:38:20.689] [INFO] default - 【UMF SDK】签名原始数据:plain=
[2017-10-30 16:38:20.694] [INFO] default - { licenseNo: '91140106643546792F', merId: '60038402' }
[2017-10-30 16:38:42.280] [INFO] default - 【UMF SDK】签名原始数据:plain=
[2017-10-30 16:38:42.285] [INFO] default - { licenseNo: '91140106643546792F', merId: '60038402' }
[2017-10-30 16:40:02.550] [INFO] default - 【UMF SDK】签名原始数据:plain=
[2017-10-30 16:40:02.554] [INFO] default - { licenseNo: '91140106643546792F', merId: '60038402' }
[2017-10-30 16:41:15.020] [INFO] default - 【UMF SDK】签名原始数据:plain=
[2017-10-30 16:41:15.025] [INFO] default - { licenseNo: '91140106643546792F', merId: '60038402' }
[2017-10-30 16:44:25.231] [INFO] default - 【UMF SDK】签名原始数据:plain=
[2017-10-30 16:44:25.235] [INFO] default - { licenseNo: '91140106643546792F', merId: '60038402' }
[2017-10-30 16:44:48.890] [INFO] default - 【UMF SDK】签名原始数据:plain=
[2017-10-30 16:44:48.895] [INFO] default - { licenseNo: '91140106643546792F', merId: '60038402' }
[2017-10-30 16:45:42.255] [INFO] default - 【UMF SDK】签名原始数据:plain=
[2017-10-30 16:45:42.261] [INFO] default - { licenseNo: '91140106643546792F', merId: '60038402' }
[2017-10-30 16:52:30.830] [INFO] default - 【UMF SDK】签名原始数据:plain=
[2017-10-30 16:52:30.835] [INFO] default - { licenseNo: '91140100743546792F', merId: '60038402' }
[2017-10-30 16:53:55.022] [INFO] default - 【UMF SDK】签名原始数据:plain=
[2017-10-30 16:53:55.025] [INFO] default - { licenseNo: '91140100743546792F', merId: '60038402' }
[2017-10-30 16:54:52.314] [INFO] default - 【UMF SDK】签名原始数据:plain=
[2017-10-30 16:54:52.330] [INFO] default - { licenseNo: '91140100743546792F', merId: '60038402' }
[2017-10-30 16:55:51.596] [INFO] default - 【UMF SDK】签名原始数据:plain=
[2017-10-30 16:55:51.599] [INFO] default - { licenseNo: '91140100743546792F', merId: '60038402' }
[2017-10-30 16:56:48.974] [INFO] default - 【UMF SDK】签名原始数据:plain=
[2017-10-30 16:56:48.978] [INFO] default - { licenseNo: '91140100743546792F', merId: '60038402' }
[2017-10-30 16:58:17.242] [INFO] default - 【UMF SDK】签名原始数据:plain=
[2017-10-30 16:58:17.246] [INFO] default - { licenseNo: '91140100743546792F', merId: '60038402' }
[2017-10-30 16:58:39.997] [INFO] default - 【UMF SDK】签名原始数据:plain=
[2017-10-30 16:58:40.001] [INFO] default - { licenseNo: '91140100743546792F', merId: '60038402' }
[2017-10-30 16:59:17.213] [INFO] default - 【UMF SDK】签名原始数据:plain=
[2017-10-30 16:59:17.216] [INFO] default - { licenseNo: '91140100743546792F', merId: '60038402' }
[2017-10-30 16:59:56.415] [INFO] default - 【UMF SDK】签名原始数据:plain=
[2017-10-30 16:59:56.420] [INFO] default - { licenseNo: '91140100743546792F', merId: '60038402' }
[2017-10-30 17:25:24.047] [INFO] default - 【UMF SDK】签名原始数据:plain=
[2017-10-30 17:25:24.050] [INFO] default - { licenseNo: '91140100743546792F', merId: '60038402' }
[2017-10-30 17:26:15.072] [INFO] default - 【UMF SDK】签名原始数据:plain=
[2017-10-30 17:26:15.075] [INFO] default - { licenseNo: '91140100743546792F', merId: '60038402' }
[2017-10-30 17:31:33.958] [INFO] default - 【UMF SDK】签名原始数据:plain=
[2017-10-30 17:31:33.968] [INFO] default - { licenseNo: '91140100743546792F', merId: '60038402' }
[2017-10-30 17:31:40.020] [INFO] default - 【UMF SDK】签名原始数据:plain=
[2017-10-30 17:31:40.023] [INFO] default - { licenseNo: '91140100743546792F', merId: '60038402' }
[2017-10-30 17:32:04.389] [INFO] default - 【UMF SDK】签名原始数据:plain=
[2017-10-30 17:32:04.392] [INFO] default - { licenseNo: '91140100743546792F', merId: '60038402' }
[2017-10-30 17:32:08.938] [INFO] default - 【UMF SDK】签名原始数据:plain=
[2017-10-30 17:32:08.950] [INFO] default - { licenseNo: '91140100743546792F', merId: '60038402' }
[2017-10-30 17:33:51.372] [INFO] default - 【UMF SDK】签名原始数据:plain=
[2017-10-30 17:33:51.376] [INFO] default - { licenseNo: '91140100743546792F', merId: '60038402' }
[2017-10-30 17:34:02.466] [INFO] default - 【UMF SDK】签名原始数据:plain=
[2017-10-30 17:34:02.471] [INFO] default - { licenseNo: '91140100743546792F', merId: '60038402' }
[2017-10-30 17:43:51.002] [INFO] default - 【UMF SDK】签名原始数据:plain=
[2017-10-30 17:43:51.006] [INFO] default - { licenseNo: '91140100743546792F', merId: '60038402' }
[2017-10-30 17:44:03.714] [INFO] default - 【UMF SDK】签名原始数据:plain=
[2017-10-30 17:44:03.719] [INFO] default - { licenseNo: '91140100743546792F', merId: '60038402' }
[2017-10-30 17:44:55.392] [INFO] default - 【UMF SDK】签名原始数据:plain=
[2017-10-30 17:44:55.396] [INFO] default - { licenseNo: '91140100743546792F', merId: '60038402' }
[2017-10-30 17:46:58.704] [INFO] default - 【UMF SDK】签名原始数据:plain=
[2017-10-30 17:46:58.709] [INFO] default - { licenseNo: '91140100743546792F', merId: '60038402' }
[2017-10-30 18:03:30.157] [INFO] default - 网络请求的参数为：
[2017-10-30 18:03:30.161] [INFO] default - {"grant_type":"client_credentials","client_id":"79756098a6d291260523f6199ddfc4bc0875ccf6","client_secret":"f642ab9bd929ab0d7f802e12dc689e416d4b8e6a"}
[2017-10-30 18:03:30.298] [INFO] default - Status: 201
[2017-10-30 18:03:30.304] [INFO] default - 网络请求返回{"expires_in":3600,"access_token":"d34e2fe87a381f349e5d8e4c1ce75006b666098446ebc0c171eac27cbb29763e"}
[2017-10-30 18:04:59.345] [INFO] default - 【UMF SDK】签名原始数据:plain=
[2017-10-30 18:04:59.349] [INFO] default - { licenseNo: '91140100743546792F', merId: '60038402' }
[2017-10-30 18:05:26.776] [INFO] default - 【UMF SDK】签名原始数据:plain=
[2017-10-30 18:05:26.781] [INFO] default - { licenseNo: '91140100743546792F', merId: '60038402' }
[2017-10-30 18:08:07.460] [INFO] default - 【UMF SDK】签名原始数据:plain=
[2017-10-30 18:08:07.463] [INFO] default - { licenseNo: '91140100743546792F', merId: '60038402' }
[2017-10-30 18:08:17.851] [INFO] default - 【UMF SDK】签名原始数据:plain=
[2017-10-30 18:08:17.856] [INFO] default - { licenseNo: '91140100743546792F', merId: '60038402' }
[2017-10-30 18:08:38.460] [INFO] default - 【UMF SDK】签名原始数据:plain=
[2017-10-30 18:08:38.467] [INFO] default - { licenseNo: '91140100743546792F', merId: '60038402' }
[2017-10-30 18:12:47.125] [INFO] default - 【UMF SDK】签名原始数据:plain=
[2017-10-30 18:12:47.128] [INFO] default - { licenseNo: '91140100743546792F', merId: '60038402' }
[2017-10-30 18:13:04.283] [INFO] default - 【UMF SDK】签名原始数据:plain=
