[2017-11-06 09:50:52.571] [INFO] default - [UMF SDK] 平台通知数据验签成功
[2017-11-06 09:50:52.574] [INFO] default - 【UMF SDK】签名原始数据:plain=
[2017-11-06 09:50:52.574] [INFO] default - { merId: '60188102',
  licenseNo: '91140100743546792Z',
  ret_code: '0000' }
[2017-11-06 10:18:20.973] [INFO] default - [UMF SDK] 平台通知数据验签成功
[2017-11-06 10:18:20.975] [INFO] default - 【UMF SDK】签名原始数据:plain=
[2017-11-06 10:18:20.976] [INFO] default - { merId: '60188102',
  licenseNo: '91140100743546792Z',
  ret_code: '0000' }
[2017-11-06 10:21:18.808] [INFO] default - [UMF SDK] 平台通知数据验签成功
[2017-11-06 10:21:18.813] [INFO] default - 【UMF SDK】签名原始数据:plain=
[2017-11-06 10:21:18.814] [INFO] default - { merId: '60188102',
  licenseNo: '91140100743546792Z',
  ret_code: '0000' }
[2017-11-06 10:21:51.429] [INFO] default - [UMF SDK] 平台通知数据验签成功
[2017-11-06 10:21:51.432] [INFO] default - 【UMF SDK】签名原始数据:plain=
[2017-11-06 10:21:51.432] [INFO] default - { merId: '60188102',
  licenseNo: '91140100743546792Z',
  ret_code: '0000' }
[2017-11-06 14:46:01.195] [INFO] default - =====分账-分账状态查询======
[2017-11-06 14:46:01.202] [INFO] default - [UMF SDK] 商户请求数据必填字段校验通过
[2017-11-06 14:46:01.203] [INFO] default - 【UMF SDK】签名原始数据:plain=
[2017-11-06 14:46:01.203] [INFO] default - { charset: 'UTF-8',
  sign_type: 'RSA',
  res_format: 'HTML',
  version: '4.0',
  mer_id: '60038402',
  service: 'query_split_order',
  order_id: '20171025156977045',
  mer_date: '20171025' }
[2017-11-06 14:46:01.215] [INFO] default - [UMF SDK] 商户请求校验规则正确
[2017-11-06 14:46:01.215] [INFO] default - [UMF SDK] 商户请求返回的map为:
[2017-11-06 14:46:01.215] [INFO] default - { charset: 'UTF-8',
  res_format: 'HTML',
  version: '4.0',
  mer_id: '60038402',
  service: 'query_split_order',
  order_id: '20171025156977045',
  mer_date: '20171025',
  sign_type: 'RSA',
  sign: 'UB9H95pMf04nd/UKCiQnEa/Jfs+CI+1XtPidqwGP8MzoJ6wdp/+Bzuwt5G8u1F1gNb12LMjkAKipzJdYdG7L0eSrOKSBid5p3a2G0v+33Tt5mJeKFOIUTx5lotDoAk3Xt8T9Gh9pnwxlrBL7nbb3ObfDgq158J4dtuouJRhvYVE=' }
[2017-11-06 14:46:01.220] [INFO] default - 网络请求的参数为：
[2017-11-06 14:46:01.220] [INFO] default - charset=UTF-8&res_format=HTML&version=4.0&mer_id=60038402&service=query_split_order&order_id=20171025156977045&mer_date=20171025&sign_type=RSA&sign=UB9H95pMf04nd%2FUKCiQnEa%2FJfs%2BCI%2B1XtPidqwGP8MzoJ6wdp%2F%2BBzuwt5G8u1F1gNb12LMjkAKipzJdYdG7L0eSrOKSBid5p3a2G0v%2B33Tt5mJeKFOIUTx5lotDoAk3Xt8T9Gh9pnwxlrBL7nbb3ObfDgq158J4dtuouJRhvYVE%3D
[2017-11-06 14:46:01.634] [INFO] default - Status: 200
[2017-11-06 14:46:01.666] [INFO] default - 验签通过
[2017-11-06 14:47:56.280] [INFO] default - =====分账-分账状态查询======
[2017-11-06 14:47:56.283] [INFO] default - [UMF SDK] 商户请求数据必填字段校验通过
[2017-11-06 14:47:56.284] [INFO] default - 【UMF SDK】签名原始数据:plain=
[2017-11-06 14:47:56.284] [INFO] default - { charset: 'UTF-8',
  sign_type: 'RSA',
  res_format: 'HTML',
  version: '4.0',
  mer_id: '60038402',
  service: 'query_split_order',
  order_id: '20171025156977045',
  mer_date: '20171025' }
[2017-11-06 14:47:56.289] [INFO] default - [UMF SDK] 商户请求校验规则正确
[2017-11-06 14:47:56.289] [INFO] default - [UMF SDK] 商户请求返回的map为:
[2017-11-06 14:47:56.289] [INFO] default - { charset: 'UTF-8',
  res_format: 'HTML',
  version: '4.0',
  mer_id: '60038402',
  service: 'query_split_order',
  order_id: '20171025156977045',
  mer_date: '20171025',
  sign_type: 'RSA',
  sign: 'UB9H95pMf04nd/UKCiQnEa/Jfs+CI+1XtPidqwGP8MzoJ6wdp/+Bzuwt5G8u1F1gNb12LMjkAKipzJdYdG7L0eSrOKSBid5p3a2G0v+33Tt5mJeKFOIUTx5lotDoAk3Xt8T9Gh9pnwxlrBL7nbb3ObfDgq158J4dtuouJRhvYVE=' }
[2017-11-06 14:47:56.290] [INFO] default - 网络请求的参数为：
[2017-11-06 14:47:56.290] [INFO] default - charset=UTF-8&res_format=HTML&version=4.0&mer_id=60038402&service=query_split_order&order_id=20171025156977045&mer_date=20171025&sign_type=RSA&sign=UB9H95pMf04nd%2FUKCiQnEa%2FJfs%2BCI%2B1XtPidqwGP8MzoJ6wdp%2F%2BBzuwt5G8u1F1gNb12LMjkAKipzJdYdG7L0eSrOKSBid5p3a2G0v%2B33Tt5mJeKFOIUTx5lotDoAk3Xt8T9Gh9pnwxlrBL7nbb3ObfDgq158J4dtuouJRhvYVE%3D
[2017-11-06 14:47:56.478] [INFO] default - Status: 200
[2017-11-06 14:47:56.524] [INFO] default - 验签通过
[2017-11-06 14:55:24.992] [INFO] default - =====分账-分账状态查询======
[2017-11-06 14:55:24.997] [INFO] default - [UMF SDK] 商户请求数据必填字段校验通过
[2017-11-06 14:55:24.999] [INFO] default - 【UMF SDK】签名原始数据:plain=
[2017-11-06 14:55:24.999] [INFO] default - { charset: 'UTF-8',
  sign_type: 'RSA',
  res_format: 'HTML',
  version: '4.0',
  mer_id: '60038402',
  service: 'query_split_order',
  order_id: '20171025156977045',
  mer_date: '20171025' }
[2017-11-06 14:55:25.005] [INFO] default - [UMF SDK] 商户请求校验规则正确
[2017-11-06 14:55:25.005] [INFO] default - [UMF SDK] 商户请求返回的map为:
[2017-11-06 14:55:25.005] [INFO] default - { charset: 'UTF-8',
  res_format: 'HTML',
  version: '4.0',
  mer_id: '60038402',
  service: 'query_split_order',
  order_id: '20171025156977045',
  mer_date: '20171025',
  sign_type: 'RSA',
  sign: 'UB9H95pMf04nd/UKCiQnEa/Jfs+CI+1XtPidqwGP8MzoJ6wdp/+Bzuwt5G8u1F1gNb12LMjkAKipzJdYdG7L0eSrOKSBid5p3a2G0v+33Tt5mJeKFOIUTx5lotDoAk3Xt8T9Gh9pnwxlrBL7nbb3ObfDgq158J4dtuouJRhvYVE=' }
[2017-11-06 14:55:25.007] [INFO] default - 网络请求的参数为：
[2017-11-06 14:55:25.008] [INFO] default - charset=UTF-8&res_format=HTML&version=4.0&mer_id=60038402&service=query_split_order&order_id=20171025156977045&mer_date=20171025&sign_type=RSA&sign=UB9H95pMf04nd%2FUKCiQnEa%2FJfs%2BCI%2B1XtPidqwGP8MzoJ6wdp%2F%2BBzuwt5G8u1F1gNb12LMjkAKipzJdYdG7L0eSrOKSBid5p3a2G0v%2B33Tt5mJeKFOIUTx5lotDoAk3Xt8T9Gh9pnwxlrBL7nbb3ObfDgq158J4dtuouJRhvYVE%3D
[2017-11-06 14:55:25.571] [INFO] default - Status: 200
[2017-11-06 14:55:25.600] [INFO] default - 验签通过
[2017-11-06 15:02:59.611] [INFO] default - =====分账-分账退费======
[2017-11-06 15:02:59.614] [INFO] default - [UMF SDK] 商户请求数据必填字段校验通过
[2017-11-06 15:02:59.615] [INFO] default - 【UMF SDK】签名原始数据:plain=
[2017-11-06 15:02:59.615] [INFO] default - { charset: 'UTF-8',
  sign_type: 'RSA',
  res_format: 'HTML',
  version: '4.0',
  mer_id: '60038402',
  service: 'mer_refund',
  refund_no: '17102711311234',
  order_id: '20171025156977045',
  mer_date: '20171025',
  org_amount: 2 }
[2017-11-06 15:02:59.621] [INFO] default - [UMF SDK] 商户请求校验规则正确
[2017-11-06 15:02:59.621] [INFO] default - [UMF SDK] 商户请求返回的map为:
[2017-11-06 15:02:59.621] [INFO] default - { charset: 'UTF-8',
  res_format: 'HTML',
  version: '4.0',
  mer_id: '60038402',
  service: 'mer_refund',
  refund_no: '17102711311234',
  order_id: '20171025156977045',
  mer_date: '20171025',
  org_amount: 2,
  sign_type: 'RSA',
  sign: 'oZ1d0YyyGdPR7UAi2pEX9nHsO3oCe3fxw8L6tTA/lY3exBGYgomYv5DUvn+r1VYQZ+skr7k2sHt02gfjHc3v1g78vjDpsGCeyCLM7m33IAK1UU8N3aWuCzEQtmnbSSVAZQWxHUMK6jnwbqYf+h7/UfmBUAoVK4QN92QOFNOlK20=' }
[2017-11-06 15:02:59.622] [INFO] default - 网络请求的参数为：
[2017-11-06 15:02:59.622] [INFO] default - charset=UTF-8&res_format=HTML&version=4.0&mer_id=60038402&service=mer_refund&refund_no=17102711311234&order_id=20171025156977045&mer_date=20171025&org_amount=2&sign_type=RSA&sign=oZ1d0YyyGdPR7UAi2pEX9nHsO3oCe3fxw8L6tTA%2FlY3exBGYgomYv5DUvn%2Br1VYQZ%2Bskr7k2sHt02gfjHc3v1g78vjDpsGCeyCLM7m33IAK1UU8N3aWuCzEQtmnbSSVAZQWxHUMK6jnwbqYf%2Bh7%2FUfmBUAoVK4QN92QOFNOlK20%3D
[2017-11-06 15:03:00.978] [INFO] default - Status: 200
[2017-11-06 15:03:01.030] [INFO] default - 验签通过
[2017-11-06 15:24:49.283] [INFO] default - [UMF SDK] 商户请求数据必填字段校验通过
[2017-11-06 15:24:49.287] [INFO] default - 【UMF SDK】签名原始数据:plain=
[2017-11-06 15:24:49.287] [INFO] default - { charset: 'UTF-8',
  sign_type: 'RSA',
  res_format: 'HTML',
  version: '4.0',
  mer_id: '60038402',
  service: 'download_settle_file',
  settle_date: '20171024',
  settle_path: '/Users/MYFILE/Desktop/',
  settle_type: 'SPLITDETAIL' }
[2017-11-06 15:24:49.292] [INFO] default - [UMF SDK] 商户请求校验规则正确
[2017-11-06 15:24:49.293] [INFO] default - [UMF SDK] 商户请求返回的map为:
[2017-11-06 15:24:49.293] [INFO] default - { charset: 'UTF-8',
  res_format: 'HTML',
  version: '4.0',
  mer_id: '60038402',
  service: 'download_settle_file',
  settle_date: '20171024',
  settle_path: '/Users/MYFILE/Desktop/',
  settle_type: 'SPLITDETAIL',
  sign_type: 'RSA',
  sign: 'eU3k625ZfdDIc0P07qa6MZv2r/Q4aEypxjUnRFJ4waQPrHgQyxMZdLkcM0jzxgfA7dOrYtD6D+bU2SpeTEdDfWEi5RDZRT/SVD4p/r9WLjo/uvuwzk+aJspeaHdUC6CqJhIpYMktimD1nvuZ23vloxcm2ny5QP4KBKw6YacvkvE=' }
[2017-11-06 15:24:49.294] [INFO] default - 网络请求的参数为：
[2017-11-06 15:24:49.294] [INFO] default - charset=UTF-8&res_format=HTML&version=4.0&mer_id=60038402&service=download_settle_file&settle_date=20171024&settle_path=%2FUsers%2FMYFILE%2FDesktop%2F&settle_type=SPLITDETAIL&sign_type=RSA&sign=eU3k625ZfdDIc0P07qa6MZv2r%2FQ4aEypxjUnRFJ4waQPrHgQyxMZdLkcM0jzxgfA7dOrYtD6D%2BbU2SpeTEdDfWEi5RDZRT%2FSVD4p%2Fr9WLjo%2Fuvuwzk%2BaJspeaHdUC6CqJhIpYMktimD1nvuZ23vloxcm2ny5QP4KBKw6YacvkvE%3D
[2017-11-06 15:24:49.437] [INFO] default - Status: 200
[2017-11-06 15:24:49.495] [INFO] default - 对账文件写入成功
[2017-11-06 15:47:36.941] [INFO] default - 【UMF SDK】签名原始数据:plain=
[2017-11-06 15:47:36.944] [INFO] default - { bankAccount: 'Z9+C3YsE+DzEONM2XDWpaNIndYaYCJJHRuqB9tG+EjJvMsjuYIjtIFMKapC4li0tEeJgIi69sp6Eho486Ap1MTlq2dfKr+IfUGRCd/1LBlqSNpSVqNqZENvoL56BE1RUJ3F8nR4RFe8S6BsiRMPeasaw6DHnmC4HaNz8/FXNDa4=',
  merId: '60038402',
  merName: 'f3H6x1u+ho5yYc1Q3xpcs7UKnwGDLegDdoflH2Ee6P/e7wPqhIjAg0QmIjqm8hdD30/ZAI5zKGLibtxxMvW9u2mh4ME6U3joQ8wz4dWkowxAFxxKQ5SmYnShBqEhSXtxsUGIlOXCVJ9K9Xmw4RVghzag4v0W21//+4JwDjhNknw=',
  merType: '1',
  contActsName: 'FHTLLm9w619ZwOYPBp7hzq3g71FLNOoINt/2s9ariWGJabJmCyIk/ihMwo/DXCaLLlQoCCkjgT6Jc4Utj8PPQVkOH/hO5aZ6TfiZhm59uBI3WpysdLjg3JLadBzfnPvIad1o8Rr5sRBz6JQWS5TUsUqxWqCTeohC2DVhEsDJSy4=',
  mobileNo: '13911698741',
  licenseType: '1',
  licenseNo: '92140106643546792F',
  organizationId: '',
  taxPayerNum: '',
  lawyer: 'gnZW0uDMd9mmdaIdkn9j7BDRjnQh/8l4sVa4JPdNjbIY7F/8LkLs1U+oNX+vM3oPbZKv4PgpPTdUqM8dA942LE2Q2iNcjSSQ1cNXC/piE7G9RVEi4eblD9OPFbBHN/8IpUReFIQyIhyKc+HJI5TRnbzOfkHrNqaqSg6kh6fypoE=',
  cardNo: 'eoU6411LPaZD75XnXBDCVcLMrpBSsfL0hGoZev0TpRGIs02SXOFwrKWN7bicaOt52ag9q6jjeAjm/fs8S00ZwSx9/HN4IswjDAQkpohGo9JnxwaXZ9hERjf4XBgYNbnncuIMjj3slYprIt6EdlIfM7or5bl5YpvNcwICdKybk74=',
  bankName: 'p+BSvhFo8E8ICmBXIBIG1B0d4av7OZjQzC33WISJVjKPSpRKlOwRFeH3Agjs+mdlrGrW0s7lu7Z9jgoN3ABVzdK8mpGxGEkPSF9KuMzscyTyu5NudaCF17jYtSRiRUhhIhf+tLqC531+BMaLc3rDO4HEyd56LN/Hs3oTrKS+3ns=',
  province: '010',
  areaCode: '010',
  pubPriFlag: '1',
  bankBrhName: 'mFTQQ4i6IV7o6IVOnhxl1OMl7KE2sKmCiv4ElXq5iP5NplSbMgo7umhK9zE+mSe6HObX1QcWqxwyHVZm1AhMaPgNCX8aKBvAawN4nmNu8RqRsYJ/6LENd4t96Psz857LHDzkOqW6sUaxotSAIOY18eAjeHkBopprbgQ7dGidDZ4=',
  merNotifyUrl: 'http://xxx.xxx.com' }
[2017-11-06 15:47:36.950] [INFO] default - 网络请求的参数为：
[2017-11-06 15:47:36.951] [INFO] default - {"bankAccount":"Z9+C3YsE+DzEONM2XDWpaNIndYaYCJJHRuqB9tG+EjJvMsjuYIjtIFMKapC4li0tEeJgIi69sp6Eho486Ap1MTlq2dfKr+IfUGRCd/1LBlqSNpSVqNqZENvoL56BE1RUJ3F8nR4RFe8S6BsiRMPeasaw6DHnmC4HaNz8/FXNDa4=","merId":"60038402","merName":"f3H6x1u+ho5yYc1Q3xpcs7UKnwGDLegDdoflH2Ee6P/e7wPqhIjAg0QmIjqm8hdD30/ZAI5zKGLibtxxMvW9u2mh4ME6U3joQ8wz4dWkowxAFxxKQ5SmYnShBqEhSXtxsUGIlOXCVJ9K9Xmw4RVghzag4v0W21//+4JwDjhNknw=","merType":"1","contActsName":"FHTLLm9w619ZwOYPBp7hzq3g71FLNOoINt/2s9ariWGJabJmCyIk/ihMwo/DXCaLLlQoCCkjgT6Jc4Utj8PPQVkOH/hO5aZ6TfiZhm59uBI3WpysdLjg3JLadBzfnPvIad1o8Rr5sRBz6JQWS5TUsUqxWqCTeohC2DVhEsDJSy4=","mobileNo":"13911698741","licenseType":"1","licenseNo":"92140106643546792F","organizationId":"","taxPayerNum":"","lawyer":"gnZW0uDMd9mmdaIdkn9j7BDRjnQh/8l4sVa4JPdNjbIY7F/8LkLs1U+oNX+vM3oPbZKv4PgpPTdUqM8dA942LE2Q2iNcjSSQ1cNXC/piE7G9RVEi4eblD9OPFbBHN/8IpUReFIQyIhyKc+HJI5TRnbzOfkHrNqaqSg6kh6fypoE=","cardNo":"eoU6411LPaZD75XnXBDCVcLMrpBSsfL0hGoZev0TpRGIs02SXOFwrKWN7bicaOt52ag9q6jjeAjm/fs8S00ZwSx9/HN4IswjDAQkpohGo9JnxwaXZ9hERjf4XBgYNbnncuIMjj3slYprIt6EdlIfM7or5bl5YpvNcwICdKybk74=","bankName":"p+BSvhFo8E8ICmBXIBIG1B0d4av7OZjQzC33WISJVjKPSpRKlOwRFeH3Agjs+mdlrGrW0s7lu7Z9jgoN3ABVzdK8mpGxGEkPSF9KuMzscyTyu5NudaCF17jYtSRiRUhhIhf+tLqC531+BMaLc3rDO4HEyd56LN/Hs3oTrKS+3ns=","province":"010","areaCode":"010","pubPriFlag":"1","bankBrhName":"mFTQQ4i6IV7o6IVOnhxl1OMl7KE2sKmCiv4ElXq5iP5NplSbMgo7umhK9zE+mSe6HObX1QcWqxwyHVZm1AhMaPgNCX8aKBvAawN4nmNu8RqRsYJ/6LENd4t96Psz857LHDzkOqW6sUaxotSAIOY18eAjeHkBopprbgQ7dGidDZ4=","merNotifyUrl":"http://xxx.xxx.com"}
[2017-11-06 15:47:37.080] [INFO] default - Status: 0
[2017-11-06 15:47:37.083] [INFO] default - 网络请求返回{"meta":{"ret_msg":["Token is not found"]}}
[2017-11-06 15:47:49.782] [INFO] default - 网络请求的参数为：
[2017-11-06 15:47:49.785] [INFO] default - {"grant_type":"client_credentials","client_id":"79756098a6d291260523f6199ddfc4bc0875ccf6","client_secret":"f642ab9bd929ab0d7f802e12dc689e416d4b8e6a"}
[2017-11-06 15:47:49.881] [INFO] default - Status: 201
[2017-11-06 15:47:49.884] [INFO] default - 网络请求返回{"expires_in":3600,"access_token":"881df2f8a736e8db48484e23c7d84bd8e5b3558fe088e2702413f19985156172"}
[2017-11-06 15:48:05.082] [INFO] default - 【UMF SDK】签名原始数据:plain=
[2017-11-06 15:48:05.084] [INFO] default - { bankAccount: 'BJ8nGD0z3BkedYcjWanq8iuk6BLH97QjdkWrT/wk1ap48kzCYDlJzZx4qfuTALuHVQ3s9VBc4l1omsBV1JHEWLfti9FajpWIpHmgv/fh6P0x65bwpfE/Eq5ZZ6a+wfLNZJhRHPk7kw5jqu1gHszWXrItDabn18MIRAZpeMSqokc=',
  merId: '60038402',
  merName: 'S7vlNB09AJ3KtHUjrxCSowPlPfDieOTMkSiTc6SU9Zw1Kr0oQQFXlw9p1MphJfg2sB2I2JSIdKmc+20PObp829pq5H18KDU6QZmtAlb9L4J8cPCma2sODs6MapTobXwEgcoW04XxT1WhWWcX5NCyssflJcj8A79+kzwTcbB5ru4=',
  merType: '1',
  contActsName: 'lCfxD1st3P1Ljp3vkwx+hL4nUla78Z2LnHyxs/dfLKMF23L+fIjsQ0GlbdnYCaYkByZNxpATr9yYrjqq4Koki1FJ0F0991zGSK8852rqvlp+k9G52OyFv9oZdMR5s9It/n5IyzMZt5occlTu9Q2SDvH5uPDPsSbDvXjdlelps/4=',
  mobileNo: '13911698741',
  licenseType: '1',
  licenseNo: '92140106643546792F',
  organizationId: '',
  taxPayerNum: '',
  lawyer: 'CsWF5tdyJF7qgsLVYpLf1wUJHZe/ONaPcEdhtSTXOOubmsKth0r3TgCLkA84gqz51zsdRiyJFpMcVtC+mkTIkvDgn07Vy1ZoKvyc9Q4P4HW3w0RJSVVnOecEoh1lL5JiC7c6XrOx7xxFVXrwcwDPK/BdBk1WUUnZLn8FJeZRbBs=',
  cardNo: 'fr4Gn+qMwrhumQIqPMi14kgtijt+/ACK5UuZr0nconmbkE8YYhpHs5vnIAhzz7TUw1el3S+5qgULlQ9FgHwqRNnNRKv8V3VODOUY13OqmFeYo+ab0BKhGJe4K7V5HtbgiKuSc20HZH4AYBL/y7pzN+/CuJlRjd7zJoz2Ar5oaOw=',
  bankName: 'Nn8QqTeqe6HzDLBCC9P/XcTBQBsM2zwnPq1K57380Wtcs5onI5DY45RNFvPksTwaT/ATvCXyAo6IifgoredSCTjQGRsqktM6ngKIZ3yTlePHnWmXq2/vHYwQnRsSXDLp8x/tLNx87FKw+ccg28iy/HOWbPtBAd3THZ63zkETJHY=',
  province: '010',
  areaCode: '010',
  pubPriFlag: '1',
  bankBrhName: 'VBnxmEjtGLyb7NXMejWIS4EOpTmdz7XOzeRcW7yn/89vz7WoVb9u8LJOOVe9C12kFaAVV3C7H44hnpe7zQxnhWnIab+WlL+jmjgpMn91w/vnVDvpZ2ubGraIKn5L/mttn2oocSkwsSRUc/g2eIN0EG91bqzv3evR3ue7ypp4H4I=',
  merNotifyUrl: 'http://xxx.xxx.com' }
[2017-11-06 15:48:05.088] [INFO] default - 网络请求的参数为：
[2017-11-06 15:48:05.088] [INFO] default - {"bankAccount":"BJ8nGD0z3BkedYcjWanq8iuk6BLH97QjdkWrT/wk1ap48kzCYDlJzZx4qfuTALuHVQ3s9VBc4l1omsBV1JHEWLfti9FajpWIpHmgv/fh6P0x65bwpfE/Eq5ZZ6a+wfLNZJhRHPk7kw5jqu1gHszWXrItDabn18MIRAZpeMSqokc=","merId":"60038402","merName":"S7vlNB09AJ3KtHUjrxCSowPlPfDieOTMkSiTc6SU9Zw1Kr0oQQFXlw9p1MphJfg2sB2I2JSIdKmc+20PObp829pq5H18KDU6QZmtAlb9L4J8cPCma2sODs6MapTobXwEgcoW04XxT1WhWWcX5NCyssflJcj8A79+kzwTcbB5ru4=","merType":"1","contActsName":"lCfxD1st3P1Ljp3vkwx+hL4nUla78Z2LnHyxs/dfLKMF23L+fIjsQ0GlbdnYCaYkByZNxpATr9yYrjqq4Koki1FJ0F0991zGSK8852rqvlp+k9G52OyFv9oZdMR5s9It/n5IyzMZt5occlTu9Q2SDvH5uPDPsSbDvXjdlelps/4=","mobileNo":"13911698741","licenseType":"1","licenseNo":"92140106643546792F","organizationId":"","taxPayerNum":"","lawyer":"CsWF5tdyJF7qgsLVYpLf1wUJHZe/ONaPcEdhtSTXOOubmsKth0r3TgCLkA84gqz51zsdRiyJFpMcVtC+mkTIkvDgn07Vy1ZoKvyc9Q4P4HW3w0RJSVVnOecEoh1lL5JiC7c6XrOx7xxFVXrwcwDPK/BdBk1WUUnZLn8FJeZRbBs=","cardNo":"fr4Gn+qMwrhumQIqPMi14kgtijt+/ACK5UuZr0nconmbkE8YYhpHs5vnIAhzz7TUw1el3S+5qgULlQ9FgHwqRNnNRKv8V3VODOUY13OqmFeYo+ab0BKhGJe4K7V5HtbgiKuSc20HZH4AYBL/y7pzN+/CuJlRjd7zJoz2Ar5oaOw=","bankName":"Nn8QqTeqe6HzDLBCC9P/XcTBQBsM2zwnPq1K57380Wtcs5onI5DY45RNFvPksTwaT/ATvCXyAo6IifgoredSCTjQGRsqktM6ngKIZ3yTlePHnWmXq2/vHYwQnRsSXDLp8x/tLNx87FKw+ccg28iy/HOWbPtBAd3THZ63zkETJHY=","province":"010","areaCode":"010","pubPriFlag":"1","bankBrhName":"VBnxmEjtGLyb7NXMejWIS4EOpTmdz7XOzeRcW7yn/89vz7WoVb9u8LJOOVe9C12kFaAVV3C7H44hnpe7zQxnhWnIab+WlL+jmjgpMn91w/vnVDvpZ2ubGraIKn5L/mttn2oocSkwsSRUc/g2eIN0EG91bqzv3evR3ue7ypp4H4I=","merNotifyUrl":"http://xxx.xxx.com"}
[2017-11-06 15:48:05.410] [INFO] default - Status: 200
[2017-11-06 15:48:05.413] [INFO] default - 网络请求返回{"merId":"60038402","licenseNo":"92140106643546792F","meta":{"ret_code":"00352030","ret_msg":["子商户已存在"]}}&GR36geCBfnFrenOyyEWqB982XCJqhYkEDkAfkGXVU/UmzItMzmkV13hP6VRW5VKj50BKhFne0Fh4EKTLSGJs2w/1jWEaexgJIR/nch8C7TW3TyOODWlndoa8dyS2hMRgTYG6n/10Rc+xx+VIHjRNGtQkmuBJ5V9t+bDUZXFrJAk=
[2017-11-06 15:49:07.904] [INFO] default - 【UMF SDK】签名原始数据:plain=
[2017-11-06 15:49:07.909] [INFO] default - { bankAccount: 'I7Utt5GLeByPuxAL2jRd1k46IDhUJPo3mua6Lyssp7l6knSQmoQkvcO1kOrI3h+oDL2+4djXMSjNz8djRfFAFFfykjUimEIy8wJHpZgUwo+zfY8gtTzLChxOM1N/AkmDDaee9tW0u1IZIA3DKDb6UshEulh+sWyhVjWAp6NhkxE=',
  merId: '60038402',
  merName: 'Chwac5JbSncYXk33wj8Oiubv/f5mPW5eSyuSDIWX4e+VWnTpBhomkI3G1jgz1KplBc5Zve4rq/u2FR1QSbbalyOChAWyxlewxQ7dGjFu3pZ2Mj2/QKN8x+opglgx85igvY+T2EyXjgdqkZxWhNxZaRyQP2W4h7NeS14bOim43LI=',
  merType: '1',
  contActsName: 'r6O7RcXr7Rc1Sw6p5shBPkepkXfspHyBNX4zONSPsjtqWZRtIpA6E7aull0MhgkG/6Ku9FzKQlupA9o31YDlzLRxMgNiI1XsE+ZCbX33bhh9V+DDaEvA4W3XOo7F6ZDHUciwzhS3vw7MOJYRD4qpvjxPdQnd47TvDupKEM6Mylc=',
  mobileNo: '13911698741',
  licenseType: '1',
  licenseNo: '92140106643546792C',
  organizationId: '',
  taxPayerNum: '',
  lawyer: 'Up2MPC+gkXKPy94CPnVDkpU0TwRjenl1lgWJazQuP/5UJY+q/5FE/P7NsBHV1MTjD314svUyBY0aBndALuoxsvP07LDpMG3zYkPs/C9ACY5BdwuWSL6RHE7LvzpaRBnZ1ofTuhcDTQCnS/8U8obA0eVj76vAsztRv97eYlWe1V8=',
  cardNo: 'KlLF24AIVtjWDOI0qTFwPFHPb7m5kA6ssIz4Hf51wlx3IyC4V+anj9/1RW3KIy+VwCH7PiybLXx+GP6dFr0+X49yYkXt/R6fDcG9D36DzgjVW7ubHoWDCOOExA3XkToYazWNAZFBOIBM3Ix15TL9vPfaQfw3y2k+KG6fGsZNxJw=',
  bankName: 'cbPSUCEo2EQvSOWacUmtJjss3eU0f7rY+f0/a9OCoipnnqbrVwgeO13HGZafvqEoyIAlqbh0jXSVJSWaGcsKbxQtBl6C97zKwo5S9mNFnMyABkicnB8ZgJcOEOlnA9TAxE1vlMwqwYAS0VrHIi7C1tILL0y1c8tvzWRV7XwMsKc=',
  province: '010',
  areaCode: '010',
  pubPriFlag: '1',
  bankBrhName: 'oWTVxUEZhTaVF1VGJfFL8aNVhtyS2mDDPvW3vqX0/1ajhU0c+JeriUVvdxiEgTBCcMuGsjJDwXl66+lrZao2ZQe6h7Z6RSxMHCnkk+7X35ILjHfBEwLxqFwlUFY/6RiKuSV8GJZTInZvCS3edcXR86GxB0eda6fzsSm0OFay7Sw=',
  merNotifyUrl: 'http://xxx.xxx.com' }
[2017-11-06 15:49:07.922] [INFO] default - 网络请求的参数为：
[2017-11-06 15:49:07.923] [INFO] default - {"bankAccount":"I7Utt5GLeByPuxAL2jRd1k46IDhUJPo3mua6Lyssp7l6knSQmoQkvcO1kOrI3h+oDL2+4djXMSjNz8djRfFAFFfykjUimEIy8wJHpZgUwo+zfY8gtTzLChxOM1N/AkmDDaee9tW0u1IZIA3DKDb6UshEulh+sWyhVjWAp6NhkxE=","merId":"60038402","merName":"Chwac5JbSncYXk33wj8Oiubv/f5mPW5eSyuSDIWX4e+VWnTpBhomkI3G1jgz1KplBc5Zve4rq/u2FR1QSbbalyOChAWyxlewxQ7dGjFu3pZ2Mj2/QKN8x+opglgx85igvY+T2EyXjgdqkZxWhNxZaRyQP2W4h7NeS14bOim43LI=","merType":"1","contActsName":"r6O7RcXr7Rc1Sw6p5shBPkepkXfspHyBNX4zONSPsjtqWZRtIpA6E7aull0MhgkG/6Ku9FzKQlupA9o31YDlzLRxMgNiI1XsE+ZCbX33bhh9V+DDaEvA4W3XOo7F6ZDHUciwzhS3vw7MOJYRD4qpvjxPdQnd47TvDupKEM6Mylc=","mobileNo":"13911698741","licenseType":"1","licenseNo":"92140106643546792C","organizationId":"","taxPayerNum":"","lawyer":"Up2MPC+gkXKPy94CPnVDkpU0TwRjenl1lgWJazQuP/5UJY+q/5FE/P7NsBHV1MTjD314svUyBY0aBndALuoxsvP07LDpMG3zYkPs/C9ACY5BdwuWSL6RHE7LvzpaRBnZ1ofTuhcDTQCnS/8U8obA0eVj76vAsztRv97eYlWe1V8=","cardNo":"KlLF24AIVtjWDOI0qTFwPFHPb7m5kA6ssIz4Hf51wlx3IyC4V+anj9/1RW3KIy+VwCH7PiybLXx+GP6dFr0+X49yYkXt/R6fDcG9D36DzgjVW7ubHoWDCOOExA3XkToYazWNAZFBOIBM3Ix15TL9vPfaQfw3y2k+KG6fGsZNxJw=","bankName":"cbPSUCEo2EQvSOWacUmtJjss3eU0f7rY+f0/a9OCoipnnqbrVwgeO13HGZafvqEoyIAlqbh0jXSVJSWaGcsKbxQtBl6C97zKwo5S9mNFnMyABkicnB8ZgJcOEOlnA9TAxE1vlMwqwYAS0VrHIi7C1tILL0y1c8tvzWRV7XwMsKc=","province":"010","areaCode":"010","pubPriFlag":"1","bankBrhName":"oWTVxUEZhTaVF1VGJfFL8aNVhtyS2mDDPvW3vqX0/1ajhU0c+JeriUVvdxiEgTBCcMuGsjJDwXl66+lrZao2ZQe6h7Z6RSxMHCnkk+7X35ILjHfBEwLxqFwlUFY/6RiKuSV8GJZTInZvCS3edcXR86GxB0eda6fzsSm0OFay7Sw=","merNotifyUrl":"http://xxx.xxx.com"}
[2017-11-06 15:49:08.262] [INFO] default - Status: 200
[2017-11-06 15:49:08.272] [INFO] default - 网络请求返回{"merId":"60038402","licenseNo":"92140106643546792C","meta":{"ret_code":"0000","ret_msg":["子商户入网已受理，请上传资质"]}}&oATTZRlR4PU2zC8tn5/leI1ar6Mo0qgvyTGBpuMCE4jV4/i2Q9/AvMmH1hkSwOfYi4cJFTo0NsA3NOKjJ/EN7J+0T0uCoogPWZCXy++EPpRNLuWRzKck8Z5Eff/vnuUfixBm4h+5b8cQFhG3pJiKgVUPE36ZRkjvDbPqsUFhCmA=
