[2017-11-09 09:35:06.610] [INFO] default - [UMF SDK]商户请求的服务字段不做字段校验！
[2017-11-09 09:35:06.616] [INFO] default - [UMF SDK] 商户请求数据必填字段校验通过
[2017-11-09 09:35:06.620] [INFO] default - 【UMF SDK】签名原始数据:plain=
[2017-11-09 09:35:06.621] [INFO] default - { charset: 'UTF-8',
  sign_type: 'RSA',
  res_format: 'HTML',
  version: '4.0',
  mer_id: '60000100',
  service: 'publicnumber_and_verticalcode',
  amt_type: 'RMB',
  notify_url: 'http://xxx.xxx.com',
  order_id: '201711090935',
  mer_date: '20171109',
  amount: '1',
  is_public_number: 'Y',
  goods_inf: '商品描述' }
[2017-11-09 09:35:06.633] [INFO] default - [UMF SDK] 商户请求校验规则正确
[2017-11-09 09:35:06.633] [INFO] default - [UMF SDK] 商户请求返回的map为:
[2017-11-09 09:35:06.633] [INFO] default - { charset: 'UTF-8',
  res_format: 'HTML',
  version: '4.0',
  mer_id: '60000100',
  service: 'publicnumber_and_verticalcode',
  amt_type: 'RMB',
  notify_url: 'http://xxx.xxx.com',
  order_id: '201711090935',
  mer_date: '20171109',
  amount: '1',
  is_public_number: 'Y',
  goods_inf: '商品描述',
  sign_type: 'RSA',
  sign: 'dCTu58LXXstxWkoL+vVcH81K66Et0NbYdNmMlifS+97X3EtE6cXF62sZ9NHzew7m+qgOwAu0gxtHIfezKF5WIfUv21lKw2dzf3p/oOsuswrUEknP5O2MxW4egZaCJI8zP/YI4a/M0t5Tiww2Bp17FebW+20sFzyJ2tfvViYRD28=' }
[2017-11-09 09:35:06.636] [INFO] default - 获得的URL为：http://pay.soopay.net/spay/pay/payservice.do?charset=UTF-8&res_format=HTML&version=4.0&mer_id=60000100&service=publicnumber_and_verticalcode&amt_type=RMB&notify_url=http%3A%2F%2Fxxx.xxx.com&order_id=201711090935&mer_date=20171109&amount=1&is_public_number=Y&goods_inf=%E5%95%86%E5%93%81%E6%8F%8F%E8%BF%B0&sign_type=RSA&sign=dCTu58LXXstxWkoL%2BvVcH81K66Et0NbYdNmMlifS%2B97X3EtE6cXF62sZ9NHzew7m%2BqgOwAu0gxtHIfezKF5WIfUv21lKw2dzf3p%2FoOsuswrUEknP5O2MxW4egZaCJI8zP%2FYI4a%2FM0t5Tiww2Bp17FebW%2B20sFzyJ2tfvViYRD28%3D
[2017-11-09 11:16:49.259] [INFO] default - [UMF SDK]商户请求的服务字段不做字段校验！
[2017-11-09 11:16:49.266] [INFO] default - [UMF SDK] 商户请求数据必填字段校验通过
[2017-11-09 11:16:49.271] [INFO] default - 【UMF SDK】签名原始数据:plain=
[2017-11-09 11:16:49.272] [INFO] default - { charset: 'UTF-8',
  sign_type: 'RSA',
  res_format: 'HTML',
  version: '4.0',
  mer_id: '60000100',
  service: 'publicnumber_and_verticalcode',
  amt_type: 'RMB',
  notify_url: 'http://xxx.xxx.com',
  order_id: '201711091116',
  mer_date: '20171109',
  amount: '1',
  is_public_number: 'Y',
  goods_inf: '商品描述' }
[2017-11-09 11:16:49.284] [INFO] default - [UMF SDK] 商户请求校验规则正确
[2017-11-09 11:16:49.285] [INFO] default - [UMF SDK] 商户请求返回的map为:
[2017-11-09 11:16:49.285] [INFO] default - { charset: 'UTF-8',
  res_format: 'HTML',
  version: '4.0',
  mer_id: '60000100',
  service: 'publicnumber_and_verticalcode',
  amt_type: 'RMB',
  notify_url: 'http://xxx.xxx.com',
  order_id: '201711091116',
  mer_date: '20171109',
  amount: '1',
  is_public_number: 'Y',
  goods_inf: '商品描述',
  sign_type: 'RSA',
  sign: 'Ami3ReInVF66oywkok7VbKwPsjjcm+b15yVMcilrTgprgPBp8RzlA0P5CqNOushbVqkqsds3XGh3dlbvBU0fuRdXQm+TwLrLvLXNXfeqfhw9pe9nH430Qmo9fNdDTp9ywIBzp626emRkB9EZkK6zc7Qk/u6eGWmndjmweAqd4VU=' }
[2017-11-09 11:16:49.289] [INFO] default - 获得的URL为：http://pay.soopay.net/spay/pay/payservice.do?charset=UTF-8&res_format=HTML&version=4.0&mer_id=60000100&service=publicnumber_and_verticalcode&amt_type=RMB&notify_url=http%3A%2F%2Fxxx.xxx.com&order_id=201711091116&mer_date=20171109&amount=1&is_public_number=Y&goods_inf=%E5%95%86%E5%93%81%E6%8F%8F%E8%BF%B0&sign_type=RSA&sign=Ami3ReInVF66oywkok7VbKwPsjjcm%2Bb15yVMcilrTgprgPBp8RzlA0P5CqNOushbVqkqsds3XGh3dlbvBU0fuRdXQm%2BTwLrLvLXNXfeqfhw9pe9nH430Qmo9fNdDTp9ywIBzp626emRkB9EZkK6zc7Qk%2Fu6eGWmndjmweAqd4VU%3D
[2017-11-09 11:19:28.736] [INFO] default - [UMF SDK]商户请求的服务字段不做字段校验！
[2017-11-09 11:19:28.746] [INFO] default - [UMF SDK] 商户请求数据必填字段校验通过
[2017-11-09 11:19:28.748] [INFO] default - 【UMF SDK】签名原始数据:plain=
[2017-11-09 11:19:28.750] [INFO] default - { charset: 'UTF-8',
  sign_type: 'RSA',
  res_format: 'HTML',
  version: '4.0',
  mer_id: '60000100',
  service: 'publicnumber_and_verticalcode',
  amt_type: 'RMB',
  notify_url: 'http://xxx.xxx.com',
  order_id: '201711091119',
  mer_date: '20171109',
  amount: '1',
  is_public_number: 'Y',
  goods_inf: '商品描述' }
[2017-11-09 11:19:28.758] [INFO] default - [UMF SDK] 商户请求校验规则正确
[2017-11-09 11:19:28.759] [INFO] default - [UMF SDK] 商户请求返回的map为:
[2017-11-09 11:19:28.760] [INFO] default - { charset: 'UTF-8',
  res_format: 'HTML',
  version: '4.0',
  mer_id: '60000100',
  service: 'publicnumber_and_verticalcode',
  amt_type: 'RMB',
  notify_url: 'http://xxx.xxx.com',
  order_id: '201711091119',
  mer_date: '20171109',
  amount: '1',
  is_public_number: 'Y',
  goods_inf: '商品描述',
  sign_type: 'RSA',
  sign: 'dh97jfJ8tK/S12NOQx+RlQYnf083TlU1Pwgi+XW8AMB3Spe0HVuzmEJQntsW0JfkozlsG91Re+KtBnhmzrdtHLG+akzizb/pf4NNCH9aMDUAIfxbrKchSnJJe9qUE6XOF2iJ/qYKZQq12ej/jKGGRlNGHe6HuC3IZ9clvRY/Z8o=' }
[2017-11-09 11:19:28.764] [INFO] default - 获得的URL为：http://pay.soopay.net/spay/pay/payservice.do?charset=UTF-8&res_format=HTML&version=4.0&mer_id=60000100&service=publicnumber_and_verticalcode&amt_type=RMB&notify_url=http%3A%2F%2Fxxx.xxx.com&order_id=201711091119&mer_date=20171109&amount=1&is_public_number=Y&goods_inf=%E5%95%86%E5%93%81%E6%8F%8F%E8%BF%B0&sign_type=RSA&sign=dh97jfJ8tK%2FS12NOQx%2BRlQYnf083TlU1Pwgi%2BXW8AMB3Spe0HVuzmEJQntsW0JfkozlsG91Re%2BKtBnhmzrdtHLG%2Bakzizb%2Fpf4NNCH9aMDUAIfxbrKchSnJJe9qUE6XOF2iJ%2FqYKZQq12ej%2FjKGGRlNGHe6HuC3IZ9clvRY%2FZ8o%3D
[2017-11-09 11:28:11.678] [INFO] default - [UMF SDK]商户请求的服务字段不做字段校验！
[2017-11-09 11:28:11.688] [INFO] default - [UMF SDK] 商户请求数据必填字段校验通过
[2017-11-09 11:28:11.693] [INFO] default - 【UMF SDK】签名原始数据:plain=
[2017-11-09 11:28:11.694] [INFO] default - { charset: 'UTF-8',
  sign_type: 'RSA',
  res_format: 'HTML',
  version: '4.0',
  mer_id: '60000100',
  service: 'publicnumber_and_verticalcode',
  amt_type: 'RMB',
  notify_url: 'http://xxx.xxx.com',
  order_id: '201711091128',
  mer_date: '20171109',
  amount: '1',
  is_public_number: 'Y',
  goods_inf: '商品描述' }
[2017-11-09 11:28:11.727] [INFO] default - [UMF SDK] 商户请求校验规则正确
[2017-11-09 11:28:11.728] [INFO] default - [UMF SDK] 商户请求返回的map为:
[2017-11-09 11:28:11.736] [INFO] default - { charset: 'UTF-8',
  res_format: 'HTML',
  version: '4.0',
  mer_id: '60000100',
  service: 'publicnumber_and_verticalcode',
  amt_type: 'RMB',
  notify_url: 'http://xxx.xxx.com',
  order_id: '201711091128',
  mer_date: '20171109',
  amount: '1',
  is_public_number: 'Y',
  goods_inf: '商品描述',
  sign_type: 'RSA',
  sign: 'W3pnVrlMbo9lZY3EWDi3eEt+DL/ArmoxT7UzpDGyUE/hoaJBK9fUvoL8hcyvE4rnZ22kLTufvjmOuwjgQCT2ep91efEpn5ca8x3kB81DV7av+glnvBoLov2qA0JxsOuxS3SdXzx1EkJkgRBjJDIR6cqoF6JV1co7Icrwqc7L1ME=' }
[2017-11-09 11:28:11.741] [INFO] default - 获得的URL为：http://pay.soopay.net/spay/pay/payservice.do?charset=UTF-8&res_format=HTML&version=4.0&mer_id=60000100&service=publicnumber_and_verticalcode&amt_type=RMB&notify_url=http%3A%2F%2Fxxx.xxx.com&order_id=201711091128&mer_date=20171109&amount=1&is_public_number=Y&goods_inf=%E5%95%86%E5%93%81%E6%8F%8F%E8%BF%B0&sign_type=RSA&sign=W3pnVrlMbo9lZY3EWDi3eEt%2BDL%2FArmoxT7UzpDGyUE%2FhoaJBK9fUvoL8hcyvE4rnZ22kLTufvjmOuwjgQCT2ep91efEpn5ca8x3kB81DV7av%2BglnvBoLov2qA0JxsOuxS3SdXzx1EkJkgRBjJDIR6cqoF6JV1co7Icrwqc7L1ME%3D
[2017-11-09 11:29:19.617] [INFO] default - [UMF SDK]商户请求的服务字段不做字段校验！
[2017-11-09 11:29:19.631] [INFO] default - [UMF SDK] 商户请求数据必填字段校验通过
[2017-11-09 11:29:19.635] [INFO] default - 【UMF SDK】签名原始数据:plain=
[2017-11-09 11:29:19.636] [INFO] default - { charset: 'UTF-8',
  sign_type: 'RSA',
  res_format: 'HTML',
  version: '4.0',
  mer_id: '60000100',
  service: 'publicnumber_and_verticalcode',
  amt_type: 'RMB',
  notify_url: 'http://xxx.xxx.com',
  order_id: '201711091129',
  mer_date: '20171109',
  amount: '1',
  is_public_number: 'Y',
  goods_inf: '商品描述' }
[2017-11-09 11:29:19.647] [INFO] default - [UMF SDK] 商户请求校验规则正确
[2017-11-09 11:29:19.647] [INFO] default - [UMF SDK] 商户请求返回的map为:
[2017-11-09 11:29:19.648] [INFO] default - { charset: 'UTF-8',
  res_format: 'HTML',
  version: '4.0',
  mer_id: '60000100',
  service: 'publicnumber_and_verticalcode',
  amt_type: 'RMB',
  notify_url: 'http://xxx.xxx.com',
  order_id: '201711091129',
  mer_date: '20171109',
  amount: '1',
  is_public_number: 'Y',
  goods_inf: '商品描述',
  sign_type: 'RSA',
  sign: 'lrMFdvnIO701V3ZnMjbPL4Z35kIt2h2suhdS048cySurH/CTxtgtwTYDtPZNojmNTfu8yRb/Mnv/mS9ifCwe39pyV7TonyPmBPJgDUOtxCU8S/wfjt3WeY7FG39V9UfwMTmYwWwWTbqcsj2XDQAhYOamy14iJNJ2VitgHMwAnKE=' }
[2017-11-09 11:29:19.652] [INFO] default - 获得的URL为：http://pay.soopay.net/spay/pay/payservice.do?charset=UTF-8&res_format=HTML&version=4.0&mer_id=60000100&service=publicnumber_and_verticalcode&amt_type=RMB&notify_url=http%3A%2F%2Fxxx.xxx.com&order_id=201711091129&mer_date=20171109&amount=1&is_public_number=Y&goods_inf=%E5%95%86%E5%93%81%E6%8F%8F%E8%BF%B0&sign_type=RSA&sign=lrMFdvnIO701V3ZnMjbPL4Z35kIt2h2suhdS048cySurH%2FCTxtgtwTYDtPZNojmNTfu8yRb%2FMnv%2FmS9ifCwe39pyV7TonyPmBPJgDUOtxCU8S%2Fwfjt3WeY7FG39V9UfwMTmYwWwWTbqcsj2XDQAhYOamy14iJNJ2VitgHMwAnKE%3D
[2017-11-09 11:30:24.076] [INFO] default - [UMF SDK]商户请求的服务字段不做字段校验！
[2017-11-09 11:30:24.083] [INFO] default - [UMF SDK] 商户请求数据必填字段校验通过
[2017-11-09 11:30:24.084] [INFO] default - 【UMF SDK】签名原始数据:plain=
[2017-11-09 11:30:24.084] [INFO] default - { charset: 'UTF-8',
  sign_type: 'RSA',
  res_format: 'HTML',
  version: '4.0',
  mer_id: '60000100',
  service: 'publicnumber_and_verticalcode',
  amt_type: 'RMB',
  notify_url: 'http://xxx.xxx.com',
  order_id: '201711091130',
  mer_date: '20171109',
  amount: '1',
  is_public_number: 'Y',
  goods_inf: '商品描述' }
[2017-11-09 11:30:24.094] [INFO] default - [UMF SDK] 商户请求校验规则正确
[2017-11-09 11:30:24.094] [INFO] default - [UMF SDK] 商户请求返回的map为:
[2017-11-09 11:30:24.094] [INFO] default - { charset: 'UTF-8',
  res_format: 'HTML',
  version: '4.0',
  mer_id: '60000100',
  service: 'publicnumber_and_verticalcode',
  amt_type: 'RMB',
  notify_url: 'http://xxx.xxx.com',
  order_id: '201711091130',
  mer_date: '20171109',
  amount: '1',
  is_public_number: 'Y',
  goods_inf: '商品描述',
  sign_type: 'RSA',
  sign: 'KTh84NNj4e6wKd/y989MkYQF+izuI/miIzaiqK41wEwwezJ+xh0liUbjw2gzNZmrM9AyvYZLit4pRPamxB5xKsC0oQgjwb81QEW8Yq/b+XCxo0MdfeS7j8hvo/bqlG4hf4YqvAdVII0Acpi0Ju/O99fhqosRZpxkwzGfMSl27wQ=' }
[2017-11-09 11:30:24.096] [INFO] default - 获得的URL为：http://pay.soopay.net/spay/pay/payservice.do?charset=UTF-8&res_format=HTML&version=4.0&mer_id=60000100&service=publicnumber_and_verticalcode&amt_type=RMB&notify_url=http%3A%2F%2Fxxx.xxx.com&order_id=201711091130&mer_date=20171109&amount=1&is_public_number=Y&goods_inf=%E5%95%86%E5%93%81%E6%8F%8F%E8%BF%B0&sign_type=RSA&sign=KTh84NNj4e6wKd%2Fy989MkYQF%2BizuI%2FmiIzaiqK41wEwwezJ%2Bxh0liUbjw2gzNZmrM9AyvYZLit4pRPamxB5xKsC0oQgjwb81QEW8Yq%2Fb%2BXCxo0MdfeS7j8hvo%2FbqlG4hf4YqvAdVII0Acpi0Ju%2FO99fhqosRZpxkwzGfMSl27wQ%3D
[2017-11-09 11:33:12.459] [INFO] default - [UMF SDK]商户请求的服务字段不做字段校验！
[2017-11-09 11:33:12.464] [INFO] default - [UMF SDK] 商户请求数据必填字段校验通过
[2017-11-09 11:33:12.465] [INFO] default - 【UMF SDK】签名原始数据:plain=
[2017-11-09 11:33:12.465] [INFO] default - { charset: 'UTF-8',
  sign_type: 'RSA',
  res_format: 'HTML',
  version: '4.0',
  mer_id: '60000100',
  service: 'publicnumber_and_verticalcode',
  amt_type: 'RMB',
  notify_url: 'http://xxx.xxx.com',
  order_id: '201711091133',
  mer_date: '20171109',
  amount: '1',
  is_public_number: 'Y',
  goods_inf: '商品描述' }
[2017-11-09 11:33:12.470] [INFO] default - [UMF SDK] 商户请求校验规则正确
[2017-11-09 11:33:12.470] [INFO] default - [UMF SDK] 商户请求返回的map为:
[2017-11-09 11:33:12.470] [INFO] default - { charset: 'UTF-8',
  res_format: 'HTML',
  version: '4.0',
  mer_id: '60000100',
  service: 'publicnumber_and_verticalcode',
  amt_type: 'RMB',
  notify_url: 'http://xxx.xxx.com',
  order_id: '201711091133',
  mer_date: '20171109',
  amount: '1',
  is_public_number: 'Y',
  goods_inf: '商品描述',
  sign_type: 'RSA',
  sign: 'UL7SzlfcsjZq51nB/3pVxhb+8iUbD85Orp0TR30m158ManFF/YbYESmaDRfAHWr73TUGvQ8xhqfTb5hFqVQhZYb/88XrY7rJR4Q5SG1bIA6m7rS2LFXwLtMs4ex85yEv8qRFXo46p9EYJzgF4GbNPBc9BjVQI5VV1pjq47CQW5E=' }
[2017-11-09 11:33:12.471] [INFO] default - 获得的URL为：http://pay.soopay.net/spay/pay/payservice.do?charset=UTF-8&res_format=HTML&version=4.0&mer_id=60000100&service=publicnumber_and_verticalcode&amt_type=RMB&notify_url=http%3A%2F%2Fxxx.xxx.com&order_id=201711091133&mer_date=20171109&amount=1&is_public_number=Y&goods_inf=%E5%95%86%E5%93%81%E6%8F%8F%E8%BF%B0&sign_type=RSA&sign=UL7SzlfcsjZq51nB%2F3pVxhb%2B8iUbD85Orp0TR30m158ManFF%2FYbYESmaDRfAHWr73TUGvQ8xhqfTb5hFqVQhZYb%2F88XrY7rJR4Q5SG1bIA6m7rS2LFXwLtMs4ex85yEv8qRFXo46p9EYJzgF4GbNPBc9BjVQI5VV1pjq47CQW5E%3D
[2017-11-09 11:37:37.138] [INFO] default - [UMF SDK]商户请求的服务字段不做字段校验！
[2017-11-09 11:37:37.142] [INFO] default - [UMF SDK] 商户请求数据必填字段校验通过
[2017-11-09 11:37:37.143] [INFO] default - 【UMF SDK】签名原始数据:plain=
[2017-11-09 11:37:37.143] [INFO] default - { charset: 'UTF-8',
  sign_type: 'RSA',
  res_format: 'HTML',
  version: '4.0',
  mer_id: '60000100',
  service: 'publicnumber_and_verticalcode',
  amt_type: 'RMB',
  notify_url: 'http://xxx.xxx.com',
  order_id: '201711091137',
  mer_date: '20171109',
  amount: '1',
  is_public_number: 'Y',
  goods_inf: '商品描述' }
[2017-11-09 11:37:37.149] [INFO] default - [UMF SDK] 商户请求校验规则正确
[2017-11-09 11:37:37.149] [INFO] default - [UMF SDK] 商户请求返回的map为:
[2017-11-09 11:37:37.150] [INFO] default - { charset: 'UTF-8',
  res_format: 'HTML',
  version: '4.0',
  mer_id: '60000100',
  service: 'publicnumber_and_verticalcode',
  amt_type: 'RMB',
  notify_url: 'http://xxx.xxx.com',
  order_id: '201711091137',
  mer_date: '20171109',
  amount: '1',
  is_public_number: 'Y',
  goods_inf: '商品描述',
  sign_type: 'RSA',
  sign: 'uZf5ErD6MpnR0A1n1q6d2Q4sWnBphKRc+TLUqdVJHvWSeRFG4vrPdDiiTkHG4nhIUswPg/fpl2/FacQrzS7fxVjFh4Kmoxn7GUPoq3qQJtMKePISUVDYVfcw8Ko8yR4DA3eDyypZFxk41Jc0P/xOtCjIYmVf1GrkS1J4235nXIk=' }
[2017-11-09 11:37:37.151] [INFO] default - 获得的URL为：http://pay.soopay.net/spay/pay/payservice.do?charset=UTF-8&res_format=HTML&version=4.0&mer_id=60000100&service=publicnumber_and_verticalcode&amt_type=RMB&notify_url=http%3A%2F%2Fxxx.xxx.com&order_id=201711091137&mer_date=20171109&amount=1&is_public_number=Y&goods_inf=%E5%95%86%E5%93%81%E6%8F%8F%E8%BF%B0&sign_type=RSA&sign=uZf5ErD6MpnR0A1n1q6d2Q4sWnBphKRc%2BTLUqdVJHvWSeRFG4vrPdDiiTkHG4nhIUswPg%2Ffpl2%2FFacQrzS7fxVjFh4Kmoxn7GUPoq3qQJtMKePISUVDYVfcw8Ko8yR4DA3eDyypZFxk41Jc0P%2FxOtCjIYmVf1GrkS1J4235nXIk%3D
[2017-11-09 13:56:21.853] [INFO] default - [UMF SDK]商户请求的服务字段不做字段校验！
[2017-11-09 13:56:21.857] [INFO] default - [UMF SDK] 商户请求数据必填字段校验通过
[2017-11-09 13:56:21.858] [INFO] default - 【UMF SDK】签名原始数据:plain=
[2017-11-09 13:56:21.858] [INFO] default - { charset: 'UTF-8',
  sign_type: 'RSA',
  res_format: 'HTML',
  version: '4.0',
  mer_id: '60000100',
  service: 'publicnumber_and_verticalcode',
  amt_type: 'RMB',
  notify_url: 'http://xxx.xxx.com',
  order_id: '201711091356',
  mer_date: '20171109',
  amount: '1',
  is_public_number: 'Y',
  goods_inf: '商品描述' }
[2017-11-09 13:56:21.866] [INFO] default - [UMF SDK] 商户请求校验规则正确
[2017-11-09 13:56:21.866] [INFO] default - [UMF SDK] 商户请求返回的map为:
[2017-11-09 13:56:21.867] [INFO] default - { charset: 'UTF-8',
  res_format: 'HTML',
  version: '4.0',
  mer_id: '60000100',
  service: 'publicnumber_and_verticalcode',
  amt_type: 'RMB',
  notify_url: 'http://xxx.xxx.com',
  order_id: '201711091356',
  mer_date: '20171109',
  amount: '1',
  is_public_number: 'Y',
  goods_inf: '商品描述',
  sign_type: 'RSA',
  sign: 'Y6VPCjnbHONn6zZJP3FoweUtM59McaXDRO6WFTjf+/vY4uTDY8BNPrzGNDTIBF0tfbHuT7BTJYzx6hbqQOi0wluPChsPlUVN4NdMsBNgw/QXaFTAcQ2YQHZPpHe8lt94pbBNULbfdqp4Z+/IO3L/yahy94V+nGs9qN16molC0ZM=' }
[2017-11-09 13:56:21.869] [INFO] default - 获得的URL为：http://pay.soopay.net/spay/pay/payservice.do?charset=UTF-8&res_format=HTML&version=4.0&mer_id=60000100&service=publicnumber_and_verticalcode&amt_type=RMB&notify_url=http%3A%2F%2Fxxx.xxx.com&order_id=201711091356&mer_date=20171109&amount=1&is_public_number=Y&goods_inf=%E5%95%86%E5%93%81%E6%8F%8F%E8%BF%B0&sign_type=RSA&sign=Y6VPCjnbHONn6zZJP3FoweUtM59McaXDRO6WFTjf%2B%2FvY4uTDY8BNPrzGNDTIBF0tfbHuT7BTJYzx6hbqQOi0wluPChsPlUVN4NdMsBNgw%2FQXaFTAcQ2YQHZPpHe8lt94pbBNULbfdqp4Z%2B%2FIO3L%2Fyahy94V%2BnGs9qN16molC0ZM%3D
[2017-11-09 17:17:59.882] [INFO] default - [UMF SDK]商户请求的服务字段不做字段校验！
[2017-11-09 17:17:59.886] [INFO] default - [UMF SDK] 商户请求数据必填字段校验通过
[2017-11-09 17:17:59.890] [INFO] default - 【UMF SDK】签名原始数据:plain=
[2017-11-09 17:17:59.891] [INFO] default - { charset: 'UTF-8',
  sign_type: 'RSA',
  res_format: 'HTML',
  version: '4.0',
  mer_id: '60000100',
  service: 'publicnumber_and_verticalcode',
  amt_type: 'RMB',
  notify_url: 'http://xxx.xxx.com',
  order_id: '201711091717',
  mer_date: '20171109',
  amount: '1',
  is_public_number: 'Y',
  goods_inf: '商品描述' }
[2017-11-09 17:17:59.902] [INFO] default - [UMF SDK] 商户请求校验规则正确
[2017-11-09 17:17:59.902] [INFO] default - [UMF SDK] 商户请求返回的map为:
[2017-11-09 17:17:59.902] [INFO] default - { charset: 'UTF-8',
  res_format: 'HTML',
  version: '4.0',
  mer_id: '60000100',
  service: 'publicnumber_and_verticalcode',
  amt_type: 'RMB',
  notify_url: 'http://xxx.xxx.com',
  order_id: '201711091717',
  mer_date: '20171109',
  amount: '1',
  is_public_number: 'Y',
  goods_inf: '商品描述',
  sign_type: 'RSA',
  sign: 'Yeq08XLHXIwAnStvTHFClAB98fGb78F0JTqjyEtwA8Jme4dCOgj0ORmbrmJkvWDFRi+S6IkElhoGi25BOcCenNMbFoUbe+AFTG3XcJc+kugOY3doSsfk4T/ha2BYdMlXbWKXQAKWuM0YlCY4sIvkt2HI6TVaYUH1uPF8yGxEst4=' }
[2017-11-09 17:17:59.903] [INFO] default - 获得的URL为：http://pay.soopay.net/spay/pay/payservice.do?charset=UTF-8&res_format=HTML&version=4.0&mer_id=60000100&service=publicnumber_and_verticalcode&amt_type=RMB&notify_url=http%3A%2F%2Fxxx.xxx.com&order_id=201711091717&mer_date=20171109&amount=1&is_public_number=Y&goods_inf=%E5%95%86%E5%93%81%E6%8F%8F%E8%BF%B0&sign_type=RSA&sign=Yeq08XLHXIwAnStvTHFClAB98fGb78F0JTqjyEtwA8Jme4dCOgj0ORmbrmJkvWDFRi%2BS6IkElhoGi25BOcCenNMbFoUbe%2BAFTG3XcJc%2BkugOY3doSsfk4T%2Fha2BYdMlXbWKXQAKWuM0YlCY4sIvkt2HI6TVaYUH1uPF8yGxEst4%3D
