[2017-11-14 09:44:47.295] [INFO] default - =====分账-分账状态查询======
[2017-11-14 09:44:47.301] [INFO] default - [UMF SDK] 商户请求数据必填字段校验通过
[2017-11-14 09:44:47.302] [INFO] default - 【UMF SDK】签名原始数据:plain=
[2017-11-14 09:44:47.303] [INFO] default - { charset: 'UTF-8',
  sign_type: 'RSA',
  res_format: 'HTML',
  version: '4.0',
  mer_id: '60038402',
  service: 'query_split_order',
  order_id: '201711131944',
  mer_date: '20171113' }
[2017-11-14 09:44:47.309] [INFO] default - [UMF SDK] 商户请求校验规则正确
[2017-11-14 09:44:47.310] [INFO] default - [UMF SDK] 商户请求返回的map为:
[2017-11-14 09:44:47.310] [INFO] default - { charset: 'UTF-8',
  res_format: 'HTML',
  version: '4.0',
  mer_id: '60038402',
  service: 'query_split_order',
  order_id: '201711131944',
  mer_date: '20171113',
  sign_type: 'RSA',
  sign: 'GBub9uJsDpCS1m/hL5ljqLvVxH1juZFhqnPE0BaUSUvXLDaIMtVO813aoaLmhohkGQhOVR5d61/HsNDT9uxf6/fnq58T+QD9fvLQfTRvDBIM15k+R+i5NhfrkaPULsfSNdbH+a0GmfxK4W/BoslOhyK7TFaw1rDZYOmsa8BcYF0=' }
[2017-11-14 09:44:47.312] [INFO] default - 网络请求的参数为：
[2017-11-14 09:44:47.312] [INFO] default - charset=UTF-8&res_format=HTML&version=4.0&mer_id=60038402&service=query_split_order&order_id=201711131944&mer_date=20171113&sign_type=RSA&sign=GBub9uJsDpCS1m%2FhL5ljqLvVxH1juZFhqnPE0BaUSUvXLDaIMtVO813aoaLmhohkGQhOVR5d61%2FHsNDT9uxf6%2Ffnq58T%2BQD9fvLQfTRvDBIM15k%2BR%2Bi5NhfrkaPULsfSNdbH%2Ba0GmfxK4W%2FBoslOhyK7TFaw1rDZYOmsa8BcYF0%3D
[2017-11-14 09:44:47.542] [INFO] default - Status: 200
[2017-11-14 09:44:47.627] [INFO] default - 验签通过
[2017-11-14 09:52:47.486] [INFO] default - =====分账-分账退费======
[2017-11-14 09:52:47.490] [INFO] default - [UMF SDK] 商户请求数据必填字段校验通过
[2017-11-14 09:52:47.492] [INFO] default - 【UMF SDK】签名原始数据:plain=
[2017-11-14 09:52:47.492] [INFO] default - { charset: 'UTF-8',
  sign_type: 'RSA',
  res_format: 'HTML',
  version: '4.0',
  mer_id: '60038402',
  service: 'mer_refund',
  refund_no: '2017111409529318',
  order_id: '201711131944',
  mer_date: '20171114',
  org_amount: '2' }
[2017-11-14 09:52:47.507] [INFO] default - [UMF SDK] 商户请求校验规则正确
[2017-11-14 09:52:47.507] [INFO] default - [UMF SDK] 商户请求返回的map为:
[2017-11-14 09:52:47.507] [INFO] default - { charset: 'UTF-8',
  res_format: 'HTML',
  version: '4.0',
  mer_id: '60038402',
  service: 'mer_refund',
  refund_no: '2017111409529318',
  order_id: '201711131944',
  mer_date: '20171114',
  org_amount: '2',
  sign_type: 'RSA',
  sign: 'hKbZ2wet683wVCwnrQAJdrjnJbozXf4n8C9VKjsYxTsncObx85ylrLENdZptiMrMjuWMSKCLPeuzvPozawZBsxnYDOp6wYcdWtz/XTUcpd2FCUQOedCFTy6Ep3qfE3MxG2DkSXqbtyMljGQp4AxkEkj5MB6vDVs9VII7IbRZmdA=' }
[2017-11-14 09:52:47.509] [INFO] default - 网络请求的参数为：
[2017-11-14 09:52:47.509] [INFO] default - charset=UTF-8&res_format=HTML&version=4.0&mer_id=60038402&service=mer_refund&refund_no=2017111409529318&order_id=201711131944&mer_date=20171114&org_amount=2&sign_type=RSA&sign=hKbZ2wet683wVCwnrQAJdrjnJbozXf4n8C9VKjsYxTsncObx85ylrLENdZptiMrMjuWMSKCLPeuzvPozawZBsxnYDOp6wYcdWtz%2FXTUcpd2FCUQOedCFTy6Ep3qfE3MxG2DkSXqbtyMljGQp4AxkEkj5MB6vDVs9VII7IbRZmdA%3D
[2017-11-14 09:52:47.703] [INFO] default - Status: 200
[2017-11-14 09:52:47.796] [INFO] default - 验签通过
[2017-11-14 09:55:14.529] [INFO] default - =====分账-分账退费======
[2017-11-14 09:55:14.534] [INFO] default - [UMF SDK] 商户请求数据必填字段校验通过
[2017-11-14 09:55:14.535] [INFO] default - 【UMF SDK】签名原始数据:plain=
[2017-11-14 09:55:14.535] [INFO] default - { charset: 'UTF-8',
  sign_type: 'RSA',
  res_format: 'HTML',
  version: '4.0',
  mer_id: '60038402',
  service: 'mer_refund',
  refund_no: '201711131944',
  order_id: '201711140955',
  mer_date: '20171114',
  org_amount: '2' }
[2017-11-14 09:55:14.541] [INFO] default - [UMF SDK] 商户请求校验规则正确
[2017-11-14 09:55:14.541] [INFO] default - [UMF SDK] 商户请求返回的map为:
[2017-11-14 09:55:14.541] [INFO] default - { charset: 'UTF-8',
  res_format: 'HTML',
  version: '4.0',
  mer_id: '60038402',
  service: 'mer_refund',
  refund_no: '201711131944',
  order_id: '201711140955',
  mer_date: '20171114',
  org_amount: '2',
  sign_type: 'RSA',
  sign: 'hFSjTaO/E1NsuIYx8qWbn6CMhUheodRHXj4chI4YDdOQ6BmSvgks+mw4+LWvaYPjRMJqiSLJQR+kD4urQrLAKeCOutkwBuIjFZLJfzQoctTGr7wwB8eDfQOtpJR9DRF9nNckVIzmpiEWYtlbCkKA9FdqTajOui03x4GYUwWrhQ0=' }
[2017-11-14 09:55:14.543] [INFO] default - 网络请求的参数为：
[2017-11-14 09:55:14.543] [INFO] default - charset=UTF-8&res_format=HTML&version=4.0&mer_id=60038402&service=mer_refund&refund_no=201711131944&order_id=201711140955&mer_date=20171114&org_amount=2&sign_type=RSA&sign=hFSjTaO%2FE1NsuIYx8qWbn6CMhUheodRHXj4chI4YDdOQ6BmSvgks%2Bmw4%2BLWvaYPjRMJqiSLJQR%2BkD4urQrLAKeCOutkwBuIjFZLJfzQoctTGr7wwB8eDfQOtpJR9DRF9nNckVIzmpiEWYtlbCkKA9FdqTajOui03x4GYUwWrhQ0%3D
[2017-11-14 09:55:14.801] [INFO] default - Status: 200
[2017-11-14 09:55:14.854] [INFO] default - 验签通过
[2017-11-14 09:59:54.470] [INFO] default - =====分账-分账退费======
[2017-11-14 09:59:54.480] [INFO] default - [UMF SDK] 商户请求数据必填字段校验通过
[2017-11-14 09:59:54.481] [INFO] default - 【UMF SDK】签名原始数据:plain=
[2017-11-14 09:59:54.481] [INFO] default - { charset: 'UTF-8',
  sign_type: 'RSA',
  res_format: 'HTML',
  version: '4.0',
  mer_id: '60038402',
  service: 'mer_refund',
  refund_no: '17111319446378',
  order_id: '2017111409593479',
  mer_date: '20171114',
  org_amount: '2' }
[2017-11-14 09:59:54.488] [INFO] default - [UMF SDK] 商户请求校验规则正确
[2017-11-14 09:59:54.488] [INFO] default - [UMF SDK] 商户请求返回的map为:
[2017-11-14 09:59:54.488] [INFO] default - { charset: 'UTF-8',
  res_format: 'HTML',
  version: '4.0',
  mer_id: '60038402',
  service: 'mer_refund',
  refund_no: '17111319446378',
  order_id: '2017111409593479',
  mer_date: '20171114',
  org_amount: '2',
  sign_type: 'RSA',
  sign: 'W4dqvd13dhnx2bFD9lkufgS0iAy7Ro9iPsnWaptTS6/EVr4ny4X4bdMfyDtrZZhKtniF7gHDzNq0G0ta84mRHMIv5sZ/+P7rwt84t5mZ1wt6WwKnatMcatVKlCqrZXfDltJ8V9l8hJ/jQCwBnaNDSeHpjn9dEbd/9EwpMTe5az0=' }
[2017-11-14 09:59:54.490] [INFO] default - 网络请求的参数为：
[2017-11-14 09:59:54.491] [INFO] default - charset=UTF-8&res_format=HTML&version=4.0&mer_id=60038402&service=mer_refund&refund_no=17111319446378&order_id=2017111409593479&mer_date=20171114&org_amount=2&sign_type=RSA&sign=W4dqvd13dhnx2bFD9lkufgS0iAy7Ro9iPsnWaptTS6%2FEVr4ny4X4bdMfyDtrZZhKtniF7gHDzNq0G0ta84mRHMIv5sZ%2F%2BP7rwt84t5mZ1wt6WwKnatMcatVKlCqrZXfDltJ8V9l8hJ%2FjQCwBnaNDSeHpjn9dEbd%2F9EwpMTe5az0%3D
[2017-11-14 09:59:55.613] [INFO] default - Status: 200
[2017-11-14 09:59:55.655] [INFO] default - 验签通过
[2017-11-14 10:00:17.949] [INFO] default - =====分账-分账退费======
[2017-11-14 10:00:17.953] [INFO] default - [UMF SDK] 商户请求数据必填字段校验通过
[2017-11-14 10:00:17.955] [INFO] default - 【UMF SDK】签名原始数据:plain=
[2017-11-14 10:00:17.955] [INFO] default - { charset: 'UTF-8',
  sign_type: 'RSA',
  res_format: 'HTML',
  version: '4.0',
  mer_id: '60038402',
  service: 'mer_refund',
  refund_no: '1711131944168010',
  order_id: '2017111410009859',
  mer_date: '20171114',
  org_amount: '2' }
[2017-11-14 10:00:17.963] [INFO] default - [UMF SDK] 商户请求校验规则正确
[2017-11-14 10:00:17.964] [INFO] default - [UMF SDK] 商户请求返回的map为:
[2017-11-14 10:00:17.964] [INFO] default - { charset: 'UTF-8',
  res_format: 'HTML',
  version: '4.0',
  mer_id: '60038402',
  service: 'mer_refund',
  refund_no: '1711131944168010',
  order_id: '2017111410009859',
  mer_date: '20171114',
  org_amount: '2',
  sign_type: 'RSA',
  sign: 'N1CxyjsyaKWEVKHy2Ek+9GCM5va68EXtBK0Jd7IO53aIzeydIUSenqDmLGhJ5BdSv0Zc/IQs3NUf7r5c9RzrZaiYRBcr9HVH7sNHNo2JON4Q27XYcem+J2KT+oZAOu2WwhU2mxUONQGpUFEPlAACLNtDPDtYlZ4XZ9RoOWyAydo=' }
[2017-11-14 10:00:17.967] [INFO] default - 网络请求的参数为：
[2017-11-14 10:00:17.967] [INFO] default - charset=UTF-8&res_format=HTML&version=4.0&mer_id=60038402&service=mer_refund&refund_no=1711131944168010&order_id=2017111410009859&mer_date=20171114&org_amount=2&sign_type=RSA&sign=N1CxyjsyaKWEVKHy2Ek%2B9GCM5va68EXtBK0Jd7IO53aIzeydIUSenqDmLGhJ5BdSv0Zc%2FIQs3NUf7r5c9RzrZaiYRBcr9HVH7sNHNo2JON4Q27XYcem%2BJ2KT%2BoZAOu2WwhU2mxUONQGpUFEPlAACLNtDPDtYlZ4XZ9RoOWyAydo%3D
[2017-11-14 10:00:18.590] [INFO] default - Status: 200
[2017-11-14 10:00:18.618] [INFO] default - 验签通过
[2017-11-14 10:01:11.894] [INFO] default - =====分账-分账退费======
[2017-11-14 10:01:11.899] [INFO] default - [UMF SDK] 商户请求数据必填字段校验通过
[2017-11-14 10:01:11.900] [INFO] default - 【UMF SDK】签名原始数据:plain=
[2017-11-14 10:01:11.901] [INFO] default - { charset: 'UTF-8',
  sign_type: 'RSA',
  res_format: 'HTML',
  version: '4.0',
  mer_id: '60038402',
  service: 'mer_refund',
  refund_no: '1711131944851388',
  order_id: '2017111410014464',
  mer_date: '20171113',
  org_amount: '2' }
[2017-11-14 10:01:11.921] [INFO] default - [UMF SDK] 商户请求校验规则正确
[2017-11-14 10:01:11.922] [INFO] default - [UMF SDK] 商户请求返回的map为:
[2017-11-14 10:01:11.923] [INFO] default - { charset: 'UTF-8',
  res_format: 'HTML',
  version: '4.0',
  mer_id: '60038402',
  service: 'mer_refund',
  refund_no: '1711131944851388',
  order_id: '2017111410014464',
  mer_date: '20171113',
  org_amount: '2',
  sign_type: 'RSA',
  sign: 'Q3Q5glrEmUParAsGG5QVx1UTqGaB5EvzuCeBXfzoVeoQuEOYUWeOCnRL1BShiewJG3ZVBNZYxdtdUVel3c9qk5adm9RUp4z7KqityfOIg6F12nZqAy+iI3WoiVoSr884epp6OMv+TGkE+mhFwZ8zHmQ9QO9ip3DzJkSgBvOuaWQ=' }
[2017-11-14 10:01:11.928] [INFO] default - 网络请求的参数为：
[2017-11-14 10:01:11.931] [INFO] default - charset=UTF-8&res_format=HTML&version=4.0&mer_id=60038402&service=mer_refund&refund_no=1711131944851388&order_id=2017111410014464&mer_date=20171113&org_amount=2&sign_type=RSA&sign=Q3Q5glrEmUParAsGG5QVx1UTqGaB5EvzuCeBXfzoVeoQuEOYUWeOCnRL1BShiewJG3ZVBNZYxdtdUVel3c9qk5adm9RUp4z7KqityfOIg6F12nZqAy%2BiI3WoiVoSr884epp6OMv%2BTGkE%2BmhFwZ8zHmQ9QO9ip3DzJkSgBvOuaWQ%3D
[2017-11-14 10:01:12.066] [INFO] default - Status: 200
[2017-11-14 10:01:12.115] [INFO] default - 验签通过
[2017-11-14 10:03:58.340] [INFO] default - =====分账-分账退费======
[2017-11-14 10:03:58.351] [INFO] default - [UMF SDK] 商户请求数据必填字段校验通过
[2017-11-14 10:03:58.355] [INFO] default - 【UMF SDK】签名原始数据:plain=
[2017-11-14 10:03:58.355] [INFO] default - { charset: 'UTF-8',
  sign_type: 'RSA',
  res_format: 'HTML',
  version: '4.0',
  mer_id: '60038402',
  service: 'mer_refund',
  refund_no: '1711141002387602',
  order_id: '201711131944',
  mer_date: '20171113',
  org_amount: '2' }
[2017-11-14 10:03:58.367] [INFO] default - [UMF SDK] 商户请求校验规则正确
[2017-11-14 10:03:58.367] [INFO] default - [UMF SDK] 商户请求返回的map为:
[2017-11-14 10:03:58.367] [INFO] default - { charset: 'UTF-8',
  res_format: 'HTML',
  version: '4.0',
  mer_id: '60038402',
  service: 'mer_refund',
  refund_no: '1711141002387602',
  order_id: '201711131944',
  mer_date: '20171113',
  org_amount: '2',
  sign_type: 'RSA',
  sign: 'CIEuCKZcWk87xnNouJI0hi1bSz02PEdpLJ6F3o5Y6U6tI1hK7h3swUlZxauTlJDKGDuPDDgcgeLFAnqSE8JvIO8DuhroYT+sfEaOfyACmvlf5SW7KkrnsTLHstkNN8o6Mzc5Q+NeYKLxvVDNNAPCzyQI84+mYk6ppJz4x0jxAns=' }
[2017-11-14 10:03:58.371] [INFO] default - 网络请求的参数为：
[2017-11-14 10:03:58.372] [INFO] default - charset=UTF-8&res_format=HTML&version=4.0&mer_id=60038402&service=mer_refund&refund_no=1711141002387602&order_id=201711131944&mer_date=20171113&org_amount=2&sign_type=RSA&sign=CIEuCKZcWk87xnNouJI0hi1bSz02PEdpLJ6F3o5Y6U6tI1hK7h3swUlZxauTlJDKGDuPDDgcgeLFAnqSE8JvIO8DuhroYT%2BsfEaOfyACmvlf5SW7KkrnsTLHstkNN8o6Mzc5Q%2BNeYKLxvVDNNAPCzyQI84%2BmYk6ppJz4x0jxAns%3D
[2017-11-14 10:04:00.897] [INFO] default - Status: 200
[2017-11-14 10:04:00.929] [INFO] default - 验签通过
[2017-11-14 10:04:34.980] [INFO] default - =====分账-分账退费======
[2017-11-14 10:04:34.984] [INFO] default - [UMF SDK] 商户请求数据必填字段校验通过
[2017-11-14 10:04:34.986] [INFO] default - 【UMF SDK】签名原始数据:plain=
[2017-11-14 10:04:34.987] [INFO] default - { charset: 'UTF-8',
  sign_type: 'RSA',
  res_format: 'HTML',
  version: '4.0',
  mer_id: '60038402',
  service: 'mer_refund',
  refund_no: '1711141002387993',
  order_id: '201711131944',
  mer_date: '20171113',
  org_amount: '2' }
[2017-11-14 10:04:34.998] [INFO] default - [UMF SDK] 商户请求校验规则正确
[2017-11-14 10:04:34.998] [INFO] default - [UMF SDK] 商户请求返回的map为:
[2017-11-14 10:04:34.999] [INFO] default - { charset: 'UTF-8',
  res_format: 'HTML',
  version: '4.0',
  mer_id: '60038402',
  service: 'mer_refund',
  refund_no: '1711141002387993',
  order_id: '201711131944',
  mer_date: '20171113',
  org_amount: '2',
  sign_type: 'RSA',
  sign: 'RJhRbrW4JuJiqpjsD0bmsElX3GIKRcykK75s+L72BDS9yzZFdkeDiZ+Xd41oB9aafUjroNVzzydQJms6LI4f9+bB4eJN94IINJPyVSypnaRkvyuJzm2GaI/eV2LTdUPATsRkBOkhuVgbNrgZBtr8gRmYsE3OO4bpQ/zUJBycHC4=' }
[2017-11-14 10:04:35.000] [INFO] default - 网络请求的参数为：
[2017-11-14 10:04:35.000] [INFO] default - charset=UTF-8&res_format=HTML&version=4.0&mer_id=60038402&service=mer_refund&refund_no=1711141002387993&order_id=201711131944&mer_date=20171113&org_amount=2&sign_type=RSA&sign=RJhRbrW4JuJiqpjsD0bmsElX3GIKRcykK75s%2BL72BDS9yzZFdkeDiZ%2BXd41oB9aafUjroNVzzydQJms6LI4f9%2BbB4eJN94IINJPyVSypnaRkvyuJzm2GaI%2FeV2LTdUPATsRkBOkhuVgbNrgZBtr8gRmYsE3OO4bpQ%2FzUJBycHC4%3D
[2017-11-14 10:04:37.097] [INFO] default - Status: 200
[2017-11-14 10:04:37.127] [INFO] default - 验签通过
[2017-11-14 10:05:34.594] [INFO] default - =====分账-分账退费======
[2017-11-14 10:05:34.605] [INFO] default - [UMF SDK] 商户请求数据必填字段校验通过
[2017-11-14 10:05:34.610] [INFO] default - 【UMF SDK】签名原始数据:plain=
[2017-11-14 10:05:34.610] [INFO] default - { charset: 'UTF-8',
  sign_type: 'RSA',
  res_format: 'HTML',
  version: '4.0',
  mer_id: '60038402',
  service: 'mer_refund',
  refund_no: '1711141002387964',
  order_id: '201711131944',
  mer_date: '20171113',
  org_amount: '2' }
[2017-11-14 10:05:34.629] [INFO] default - [UMF SDK] 商户请求校验规则正确
[2017-11-14 10:05:34.631] [INFO] default - [UMF SDK] 商户请求返回的map为:
[2017-11-14 10:05:34.631] [INFO] default - { charset: 'UTF-8',
  res_format: 'HTML',
  version: '4.0',
  mer_id: '60038402',
  service: 'mer_refund',
  refund_no: '1711141002387964',
  order_id: '201711131944',
  mer_date: '20171113',
  org_amount: '2',
  sign_type: 'RSA',
  sign: 'MPUNPeuxRqEEyPbWcb4t86SAdD2muLK7POL39v4GzeVJzhKOoSyRljUag3NwKWegBXckMjjrwTxt2LZjXIhP/urTINyukkMdT9LLzfxwgrzPiFDjpuD75seRYBRA43/XiWioh7sMQDyyX2/RGDG8rBNp9rKwb6iIbeJIHCZbUiE=' }
[2017-11-14 10:05:34.634] [INFO] default - 网络请求的参数为：
[2017-11-14 10:05:34.635] [INFO] default - charset=UTF-8&res_format=HTML&version=4.0&mer_id=60038402&service=mer_refund&refund_no=1711141002387964&order_id=201711131944&mer_date=20171113&org_amount=2&sign_type=RSA&sign=MPUNPeuxRqEEyPbWcb4t86SAdD2muLK7POL39v4GzeVJzhKOoSyRljUag3NwKWegBXckMjjrwTxt2LZjXIhP%2FurTINyukkMdT9LLzfxwgrzPiFDjpuD75seRYBRA43%2FXiWioh7sMQDyyX2%2FRGDG8rBNp9rKwb6iIbeJIHCZbUiE%3D
[2017-11-14 10:05:35.423] [INFO] default - Status: 200
[2017-11-14 10:05:35.454] [INFO] default - 验签通过
[2017-11-14 10:16:31.859] [INFO] default - =====分账-分账退费======
[2017-11-14 10:16:31.866] [INFO] default - [UMF SDK] 商户请求数据必填字段校验通过
[2017-11-14 10:16:31.867] [INFO] default - 【UMF SDK】签名原始数据:plain=
[2017-11-14 10:16:31.867] [INFO] default - { charset: 'UTF-8',
  sign_type: 'RSA',
  res_format: 'HTML',
  version: '4.0',
  mer_id: '60038402',
  service: 'mer_refund',
  refund_no: '1711141002382668',
  order_id: '201711131944',
  mer_date: '20171113',
  org_amount: '2' }
[2017-11-14 10:16:31.875] [INFO] default - [UMF SDK] 商户请求校验规则正确
[2017-11-14 10:16:31.875] [INFO] default - [UMF SDK] 商户请求返回的map为:
[2017-11-14 10:16:31.876] [INFO] default - { charset: 'UTF-8',
  res_format: 'HTML',
  version: '4.0',
  mer_id: '60038402',
  service: 'mer_refund',
  refund_no: '1711141002382668',
  order_id: '201711131944',
  mer_date: '20171113',
  org_amount: '2',
  sign_type: 'RSA',
  sign: 'dzjEXfMPmCzniVOx5yzPLq6OZCBK0xL45/SQK6P1EVGKRS47g7nqjLBu27/kZTQ1+icIsRbtzDbJ8EajWy1jNtmzBc6/6jtekuLTqpsoWW1/KUzwTQfumrFvviS0qS7DpiUJ2fjPNkCpTvTush5OCaAfJ44yoRQ+/+b7k/zxdWA=' }
[2017-11-14 10:16:31.877] [INFO] default - 网络请求的参数为：
[2017-11-14 10:16:31.878] [INFO] default - charset=UTF-8&res_format=HTML&version=4.0&mer_id=60038402&service=mer_refund&refund_no=1711141002382668&order_id=201711131944&mer_date=20171113&org_amount=2&sign_type=RSA&sign=dzjEXfMPmCzniVOx5yzPLq6OZCBK0xL45%2FSQK6P1EVGKRS47g7nqjLBu27%2FkZTQ1%2BicIsRbtzDbJ8EajWy1jNtmzBc6%2F6jtekuLTqpsoWW1%2FKUzwTQfumrFvviS0qS7DpiUJ2fjPNkCpTvTush5OCaAfJ44yoRQ%2B%2F%2Bb7k%2FzxdWA%3D
[2017-11-14 10:16:32.616] [INFO] default - Status: 200
[2017-11-14 10:16:32.645] [INFO] default - 验签通过
