[2017-11-10 19:55:27.057] [INFO] default - [UMF SDK]商户请求的服务字段不做字段校验！
[2017-11-10 19:55:27.061] [INFO] default - [UMF SDK] 商户请求数据必填字段校验通过
[2017-11-10 19:55:27.062] [INFO] default - 【UMF SDK】签名原始数据:plain=
[2017-11-10 19:55:27.062] [INFO] default - { charset: 'UTF-8',
  sign_type: 'RSA',
  res_format: 'HTML',
  version: '4.0',
  mer_id: '60000100',
  service: 'publicnumber_and_verticalcode',
  amt_type: 'RMB',
  notify_url: 'http://xxx.xxx.com',
  order_id: '201711101955',
  mer_date: '20171110',
  amount: '1',
  is_public_number: 'Y',
  goods_inf: '商品描述' }
[2017-11-10 19:55:27.069] [INFO] default - [UMF SDK] 商户请求校验规则正确
[2017-11-10 19:55:27.069] [INFO] default - [UMF SDK] 商户请求返回的map为:
[2017-11-10 19:55:27.069] [INFO] default - { charset: 'UTF-8',
  res_format: 'HTML',
  version: '4.0',
  mer_id: '60000100',
  service: 'publicnumber_and_verticalcode',
  amt_type: 'RMB',
  notify_url: 'http://xxx.xxx.com',
  order_id: '201711101955',
  mer_date: '20171110',
  amount: '1',
  is_public_number: 'Y',
  goods_inf: '商品描述',
  sign_type: 'RSA',
  sign: 'tIfft+XVZMUrFrxI9iH8C3v/OfuiapfN0PdNEzP5mG99dPJZ5ky3ympzIf8ESSbgCkqmOHcg1XsljyeZNFq9ScM6KNWwI1w6vXTaO7wIh2AdbJEkM++gxQ4yz1TTR+JuElLYpK6r92+lDdCj8p+ENWYIIsfuivA4fd1MnYJhS8Y=' }
[2017-11-10 19:55:27.071] [INFO] default - 获得的URL为：http://pay.soopay.net/spay/pay/payservice.do?charset=UTF-8&res_format=HTML&version=4.0&mer_id=60000100&service=publicnumber_and_verticalcode&amt_type=RMB&notify_url=http%3A%2F%2Fxxx.xxx.com&order_id=201711101955&mer_date=20171110&amount=1&is_public_number=Y&goods_inf=%E5%95%86%E5%93%81%E6%8F%8F%E8%BF%B0&sign_type=RSA&sign=tIfft%2BXVZMUrFrxI9iH8C3v%2FOfuiapfN0PdNEzP5mG99dPJZ5ky3ympzIf8ESSbgCkqmOHcg1XsljyeZNFq9ScM6KNWwI1w6vXTaO7wIh2AdbJEkM%2B%2BgxQ4yz1TTR%2BJuElLYpK6r92%2BlDdCj8p%2BENWYIIsfuivA4fd1MnYJhS8Y%3D
